<?xml version="1.0" encoding="UTF-8"?>
<testsuite xmlns:xsi="http://www.w3.org/2001/XMLSchema-instance" xsi:noNamespaceSchemaLocation="https://maven.apache.org/surefire/maven-surefire-plugin/xsd/surefire-test-report.xsd" name="io.quarkus.workshop.superheroes.villain.VillainResourceTest" time="46.952" tests="13" errors="1" skipped="12" failures="0">
  <properties>
    <property name="sun.desktop" value="gnome"/>
    <property name="awt.toolkit" value="sun.awt.X11.XToolkit"/>
    <property name="java.specification.version" value="11"/>
    <property name="sun.cpu.isalist" value=""/>
    <property name="sun.jnu.encoding" value="UTF-8"/>
    <property name="java.class.path" value="/home/kolusask/Projects/Quarkus/quarkus-super-heroes-workshop/super-heroes/rest-villain/target/test-classes:/home/kolusask/Projects/Quarkus/quarkus-super-heroes-workshop/super-heroes/rest-villain/target/classes:/home/kolusask/.m2/repository/io/quarkus/quarkus-resteasy/1.12.0.Final/quarkus-resteasy-1.12.0.Final.jar:/home/kolusask/.m2/repository/io/quarkus/quarkus-vertx-http/1.12.0.Final/quarkus-vertx-http-1.12.0.Final.jar:/home/kolusask/.m2/repository/io/quarkus/quarkus-security-runtime-spi/1.12.0.Final/quarkus-security-runtime-spi-1.12.0.Final.jar:/home/kolusask/.m2/repository/io/quarkus/quarkus-vertx-http-dev-console-runtime-spi/1.12.0.Final/quarkus-vertx-http-dev-console-runtime-spi-1.12.0.Final.jar:/home/kolusask/.m2/repository/io/quarkus/security/quarkus-security/1.1.3.Final/quarkus-security-1.1.3.Final.jar:/home/kolusask/.m2/repository/io/smallrye/reactive/mutiny/0.13.0/mutiny-0.13.0.jar:/home/kolusask/.m2/repository/org/reactivestreams/reactive-streams/1.0.3/reactive-streams-1.0.3.jar:/home/kolusask/.m2/repository/io/quarkus/quarkus-vertx-core/1.12.0.Final/quarkus-vertx-core-1.12.0.Final.jar:/home/kolusask/.m2/repository/io/quarkus/quarkus-netty/1.12.0.Final/quarkus-netty-1.12.0.Final.jar:/home/kolusask/.m2/repository/io/netty/netty-codec/4.1.49.Final/netty-codec-4.1.49.Final.jar:/home/kolusask/.m2/repository/io/netty/netty-handler/4.1.49.Final/netty-handler-4.1.49.Final.jar:/home/kolusask/.m2/repository/io/vertx/vertx-core/3.9.5/vertx-core-3.9.5.jar:/home/kolusask/.m2/repository/io/netty/netty-common/4.1.49.Final/netty-common-4.1.49.Final.jar:/home/kolusask/.m2/repository/io/netty/netty-buffer/4.1.49.Final/netty-buffer-4.1.49.Final.jar:/home/kolusask/.m2/repository/io/netty/netty-transport/4.1.49.Final/netty-transport-4.1.49.Final.jar:/home/kolusask/.m2/repository/io/netty/netty-handler-proxy/4.1.49.Final/netty-handler-proxy-4.1.49.Final.jar:/home/kolusask/.m2/repository/io/netty/netty-codec-socks/4.1.49.Final/netty-codec-socks-4.1.49.Final.jar:/home/kolusask/.m2/repository/io/netty/netty-codec-http/4.1.49.Final/netty-codec-http-4.1.49.Final.jar:/home/kolusask/.m2/repository/io/netty/netty-codec-http2/4.1.49.Final/netty-codec-http2-4.1.49.Final.jar:/home/kolusask/.m2/repository/io/netty/netty-resolver/4.1.49.Final/netty-resolver-4.1.49.Final.jar:/home/kolusask/.m2/repository/io/netty/netty-resolver-dns/4.1.49.Final/netty-resolver-dns-4.1.49.Final.jar:/home/kolusask/.m2/repository/io/netty/netty-codec-dns/4.1.49.Final/netty-codec-dns-4.1.49.Final.jar:/home/kolusask/.m2/repository/io/vertx/vertx-web/3.9.5/vertx-web-3.9.5.jar:/home/kolusask/.m2/repository/io/vertx/vertx-web-common/3.9.5/vertx-web-common-3.9.5.jar:/home/kolusask/.m2/repository/io/vertx/vertx-auth-common/3.9.5/vertx-auth-common-3.9.5.jar:/home/kolusask/.m2/repository/io/vertx/vertx-bridge-common/3.9.5/vertx-bridge-common-3.9.5.jar:/home/kolusask/.m2/repository/io/quarkus/quarkus-resteasy-server-common/1.12.0.Final/quarkus-resteasy-server-common-1.12.0.Final.jar:/home/kolusask/.m2/repository/io/quarkus/quarkus-resteasy-common/1.12.0.Final/quarkus-resteasy-common-1.12.0.Final.jar:/home/kolusask/.m2/repository/org/jboss/resteasy/resteasy-core/4.5.9.Final/resteasy-core-4.5.9.Final.jar:/home/kolusask/.m2/repository/org/jboss/spec/javax/ws/rs/jboss-jaxrs-api_2.1_spec/2.0.1.Final/jboss-jaxrs-api_2.1_spec-2.0.1.Final.jar:/home/kolusask/.m2/repository/org/jboss/resteasy/resteasy-core-spi/4.5.9.Final/resteasy-core-spi-4.5.9.Final.jar:/home/kolusask/.m2/repository/com/ibm/async/asyncutil/0.1.0/asyncutil-0.1.0.jar:/home/kolusask/.m2/repository/com/sun/activation/jakarta.activation/1.2.1/jakarta.activation-1.2.1.jar:/home/kolusask/.m2/repository/jakarta/validation/jakarta.validation-api/2.0.2/jakarta.validation-api-2.0.2.jar:/home/kolusask/.m2/repository/io/quarkus/quarkus-resteasy-jsonb/1.12.0.Final/quarkus-resteasy-jsonb-1.12.0.Final.jar:/home/kolusask/.m2/repository/io/quarkus/quarkus-jsonb/1.12.0.Final/quarkus-jsonb-1.12.0.Final.jar:/home/kolusask/.m2/repository/org/eclipse/yasson/1.0.8/yasson-1.0.8.jar:/home/kolusask/.m2/repository/org/jboss/resteasy/resteasy-json-binding-provider/4.5.9.Final/resteasy-json-binding-provider-4.5.9.Final.jar:/home/kolusask/.m2/repository/org/glassfish/jakarta.json/1.1.6/jakarta.json-1.1.6.jar:/home/kolusask/.m2/repository/jakarta/json/bind/jakarta.json.bind-api/1.0.2/jakarta.json.bind-api-1.0.2.jar:/home/kolusask/.m2/repository/org/jboss/logging/jboss-logging/3.4.1.Final/jboss-logging-3.4.1.Final.jar:/home/kolusask/.m2/repository/org/jboss/resteasy/resteasy-json-p-provider/4.5.9.Final/resteasy-json-p-provider-4.5.9.Final.jar:/home/kolusask/.m2/repository/commons-io/commons-io/2.8.0/commons-io-2.8.0.jar:/home/kolusask/.m2/repository/io/quarkus/quarkus-hibernate-orm-panache/1.12.0.Final/quarkus-hibernate-orm-panache-1.12.0.Final.jar:/home/kolusask/.m2/repository/io/quarkus/quarkus-hibernate-orm/1.12.0.Final/quarkus-hibernate-orm-1.12.0.Final.jar:/home/kolusask/.m2/repository/io/quarkus/quarkus-agroal/1.12.0.Final/quarkus-agroal-1.12.0.Final.jar:/home/kolusask/.m2/repository/io/quarkus/quarkus-datasource/1.12.0.Final/quarkus-datasource-1.12.0.Final.jar:/home/kolusask/.m2/repository/io/quarkus/quarkus-datasource-common/1.12.0.Final/quarkus-datasource-common-1.12.0.Final.jar:/home/kolusask/.m2/repository/org/jboss/narayana/jta/narayana-jta/5.10.6.Final/narayana-jta-5.10.6.Final.jar:/home/kolusask/.m2/repository/org/jboss/jboss-transaction-spi/7.6.0.Final/jboss-transaction-spi-7.6.0.Final.jar:/home/kolusask/.m2/repository/org/jboss/spec/javax/resource/jboss-connector-api_1.7_spec/1.0.0.Final/jboss-connector-api_1.7_spec-1.0.0.Final.jar:/home/kolusask/.m2/repository/org/jboss/narayana/jts/narayana-jts-integration/5.10.6.Final/narayana-jts-integration-5.10.6.Final.jar:/home/kolusask/.m2/repository/io/agroal/agroal-api/1.9/agroal-api-1.9.jar:/home/kolusask/.m2/repository/io/agroal/agroal-narayana/1.9/agroal-narayana-1.9.jar:/home/kolusask/.m2/repository/io/agroal/agroal-pool/1.9/agroal-pool-1.9.jar:/home/kolusask/.m2/repository/io/quarkus/quarkus-credentials/1.12.0.Final/quarkus-credentials-1.12.0.Final.jar:/home/kolusask/.m2/repository/io/quarkus/quarkus-narayana-jta/1.12.0.Final/quarkus-narayana-jta-1.12.0.Final.jar:/home/kolusask/.m2/repository/io/quarkus/quarkus-mutiny/1.12.0.Final/quarkus-mutiny-1.12.0.Final.jar:/home/kolusask/.m2/repository/io/quarkus/quarkus-smallrye-context-propagation/1.12.0.Final/quarkus-smallrye-context-propagation-1.12.0.Final.jar:/home/kolusask/.m2/repository/io/smallrye/smallrye-context-propagation/1.1.0/smallrye-context-propagation-1.1.0.jar:/home/kolusask/.m2/repository/io/smallrye/smallrye-context-propagation-api/1.1.0/smallrye-context-propagation-api-1.1.0.jar:/home/kolusask/.m2/repository/io/smallrye/smallrye-context-propagation-storage/1.1.0/smallrye-context-propagation-storage-1.1.0.jar:/home/kolusask/.m2/repository/io/smallrye/reactive/mutiny-context-propagation/0.13.0/mutiny-context-propagation-0.13.0.jar:/home/kolusask/.m2/repository/io/smallrye/smallrye-context-propagation-jta/1.1.0/smallrye-context-propagation-jta-1.1.0.jar:/home/kolusask/.m2/repository/io/smallrye/reactive/smallrye-reactive-converter-api/1.4.0/smallrye-reactive-converter-api-1.4.0.jar:/home/kolusask/.m2/repository/io/smallrye/reactive/smallrye-reactive-converter-mutiny/1.4.0/smallrye-reactive-converter-mutiny-1.4.0.jar:/home/kolusask/.m2/repository/org/hibernate/hibernate-core/5.4.28.Final/hibernate-core-5.4.28.Final.jar:/home/kolusask/.m2/repository/net/bytebuddy/byte-buddy/1.10.17/byte-buddy-1.10.17.jar:/home/kolusask/.m2/repository/antlr/antlr/2.7.7/antlr-2.7.7.jar:/home/kolusask/.m2/repository/org/dom4j/dom4j/2.1.3/dom4j-2.1.3.jar:/home/kolusask/.m2/repository/org/hibernate/common/hibernate-commons-annotations/5.1.2.Final/hibernate-commons-annotations-5.1.2.Final.jar:/home/kolusask/.m2/repository/org/hibernate/hibernate-graalvm/5.4.28.Final/hibernate-graalvm-5.4.28.Final.jar:/home/kolusask/.m2/repository/org/glassfish/jaxb/jaxb-runtime/2.3.3-b02/jaxb-runtime-2.3.3-b02.jar:/home/kolusask/.m2/repository/org/glassfish/jaxb/txw2/2.3.3-b02/txw2-2.3.3-b02.jar:/home/kolusask/.m2/repository/com/sun/istack/istack-commons-runtime/3.0.10/istack-commons-runtime-3.0.10.jar:/home/kolusask/.m2/repository/org/jboss/spec/javax/xml/bind/jboss-jaxb-api_2.3_spec/2.0.0.Final/jboss-jaxb-api_2.3_spec-2.0.0.Final.jar:/home/kolusask/.m2/repository/jakarta/persistence/jakarta.persistence-api/2.2.3/jakarta.persistence-api-2.2.3.jar:/home/kolusask/.m2/repository/jakarta/transaction/jakarta.transaction-api/1.3.3/jakarta.transaction-api-1.3.3.jar:/home/kolusask/.m2/repository/org/hibernate/quarkus-local-cache/0.1.0/quarkus-local-cache-0.1.0.jar:/home/kolusask/.m2/repository/com/github/ben-manes/caffeine/caffeine/2.8.8/caffeine-2.8.8.jar:/home/kolusask/.m2/repository/com/google/errorprone/error_prone_annotations/2.2.0/error_prone_annotations-2.2.0.jar:/home/kolusask/.m2/repository/io/quarkus/quarkus-caffeine/1.12.0.Final/quarkus-caffeine-1.12.0.Final.jar:/home/kolusask/.m2/repository/io/quarkus/quarkus-hibernate-orm-panache-common/1.12.0.Final/quarkus-hibernate-orm-panache-common-1.12.0.Final.jar:/home/kolusask/.m2/repository/io/quarkus/quarkus-panache-hibernate-common/1.12.0.Final/quarkus-panache-hibernate-common-1.12.0.Final.jar:/home/kolusask/.m2/repository/io/quarkus/quarkus-arc/1.12.0.Final/quarkus-arc-1.12.0.Final.jar:/home/kolusask/.m2/repository/io/quarkus/arc/arc/1.12.0.Final/arc-1.12.0.Final.jar:/home/kolusask/.m2/repository/org/eclipse/microprofile/context-propagation/microprofile-context-propagation-api/1.0.1/microprofile-context-propagation-api-1.0.1.jar:/home/kolusask/.m2/repository/io/quarkus/quarkus-panache-common/1.12.0.Final/quarkus-panache-common-1.12.0.Final.jar:/home/kolusask/.m2/repository/io/quarkus/quarkus-jdbc-postgresql/1.12.0.Final/quarkus-jdbc-postgresql-1.12.0.Final.jar:/home/kolusask/.m2/repository/org/postgresql/postgresql/42.2.18/postgresql-42.2.18.jar:/home/kolusask/.m2/repository/io/quarkus/quarkus-hibernate-validator/1.12.0.Final/quarkus-hibernate-validator-1.12.0.Final.jar:/home/kolusask/.m2/repository/io/quarkus/quarkus-core/1.12.0.Final/quarkus-core-1.12.0.Final.jar:/home/kolusask/.m2/repository/jakarta/annotation/jakarta.annotation-api/1.3.5/jakarta.annotation-api-1.3.5.jar:/home/kolusask/.m2/repository/jakarta/enterprise/jakarta.enterprise.cdi-api/2.0.2/jakarta.enterprise.cdi-api-2.0.2.jar:/home/kolusask/.m2/repository/jakarta/el/jakarta.el-api/3.0.3/jakarta.el-api-3.0.3.jar:/home/kolusask/.m2/repository/jakarta/interceptor/jakarta.interceptor-api/1.2.5/jakarta.interceptor-api-1.2.5.jar:/home/kolusask/.m2/repository/jakarta/inject/jakarta.inject-api/1.0/jakarta.inject-api-1.0.jar:/home/kolusask/.m2/repository/io/quarkus/quarkus-ide-launcher/1.12.0.Final/quarkus-ide-launcher-1.12.0.Final.jar:/home/kolusask/.m2/repository/io/quarkus/quarkus-development-mode-spi/1.12.0.Final/quarkus-development-mode-spi-1.12.0.Final.jar:/home/kolusask/.m2/repository/io/smallrye/config/smallrye-config/1.10.2/smallrye-config-1.10.2.jar:/home/kolusask/.m2/repository/io/smallrye/common/smallrye-common-annotation/1.5.0/smallrye-common-annotation-1.5.0.jar:/home/kolusask/.m2/repository/io/smallrye/config/smallrye-config-common/1.10.2/smallrye-config-common-1.10.2.jar:/home/kolusask/.m2/repository/io/smallrye/common/smallrye-common-expression/1.5.0/smallrye-common-expression-1.5.0.jar:/home/kolusask/.m2/repository/io/smallrye/common/smallrye-common-function/1.5.0/smallrye-common-function-1.5.0.jar:/home/kolusask/.m2/repository/io/smallrye/common/smallrye-common-constraint/1.5.0/smallrye-common-constraint-1.5.0.jar:/home/kolusask/.m2/repository/io/smallrye/common/smallrye-common-classloader/1.5.0/smallrye-common-classloader-1.5.0.jar:/home/kolusask/.m2/repository/org/jboss/logmanager/jboss-logmanager-embedded/1.0.6/jboss-logmanager-embedded-1.0.6.jar:/home/kolusask/.m2/repository/org/jboss/logging/jboss-logging-annotations/2.2.0.Final/jboss-logging-annotations-2.2.0.Final.jar:/home/kolusask/.m2/repository/org/jboss/threads/jboss-threads/3.2.0.Final/jboss-threads-3.2.0.Final.jar:/home/kolusask/.m2/repository/org/slf4j/slf4j-api/1.7.30/slf4j-api-1.7.30.jar:/home/kolusask/.m2/repository/org/jboss/slf4j/slf4j-jboss-logmanager/1.1.0.Final/slf4j-jboss-logmanager-1.1.0.Final.jar:/home/kolusask/.m2/repository/org/graalvm/sdk/graal-sdk/21.0.0/graal-sdk-21.0.0.jar:/home/kolusask/.m2/repository/org/wildfly/common/wildfly-common/1.5.4.Final-format-001/wildfly-common-1.5.4.Final-format-001.jar:/home/kolusask/.m2/repository/io/quarkus/quarkus-bootstrap-runner/1.12.0.Final/quarkus-bootstrap-runner-1.12.0.Final.jar:/home/kolusask/.m2/repository/org/hibernate/validator/hibernate-validator/6.2.0.Final/hibernate-validator-6.2.0.Final.jar:/home/kolusask/.m2/repository/com/fasterxml/classmate/1.3.4/classmate-1.3.4.jar:/home/kolusask/.m2/repository/org/glassfish/jakarta.el/3.0.3/jakarta.el-3.0.3.jar:/home/kolusask/.m2/repository/io/quarkus/quarkus-smallrye-openapi/1.12.0.Final/quarkus-smallrye-openapi-1.12.0.Final.jar:/home/kolusask/.m2/repository/io/smallrye/smallrye-open-api-core/2.0.22/smallrye-open-api-core-2.0.22.jar:/home/kolusask/.m2/repository/org/eclipse/microprofile/openapi/microprofile-openapi-api/1.1.2/microprofile-openapi-api-1.1.2.jar:/home/kolusask/.m2/repository/org/eclipse/microprofile/config/microprofile-config-api/1.4/microprofile-config-api-1.4.jar:/home/kolusask/.m2/repository/com/fasterxml/jackson/dataformat/jackson-dataformat-yaml/2.12.1/jackson-dataformat-yaml-2.12.1.jar:/home/kolusask/.m2/repository/org/yaml/snakeyaml/1.27/snakeyaml-1.27.jar:/home/kolusask/.m2/repository/org/jboss/jandex/2.2.3.Final/jandex-2.2.3.Final.jar:/home/kolusask/.m2/repository/io/quarkus/quarkus-swagger-ui/1.12.0.Final/quarkus-swagger-ui-1.12.0.Final.jar:/home/kolusask/.m2/repository/io/quarkus/quarkus-smallrye-health/1.12.0.Final/quarkus-smallrye-health-1.12.0.Final.jar:/home/kolusask/.m2/repository/io/smallrye/smallrye-health/2.2.5/smallrye-health-2.2.5.jar:/home/kolusask/.m2/repository/org/eclipse/microprofile/health/microprofile-health-api/2.2/microprofile-health-api-2.2.jar:/home/kolusask/.m2/repository/io/smallrye/smallrye-health-api/2.2.5/smallrye-health-api-2.2.5.jar:/home/kolusask/.m2/repository/io/smallrye/smallrye-health-provided-checks/2.2.5/smallrye-health-provided-checks-2.2.5.jar:/home/kolusask/.m2/repository/io/quarkus/quarkus-jsonp/1.12.0.Final/quarkus-jsonp-1.12.0.Final.jar:/home/kolusask/.m2/repository/io/quarkus/quarkus-smallrye-metrics/1.12.0.Final/quarkus-smallrye-metrics-1.12.0.Final.jar:/home/kolusask/.m2/repository/io/smallrye/smallrye-metrics/2.4.5/smallrye-metrics-2.4.5.jar:/home/kolusask/.m2/repository/io/smallrye/smallrye-metrics-api/2.4.5/smallrye-metrics-api-2.4.5.jar:/home/kolusask/.m2/repository/org/eclipse/microprofile/metrics/microprofile-metrics-api/2.3/microprofile-metrics-api-2.3.jar:/home/kolusask/.m2/repository/io/quarkus/quarkus-junit5/1.12.0.Final/quarkus-junit5-1.12.0.Final.jar:/home/kolusask/.m2/repository/io/quarkus/quarkus-bootstrap-core/1.12.0.Final/quarkus-bootstrap-core-1.12.0.Final.jar:/home/kolusask/.m2/repository/io/quarkus/quarkus-bootstrap-app-model/1.12.0.Final/quarkus-bootstrap-app-model-1.12.0.Final.jar:/home/kolusask/.m2/repository/io/quarkus/quarkus-bootstrap-maven-resolver/1.12.0.Final/quarkus-bootstrap-maven-resolver-1.12.0.Final.jar:/home/kolusask/.m2/repository/org/apache/maven/maven-embedder/3.6.3/maven-embedder-3.6.3.jar:/home/kolusask/.m2/repository/org/apache/maven/maven-settings/3.6.3/maven-settings-3.6.3.jar:/home/kolusask/.m2/repository/org/apache/maven/maven-core/3.6.3/maven-core-3.6.3.jar:/home/kolusask/.m2/repository/org/apache/maven/maven-artifact/3.6.3/maven-artifact-3.6.3.jar:/home/kolusask/.m2/repository/org/codehaus/plexus/plexus-component-annotations/2.1.0/plexus-component-annotations-2.1.0.jar:/home/kolusask/.m2/repository/org/apache/maven/maven-plugin-api/3.6.3/maven-plugin-api-3.6.3.jar:/home/kolusask/.m2/repository/org/apache/maven/maven-model/3.6.3/maven-model-3.6.3.jar:/home/kolusask/.m2/repository/org/apache/maven/maven-model-builder/3.6.3/maven-model-builder-3.6.3.jar:/home/kolusask/.m2/repository/org/apache/maven/maven-builder-support/3.6.3/maven-builder-support-3.6.3.jar:/home/kolusask/.m2/repository/org/apache/maven/resolver/maven-resolver-api/1.4.1/maven-resolver-api-1.4.1.jar:/home/kolusask/.m2/repository/org/apache/maven/resolver/maven-resolver-util/1.4.1/maven-resolver-util-1.4.1.jar:/home/kolusask/.m2/repository/org/apache/maven/shared/maven-shared-utils/3.2.1/maven-shared-utils-3.2.1.jar:/home/kolusask/.m2/repository/com/google/inject/guice/4.2.1/guice-4.2.1-no_aop.jar:/home/kolusask/.m2/repository/com/google/guava/guava/30.1-jre/guava-30.1-jre.jar:/home/kolusask/.m2/repository/com/google/guava/failureaccess/1.0.1/failureaccess-1.0.1.jar:/home/kolusask/.m2/repository/com/google/guava/listenablefuture/9999.0-empty-to-avoid-conflict-with-guava/listenablefuture-9999.0-empty-to-avoid-conflict-with-guava.jar:/home/kolusask/.m2/repository/org/codehaus/plexus/plexus-utils/3.2.1/plexus-utils-3.2.1.jar:/home/kolusask/.m2/repository/org/codehaus/plexus/plexus-classworlds/2.6.0/plexus-classworlds-2.6.0.jar:/home/kolusask/.m2/repository/commons-cli/commons-cli/1.4/commons-cli-1.4.jar:/home/kolusask/.m2/repository/org/eclipse/sisu/org.eclipse.sisu.plexus/0.3.4/org.eclipse.sisu.plexus-0.3.4.jar:/home/kolusask/.m2/repository/org/apache/maven/maven-settings-builder/3.6.3/maven-settings-builder-3.6.3.jar:/home/kolusask/.m2/repository/org/codehaus/plexus/plexus-interpolation/1.25/plexus-interpolation-1.25.jar:/home/kolusask/.m2/repository/org/sonatype/plexus/plexus-sec-dispatcher/1.4/plexus-sec-dispatcher-1.4.jar:/home/kolusask/.m2/repository/org/sonatype/plexus/plexus-cipher/1.4/plexus-cipher-1.4.jar:/home/kolusask/.m2/repository/org/apache/maven/maven-resolver-provider/3.6.3/maven-resolver-provider-3.6.3.jar:/home/kolusask/.m2/repository/org/apache/maven/maven-repository-metadata/3.6.3/maven-repository-metadata-3.6.3.jar:/home/kolusask/.m2/repository/org/apache/maven/resolver/maven-resolver-spi/1.4.1/maven-resolver-spi-1.4.1.jar:/home/kolusask/.m2/repository/org/apache/maven/resolver/maven-resolver-impl/1.4.1/maven-resolver-impl-1.4.1.jar:/home/kolusask/.m2/repository/org/apache/maven/resolver/maven-resolver-connector-basic/1.4.1/maven-resolver-connector-basic-1.4.1.jar:/home/kolusask/.m2/repository/org/apache/maven/resolver/maven-resolver-transport-wagon/1.4.1/maven-resolver-transport-wagon-1.4.1.jar:/home/kolusask/.m2/repository/org/apache/maven/wagon/wagon-http/3.3.4/wagon-http-3.3.4.jar:/home/kolusask/.m2/repository/org/apache/maven/wagon/wagon-http-shared/3.3.4/wagon-http-shared-3.3.4.jar:/home/kolusask/.m2/repository/org/jsoup/jsoup/1.12.1/jsoup-1.12.1.jar:/home/kolusask/.m2/repository/org/apache/maven/wagon/wagon-provider-api/3.3.4/wagon-provider-api-3.3.4.jar:/home/kolusask/.m2/repository/org/apache/maven/wagon/wagon-file/3.3.4/wagon-file-3.3.4.jar:/home/kolusask/.m2/repository/io/quarkus/quarkus-bootstrap-gradle-resolver/1.12.0.Final/quarkus-bootstrap-gradle-resolver-1.12.0.Final.jar:/home/kolusask/.m2/repository/io/smallrye/common/smallrye-common-io/1.5.0/smallrye-common-io-1.5.0.jar:/home/kolusask/.m2/repository/org/eclipse/sisu/org.eclipse.sisu.inject/0.3.4/org.eclipse.sisu.inject-0.3.4.jar:/home/kolusask/.m2/repository/io/quarkus/quarkus-test-common/1.12.0.Final/quarkus-test-common-1.12.0.Final.jar:/home/kolusask/.m2/repository/io/quarkus/quarkus-core-deployment/1.12.0.Final/quarkus-core-deployment-1.12.0.Final.jar:/home/kolusask/.m2/repository/io/quarkus/gizmo/gizmo/1.0.6.Final/gizmo-1.0.6.Final.jar:/home/kolusask/.m2/repository/org/ow2/asm/asm-util/9.0/asm-util-9.0.jar:/home/kolusask/.m2/repository/org/ow2/asm/asm-tree/9.0/asm-tree-9.0.jar:/home/kolusask/.m2/repository/org/ow2/asm/asm-analysis/9.0/asm-analysis-9.0.jar:/home/kolusask/.m2/repository/org/ow2/asm/asm/9.0/asm-9.0.jar:/home/kolusask/.m2/repository/io/quarkus/quarkus-class-change-agent/1.12.0.Final/quarkus-class-change-agent-1.12.0.Final.jar:/home/kolusask/.m2/repository/io/quarkus/quarkus-devtools-utilities/1.12.0.Final/quarkus-devtools-utilities-1.12.0.Final.jar:/home/kolusask/.m2/repository/io/quarkus/quarkus-builder/1.12.0.Final/quarkus-builder-1.12.0.Final.jar:/home/kolusask/.m2/repository/io/quarkus/quarkus-jsonp-deployment/1.12.0.Final/quarkus-jsonp-deployment-1.12.0.Final.jar:/home/kolusask/.m2/repository/org/jboss/logging/commons-logging-jboss-logging/1.0.0.Final/commons-logging-jboss-logging-1.0.0.Final.jar:/home/kolusask/.m2/repository/org/junit/jupiter/junit-jupiter/5.7.1/junit-jupiter-5.7.1.jar:/home/kolusask/.m2/repository/org/junit/jupiter/junit-jupiter-params/5.7.1/junit-jupiter-params-5.7.1.jar:/home/kolusask/.m2/repository/org/junit/jupiter/junit-jupiter-engine/5.7.1/junit-jupiter-engine-5.7.1.jar:/home/kolusask/.m2/repository/org/junit/platform/junit-platform-engine/1.7.1/junit-platform-engine-1.7.1.jar:/home/kolusask/.m2/repository/com/thoughtworks/xstream/xstream/1.4.15/xstream-1.4.15.jar:/home/kolusask/.m2/repository/xmlpull/xmlpull/1.1.3.1/xmlpull-1.1.3.1.jar:/home/kolusask/.m2/repository/xpp3/xpp3_min/1.1.4c/xpp3_min-1.1.4c.jar:/home/kolusask/.m2/repository/io/rest-assured/rest-assured/4.3.3/rest-assured-4.3.3.jar:/home/kolusask/.m2/repository/org/codehaus/groovy/groovy/3.0.7/groovy-3.0.7.jar:/home/kolusask/.m2/repository/org/codehaus/groovy/groovy-xml/3.0.7/groovy-xml-3.0.7.jar:/home/kolusask/.m2/repository/org/apache/httpcomponents/httpclient/4.5.13/httpclient-4.5.13.jar:/home/kolusask/.m2/repository/org/apache/httpcomponents/httpcore/4.4.14/httpcore-4.4.14.jar:/home/kolusask/.m2/repository/commons-codec/commons-codec/1.14/commons-codec-1.14.jar:/home/kolusask/.m2/repository/org/apache/httpcomponents/httpmime/4.5.13/httpmime-4.5.13.jar:/home/kolusask/.m2/repository/org/hamcrest/hamcrest/2.1/hamcrest-2.1.jar:/home/kolusask/.m2/repository/org/ccil/cowan/tagsoup/tagsoup/1.2.1/tagsoup-1.2.1.jar:/home/kolusask/.m2/repository/io/rest-assured/json-path/4.3.3/json-path-4.3.3.jar:/home/kolusask/.m2/repository/org/codehaus/groovy/groovy-json/3.0.7/groovy-json-3.0.7.jar:/home/kolusask/.m2/repository/io/rest-assured/rest-assured-common/4.3.3/rest-assured-common-4.3.3.jar:/home/kolusask/.m2/repository/io/rest-assured/xml-path/4.3.3/xml-path-4.3.3.jar:/home/kolusask/.m2/repository/org/apache/commons/commons-lang3/3.11/commons-lang3-3.11.jar:/home/kolusask/.m2/repository/jakarta/xml/bind/jakarta.xml.bind-api/2.3.3/jakarta.xml.bind-api-2.3.3.jar:/home/kolusask/.m2/repository/jakarta/activation/jakarta.activation-api/1.2.1/jakarta.activation-api-1.2.1.jar:/home/kolusask/.m2/repository/com/sun/xml/bind/jaxb-impl/2.3.3/jaxb-impl-2.3.3.jar:/home/kolusask/.m2/repository/com/fasterxml/jackson/core/jackson-databind/2.12.1/jackson-databind-2.12.1.jar:/home/kolusask/.m2/repository/com/fasterxml/jackson/core/jackson-annotations/2.12.1/jackson-annotations-2.12.1.jar:/home/kolusask/.m2/repository/com/fasterxml/jackson/core/jackson-core/2.12.1/jackson-core-2.12.1.jar:/home/kolusask/.m2/repository/org/testcontainers/junit-jupiter/1.15.2/junit-jupiter-1.15.2.jar:/home/kolusask/.m2/repository/org/testcontainers/testcontainers/1.15.2/testcontainers-1.15.2.jar:/home/kolusask/.m2/repository/junit/junit/4.13.1/junit-4.13.1.jar:/home/kolusask/.m2/repository/org/hamcrest/hamcrest-core/1.3/hamcrest-core-1.3.jar:/home/kolusask/.m2/repository/org/apache/commons/commons-compress/1.20/commons-compress-1.20.jar:/home/kolusask/.m2/repository/org/rnorth/duct-tape/duct-tape/1.0.8/duct-tape-1.0.8.jar:/home/kolusask/.m2/repository/org/rnorth/visible-assertions/visible-assertions/2.1.2/visible-assertions-2.1.2.jar:/home/kolusask/.m2/repository/net/java/dev/jna/jna/5.3.1/jna-5.3.1.jar:/home/kolusask/.m2/repository/com/github/docker-java/docker-java-api/3.2.7/docker-java-api-3.2.7.jar:/home/kolusask/.m2/repository/com/github/docker-java/docker-java-transport-zerodep/3.2.7/docker-java-transport-zerodep-3.2.7.jar:/home/kolusask/.m2/repository/com/github/docker-java/docker-java-transport/3.2.7/docker-java-transport-3.2.7.jar:/home/kolusask/.m2/repository/org/junit/jupiter/junit-jupiter-api/5.7.1/junit-jupiter-api-5.7.1.jar:/home/kolusask/.m2/repository/org/apiguardian/apiguardian-api/1.1.0/apiguardian-api-1.1.0.jar:/home/kolusask/.m2/repository/org/opentest4j/opentest4j/1.2.0/opentest4j-1.2.0.jar:/home/kolusask/.m2/repository/org/junit/platform/junit-platform-commons/1.7.1/junit-platform-commons-1.7.1.jar:/home/kolusask/.m2/repository/org/testcontainers/postgresql/1.15.2/postgresql-1.15.2.jar:/home/kolusask/.m2/repository/org/testcontainers/jdbc/1.15.2/jdbc-1.15.2.jar:/home/kolusask/.m2/repository/org/testcontainers/database-commons/1.15.2/database-commons-1.15.2.jar:"/>
    <property name="java.vm.vendor" value="GraalVM Community"/>
    <property name="sun.arch.data.model" value="64"/>
    <property name="java.vendor.url" value="https://www.graalvm.org/"/>
    <property name="user.timezone" value=""/>
    <property name="java.vm.specification.version" value="11"/>
    <property name="os.name" value="Linux"/>
    <property name="sun.java.launcher" value="SUN_STANDARD"/>
    <property name="user.country" value="US"/>
    <property name="sun.boot.library.path" value="/usr/lib/jvm/graalvm-ce-java11-21.1.0/lib"/>
    <property name="sun.java.command" value="/home/kolusask/Projects/Quarkus/quarkus-super-heroes-workshop/super-heroes/rest-villain/target/surefire/surefirebooter15936242397425419049.jar /home/kolusask/Projects/Quarkus/quarkus-super-heroes-workshop/super-heroes/rest-villain/target/surefire 2021-06-04T18-49-11_242-jvmRun1 surefire6544875828994445630tmp surefire_03680530989125678658tmp"/>
    <property name="jdk.debug" value="release"/>
    <property name="surefire.test.class.path" value="/home/kolusask/Projects/Quarkus/quarkus-super-heroes-workshop/super-heroes/rest-villain/target/test-classes:/home/kolusask/Projects/Quarkus/quarkus-super-heroes-workshop/super-heroes/rest-villain/target/classes:/home/kolusask/.m2/repository/io/quarkus/quarkus-resteasy/1.12.0.Final/quarkus-resteasy-1.12.0.Final.jar:/home/kolusask/.m2/repository/io/quarkus/quarkus-vertx-http/1.12.0.Final/quarkus-vertx-http-1.12.0.Final.jar:/home/kolusask/.m2/repository/io/quarkus/quarkus-security-runtime-spi/1.12.0.Final/quarkus-security-runtime-spi-1.12.0.Final.jar:/home/kolusask/.m2/repository/io/quarkus/quarkus-vertx-http-dev-console-runtime-spi/1.12.0.Final/quarkus-vertx-http-dev-console-runtime-spi-1.12.0.Final.jar:/home/kolusask/.m2/repository/io/quarkus/security/quarkus-security/1.1.3.Final/quarkus-security-1.1.3.Final.jar:/home/kolusask/.m2/repository/io/smallrye/reactive/mutiny/0.13.0/mutiny-0.13.0.jar:/home/kolusask/.m2/repository/org/reactivestreams/reactive-streams/1.0.3/reactive-streams-1.0.3.jar:/home/kolusask/.m2/repository/io/quarkus/quarkus-vertx-core/1.12.0.Final/quarkus-vertx-core-1.12.0.Final.jar:/home/kolusask/.m2/repository/io/quarkus/quarkus-netty/1.12.0.Final/quarkus-netty-1.12.0.Final.jar:/home/kolusask/.m2/repository/io/netty/netty-codec/4.1.49.Final/netty-codec-4.1.49.Final.jar:/home/kolusask/.m2/repository/io/netty/netty-handler/4.1.49.Final/netty-handler-4.1.49.Final.jar:/home/kolusask/.m2/repository/io/vertx/vertx-core/3.9.5/vertx-core-3.9.5.jar:/home/kolusask/.m2/repository/io/netty/netty-common/4.1.49.Final/netty-common-4.1.49.Final.jar:/home/kolusask/.m2/repository/io/netty/netty-buffer/4.1.49.Final/netty-buffer-4.1.49.Final.jar:/home/kolusask/.m2/repository/io/netty/netty-transport/4.1.49.Final/netty-transport-4.1.49.Final.jar:/home/kolusask/.m2/repository/io/netty/netty-handler-proxy/4.1.49.Final/netty-handler-proxy-4.1.49.Final.jar:/home/kolusask/.m2/repository/io/netty/netty-codec-socks/4.1.49.Final/netty-codec-socks-4.1.49.Final.jar:/home/kolusask/.m2/repository/io/netty/netty-codec-http/4.1.49.Final/netty-codec-http-4.1.49.Final.jar:/home/kolusask/.m2/repository/io/netty/netty-codec-http2/4.1.49.Final/netty-codec-http2-4.1.49.Final.jar:/home/kolusask/.m2/repository/io/netty/netty-resolver/4.1.49.Final/netty-resolver-4.1.49.Final.jar:/home/kolusask/.m2/repository/io/netty/netty-resolver-dns/4.1.49.Final/netty-resolver-dns-4.1.49.Final.jar:/home/kolusask/.m2/repository/io/netty/netty-codec-dns/4.1.49.Final/netty-codec-dns-4.1.49.Final.jar:/home/kolusask/.m2/repository/io/vertx/vertx-web/3.9.5/vertx-web-3.9.5.jar:/home/kolusask/.m2/repository/io/vertx/vertx-web-common/3.9.5/vertx-web-common-3.9.5.jar:/home/kolusask/.m2/repository/io/vertx/vertx-auth-common/3.9.5/vertx-auth-common-3.9.5.jar:/home/kolusask/.m2/repository/io/vertx/vertx-bridge-common/3.9.5/vertx-bridge-common-3.9.5.jar:/home/kolusask/.m2/repository/io/quarkus/quarkus-resteasy-server-common/1.12.0.Final/quarkus-resteasy-server-common-1.12.0.Final.jar:/home/kolusask/.m2/repository/io/quarkus/quarkus-resteasy-common/1.12.0.Final/quarkus-resteasy-common-1.12.0.Final.jar:/home/kolusask/.m2/repository/org/jboss/resteasy/resteasy-core/4.5.9.Final/resteasy-core-4.5.9.Final.jar:/home/kolusask/.m2/repository/org/jboss/spec/javax/ws/rs/jboss-jaxrs-api_2.1_spec/2.0.1.Final/jboss-jaxrs-api_2.1_spec-2.0.1.Final.jar:/home/kolusask/.m2/repository/org/jboss/resteasy/resteasy-core-spi/4.5.9.Final/resteasy-core-spi-4.5.9.Final.jar:/home/kolusask/.m2/repository/com/ibm/async/asyncutil/0.1.0/asyncutil-0.1.0.jar:/home/kolusask/.m2/repository/com/sun/activation/jakarta.activation/1.2.1/jakarta.activation-1.2.1.jar:/home/kolusask/.m2/repository/jakarta/validation/jakarta.validation-api/2.0.2/jakarta.validation-api-2.0.2.jar:/home/kolusask/.m2/repository/io/quarkus/quarkus-resteasy-jsonb/1.12.0.Final/quarkus-resteasy-jsonb-1.12.0.Final.jar:/home/kolusask/.m2/repository/io/quarkus/quarkus-jsonb/1.12.0.Final/quarkus-jsonb-1.12.0.Final.jar:/home/kolusask/.m2/repository/org/eclipse/yasson/1.0.8/yasson-1.0.8.jar:/home/kolusask/.m2/repository/org/jboss/resteasy/resteasy-json-binding-provider/4.5.9.Final/resteasy-json-binding-provider-4.5.9.Final.jar:/home/kolusask/.m2/repository/org/glassfish/jakarta.json/1.1.6/jakarta.json-1.1.6.jar:/home/kolusask/.m2/repository/jakarta/json/bind/jakarta.json.bind-api/1.0.2/jakarta.json.bind-api-1.0.2.jar:/home/kolusask/.m2/repository/org/jboss/logging/jboss-logging/3.4.1.Final/jboss-logging-3.4.1.Final.jar:/home/kolusask/.m2/repository/org/jboss/resteasy/resteasy-json-p-provider/4.5.9.Final/resteasy-json-p-provider-4.5.9.Final.jar:/home/kolusask/.m2/repository/commons-io/commons-io/2.8.0/commons-io-2.8.0.jar:/home/kolusask/.m2/repository/io/quarkus/quarkus-hibernate-orm-panache/1.12.0.Final/quarkus-hibernate-orm-panache-1.12.0.Final.jar:/home/kolusask/.m2/repository/io/quarkus/quarkus-hibernate-orm/1.12.0.Final/quarkus-hibernate-orm-1.12.0.Final.jar:/home/kolusask/.m2/repository/io/quarkus/quarkus-agroal/1.12.0.Final/quarkus-agroal-1.12.0.Final.jar:/home/kolusask/.m2/repository/io/quarkus/quarkus-datasource/1.12.0.Final/quarkus-datasource-1.12.0.Final.jar:/home/kolusask/.m2/repository/io/quarkus/quarkus-datasource-common/1.12.0.Final/quarkus-datasource-common-1.12.0.Final.jar:/home/kolusask/.m2/repository/org/jboss/narayana/jta/narayana-jta/5.10.6.Final/narayana-jta-5.10.6.Final.jar:/home/kolusask/.m2/repository/org/jboss/jboss-transaction-spi/7.6.0.Final/jboss-transaction-spi-7.6.0.Final.jar:/home/kolusask/.m2/repository/org/jboss/spec/javax/resource/jboss-connector-api_1.7_spec/1.0.0.Final/jboss-connector-api_1.7_spec-1.0.0.Final.jar:/home/kolusask/.m2/repository/org/jboss/narayana/jts/narayana-jts-integration/5.10.6.Final/narayana-jts-integration-5.10.6.Final.jar:/home/kolusask/.m2/repository/io/agroal/agroal-api/1.9/agroal-api-1.9.jar:/home/kolusask/.m2/repository/io/agroal/agroal-narayana/1.9/agroal-narayana-1.9.jar:/home/kolusask/.m2/repository/io/agroal/agroal-pool/1.9/agroal-pool-1.9.jar:/home/kolusask/.m2/repository/io/quarkus/quarkus-credentials/1.12.0.Final/quarkus-credentials-1.12.0.Final.jar:/home/kolusask/.m2/repository/io/quarkus/quarkus-narayana-jta/1.12.0.Final/quarkus-narayana-jta-1.12.0.Final.jar:/home/kolusask/.m2/repository/io/quarkus/quarkus-mutiny/1.12.0.Final/quarkus-mutiny-1.12.0.Final.jar:/home/kolusask/.m2/repository/io/quarkus/quarkus-smallrye-context-propagation/1.12.0.Final/quarkus-smallrye-context-propagation-1.12.0.Final.jar:/home/kolusask/.m2/repository/io/smallrye/smallrye-context-propagation/1.1.0/smallrye-context-propagation-1.1.0.jar:/home/kolusask/.m2/repository/io/smallrye/smallrye-context-propagation-api/1.1.0/smallrye-context-propagation-api-1.1.0.jar:/home/kolusask/.m2/repository/io/smallrye/smallrye-context-propagation-storage/1.1.0/smallrye-context-propagation-storage-1.1.0.jar:/home/kolusask/.m2/repository/io/smallrye/reactive/mutiny-context-propagation/0.13.0/mutiny-context-propagation-0.13.0.jar:/home/kolusask/.m2/repository/io/smallrye/smallrye-context-propagation-jta/1.1.0/smallrye-context-propagation-jta-1.1.0.jar:/home/kolusask/.m2/repository/io/smallrye/reactive/smallrye-reactive-converter-api/1.4.0/smallrye-reactive-converter-api-1.4.0.jar:/home/kolusask/.m2/repository/io/smallrye/reactive/smallrye-reactive-converter-mutiny/1.4.0/smallrye-reactive-converter-mutiny-1.4.0.jar:/home/kolusask/.m2/repository/org/hibernate/hibernate-core/5.4.28.Final/hibernate-core-5.4.28.Final.jar:/home/kolusask/.m2/repository/net/bytebuddy/byte-buddy/1.10.17/byte-buddy-1.10.17.jar:/home/kolusask/.m2/repository/antlr/antlr/2.7.7/antlr-2.7.7.jar:/home/kolusask/.m2/repository/org/dom4j/dom4j/2.1.3/dom4j-2.1.3.jar:/home/kolusask/.m2/repository/org/hibernate/common/hibernate-commons-annotations/5.1.2.Final/hibernate-commons-annotations-5.1.2.Final.jar:/home/kolusask/.m2/repository/org/hibernate/hibernate-graalvm/5.4.28.Final/hibernate-graalvm-5.4.28.Final.jar:/home/kolusask/.m2/repository/org/glassfish/jaxb/jaxb-runtime/2.3.3-b02/jaxb-runtime-2.3.3-b02.jar:/home/kolusask/.m2/repository/org/glassfish/jaxb/txw2/2.3.3-b02/txw2-2.3.3-b02.jar:/home/kolusask/.m2/repository/com/sun/istack/istack-commons-runtime/3.0.10/istack-commons-runtime-3.0.10.jar:/home/kolusask/.m2/repository/org/jboss/spec/javax/xml/bind/jboss-jaxb-api_2.3_spec/2.0.0.Final/jboss-jaxb-api_2.3_spec-2.0.0.Final.jar:/home/kolusask/.m2/repository/jakarta/persistence/jakarta.persistence-api/2.2.3/jakarta.persistence-api-2.2.3.jar:/home/kolusask/.m2/repository/jakarta/transaction/jakarta.transaction-api/1.3.3/jakarta.transaction-api-1.3.3.jar:/home/kolusask/.m2/repository/org/hibernate/quarkus-local-cache/0.1.0/quarkus-local-cache-0.1.0.jar:/home/kolusask/.m2/repository/com/github/ben-manes/caffeine/caffeine/2.8.8/caffeine-2.8.8.jar:/home/kolusask/.m2/repository/com/google/errorprone/error_prone_annotations/2.2.0/error_prone_annotations-2.2.0.jar:/home/kolusask/.m2/repository/io/quarkus/quarkus-caffeine/1.12.0.Final/quarkus-caffeine-1.12.0.Final.jar:/home/kolusask/.m2/repository/io/quarkus/quarkus-hibernate-orm-panache-common/1.12.0.Final/quarkus-hibernate-orm-panache-common-1.12.0.Final.jar:/home/kolusask/.m2/repository/io/quarkus/quarkus-panache-hibernate-common/1.12.0.Final/quarkus-panache-hibernate-common-1.12.0.Final.jar:/home/kolusask/.m2/repository/io/quarkus/quarkus-arc/1.12.0.Final/quarkus-arc-1.12.0.Final.jar:/home/kolusask/.m2/repository/io/quarkus/arc/arc/1.12.0.Final/arc-1.12.0.Final.jar:/home/kolusask/.m2/repository/org/eclipse/microprofile/context-propagation/microprofile-context-propagation-api/1.0.1/microprofile-context-propagation-api-1.0.1.jar:/home/kolusask/.m2/repository/io/quarkus/quarkus-panache-common/1.12.0.Final/quarkus-panache-common-1.12.0.Final.jar:/home/kolusask/.m2/repository/io/quarkus/quarkus-jdbc-postgresql/1.12.0.Final/quarkus-jdbc-postgresql-1.12.0.Final.jar:/home/kolusask/.m2/repository/org/postgresql/postgresql/42.2.18/postgresql-42.2.18.jar:/home/kolusask/.m2/repository/io/quarkus/quarkus-hibernate-validator/1.12.0.Final/quarkus-hibernate-validator-1.12.0.Final.jar:/home/kolusask/.m2/repository/io/quarkus/quarkus-core/1.12.0.Final/quarkus-core-1.12.0.Final.jar:/home/kolusask/.m2/repository/jakarta/annotation/jakarta.annotation-api/1.3.5/jakarta.annotation-api-1.3.5.jar:/home/kolusask/.m2/repository/jakarta/enterprise/jakarta.enterprise.cdi-api/2.0.2/jakarta.enterprise.cdi-api-2.0.2.jar:/home/kolusask/.m2/repository/jakarta/el/jakarta.el-api/3.0.3/jakarta.el-api-3.0.3.jar:/home/kolusask/.m2/repository/jakarta/interceptor/jakarta.interceptor-api/1.2.5/jakarta.interceptor-api-1.2.5.jar:/home/kolusask/.m2/repository/jakarta/inject/jakarta.inject-api/1.0/jakarta.inject-api-1.0.jar:/home/kolusask/.m2/repository/io/quarkus/quarkus-ide-launcher/1.12.0.Final/quarkus-ide-launcher-1.12.0.Final.jar:/home/kolusask/.m2/repository/io/quarkus/quarkus-development-mode-spi/1.12.0.Final/quarkus-development-mode-spi-1.12.0.Final.jar:/home/kolusask/.m2/repository/io/smallrye/config/smallrye-config/1.10.2/smallrye-config-1.10.2.jar:/home/kolusask/.m2/repository/io/smallrye/common/smallrye-common-annotation/1.5.0/smallrye-common-annotation-1.5.0.jar:/home/kolusask/.m2/repository/io/smallrye/config/smallrye-config-common/1.10.2/smallrye-config-common-1.10.2.jar:/home/kolusask/.m2/repository/io/smallrye/common/smallrye-common-expression/1.5.0/smallrye-common-expression-1.5.0.jar:/home/kolusask/.m2/repository/io/smallrye/common/smallrye-common-function/1.5.0/smallrye-common-function-1.5.0.jar:/home/kolusask/.m2/repository/io/smallrye/common/smallrye-common-constraint/1.5.0/smallrye-common-constraint-1.5.0.jar:/home/kolusask/.m2/repository/io/smallrye/common/smallrye-common-classloader/1.5.0/smallrye-common-classloader-1.5.0.jar:/home/kolusask/.m2/repository/org/jboss/logmanager/jboss-logmanager-embedded/1.0.6/jboss-logmanager-embedded-1.0.6.jar:/home/kolusask/.m2/repository/org/jboss/logging/jboss-logging-annotations/2.2.0.Final/jboss-logging-annotations-2.2.0.Final.jar:/home/kolusask/.m2/repository/org/jboss/threads/jboss-threads/3.2.0.Final/jboss-threads-3.2.0.Final.jar:/home/kolusask/.m2/repository/org/slf4j/slf4j-api/1.7.30/slf4j-api-1.7.30.jar:/home/kolusask/.m2/repository/org/jboss/slf4j/slf4j-jboss-logmanager/1.1.0.Final/slf4j-jboss-logmanager-1.1.0.Final.jar:/home/kolusask/.m2/repository/org/graalvm/sdk/graal-sdk/21.0.0/graal-sdk-21.0.0.jar:/home/kolusask/.m2/repository/org/wildfly/common/wildfly-common/1.5.4.Final-format-001/wildfly-common-1.5.4.Final-format-001.jar:/home/kolusask/.m2/repository/io/quarkus/quarkus-bootstrap-runner/1.12.0.Final/quarkus-bootstrap-runner-1.12.0.Final.jar:/home/kolusask/.m2/repository/org/hibernate/validator/hibernate-validator/6.2.0.Final/hibernate-validator-6.2.0.Final.jar:/home/kolusask/.m2/repository/com/fasterxml/classmate/1.3.4/classmate-1.3.4.jar:/home/kolusask/.m2/repository/org/glassfish/jakarta.el/3.0.3/jakarta.el-3.0.3.jar:/home/kolusask/.m2/repository/io/quarkus/quarkus-smallrye-openapi/1.12.0.Final/quarkus-smallrye-openapi-1.12.0.Final.jar:/home/kolusask/.m2/repository/io/smallrye/smallrye-open-api-core/2.0.22/smallrye-open-api-core-2.0.22.jar:/home/kolusask/.m2/repository/org/eclipse/microprofile/openapi/microprofile-openapi-api/1.1.2/microprofile-openapi-api-1.1.2.jar:/home/kolusask/.m2/repository/org/eclipse/microprofile/config/microprofile-config-api/1.4/microprofile-config-api-1.4.jar:/home/kolusask/.m2/repository/com/fasterxml/jackson/dataformat/jackson-dataformat-yaml/2.12.1/jackson-dataformat-yaml-2.12.1.jar:/home/kolusask/.m2/repository/org/yaml/snakeyaml/1.27/snakeyaml-1.27.jar:/home/kolusask/.m2/repository/org/jboss/jandex/2.2.3.Final/jandex-2.2.3.Final.jar:/home/kolusask/.m2/repository/io/quarkus/quarkus-swagger-ui/1.12.0.Final/quarkus-swagger-ui-1.12.0.Final.jar:/home/kolusask/.m2/repository/io/quarkus/quarkus-smallrye-health/1.12.0.Final/quarkus-smallrye-health-1.12.0.Final.jar:/home/kolusask/.m2/repository/io/smallrye/smallrye-health/2.2.5/smallrye-health-2.2.5.jar:/home/kolusask/.m2/repository/org/eclipse/microprofile/health/microprofile-health-api/2.2/microprofile-health-api-2.2.jar:/home/kolusask/.m2/repository/io/smallrye/smallrye-health-api/2.2.5/smallrye-health-api-2.2.5.jar:/home/kolusask/.m2/repository/io/smallrye/smallrye-health-provided-checks/2.2.5/smallrye-health-provided-checks-2.2.5.jar:/home/kolusask/.m2/repository/io/quarkus/quarkus-jsonp/1.12.0.Final/quarkus-jsonp-1.12.0.Final.jar:/home/kolusask/.m2/repository/io/quarkus/quarkus-smallrye-metrics/1.12.0.Final/quarkus-smallrye-metrics-1.12.0.Final.jar:/home/kolusask/.m2/repository/io/smallrye/smallrye-metrics/2.4.5/smallrye-metrics-2.4.5.jar:/home/kolusask/.m2/repository/io/smallrye/smallrye-metrics-api/2.4.5/smallrye-metrics-api-2.4.5.jar:/home/kolusask/.m2/repository/org/eclipse/microprofile/metrics/microprofile-metrics-api/2.3/microprofile-metrics-api-2.3.jar:/home/kolusask/.m2/repository/io/quarkus/quarkus-junit5/1.12.0.Final/quarkus-junit5-1.12.0.Final.jar:/home/kolusask/.m2/repository/io/quarkus/quarkus-bootstrap-core/1.12.0.Final/quarkus-bootstrap-core-1.12.0.Final.jar:/home/kolusask/.m2/repository/io/quarkus/quarkus-bootstrap-app-model/1.12.0.Final/quarkus-bootstrap-app-model-1.12.0.Final.jar:/home/kolusask/.m2/repository/io/quarkus/quarkus-bootstrap-maven-resolver/1.12.0.Final/quarkus-bootstrap-maven-resolver-1.12.0.Final.jar:/home/kolusask/.m2/repository/org/apache/maven/maven-embedder/3.6.3/maven-embedder-3.6.3.jar:/home/kolusask/.m2/repository/org/apache/maven/maven-settings/3.6.3/maven-settings-3.6.3.jar:/home/kolusask/.m2/repository/org/apache/maven/maven-core/3.6.3/maven-core-3.6.3.jar:/home/kolusask/.m2/repository/org/apache/maven/maven-artifact/3.6.3/maven-artifact-3.6.3.jar:/home/kolusask/.m2/repository/org/codehaus/plexus/plexus-component-annotations/2.1.0/plexus-component-annotations-2.1.0.jar:/home/kolusask/.m2/repository/org/apache/maven/maven-plugin-api/3.6.3/maven-plugin-api-3.6.3.jar:/home/kolusask/.m2/repository/org/apache/maven/maven-model/3.6.3/maven-model-3.6.3.jar:/home/kolusask/.m2/repository/org/apache/maven/maven-model-builder/3.6.3/maven-model-builder-3.6.3.jar:/home/kolusask/.m2/repository/org/apache/maven/maven-builder-support/3.6.3/maven-builder-support-3.6.3.jar:/home/kolusask/.m2/repository/org/apache/maven/resolver/maven-resolver-api/1.4.1/maven-resolver-api-1.4.1.jar:/home/kolusask/.m2/repository/org/apache/maven/resolver/maven-resolver-util/1.4.1/maven-resolver-util-1.4.1.jar:/home/kolusask/.m2/repository/org/apache/maven/shared/maven-shared-utils/3.2.1/maven-shared-utils-3.2.1.jar:/home/kolusask/.m2/repository/com/google/inject/guice/4.2.1/guice-4.2.1-no_aop.jar:/home/kolusask/.m2/repository/com/google/guava/guava/30.1-jre/guava-30.1-jre.jar:/home/kolusask/.m2/repository/com/google/guava/failureaccess/1.0.1/failureaccess-1.0.1.jar:/home/kolusask/.m2/repository/com/google/guava/listenablefuture/9999.0-empty-to-avoid-conflict-with-guava/listenablefuture-9999.0-empty-to-avoid-conflict-with-guava.jar:/home/kolusask/.m2/repository/org/codehaus/plexus/plexus-utils/3.2.1/plexus-utils-3.2.1.jar:/home/kolusask/.m2/repository/org/codehaus/plexus/plexus-classworlds/2.6.0/plexus-classworlds-2.6.0.jar:/home/kolusask/.m2/repository/commons-cli/commons-cli/1.4/commons-cli-1.4.jar:/home/kolusask/.m2/repository/org/eclipse/sisu/org.eclipse.sisu.plexus/0.3.4/org.eclipse.sisu.plexus-0.3.4.jar:/home/kolusask/.m2/repository/org/apache/maven/maven-settings-builder/3.6.3/maven-settings-builder-3.6.3.jar:/home/kolusask/.m2/repository/org/codehaus/plexus/plexus-interpolation/1.25/plexus-interpolation-1.25.jar:/home/kolusask/.m2/repository/org/sonatype/plexus/plexus-sec-dispatcher/1.4/plexus-sec-dispatcher-1.4.jar:/home/kolusask/.m2/repository/org/sonatype/plexus/plexus-cipher/1.4/plexus-cipher-1.4.jar:/home/kolusask/.m2/repository/org/apache/maven/maven-resolver-provider/3.6.3/maven-resolver-provider-3.6.3.jar:/home/kolusask/.m2/repository/org/apache/maven/maven-repository-metadata/3.6.3/maven-repository-metadata-3.6.3.jar:/home/kolusask/.m2/repository/org/apache/maven/resolver/maven-resolver-spi/1.4.1/maven-resolver-spi-1.4.1.jar:/home/kolusask/.m2/repository/org/apache/maven/resolver/maven-resolver-impl/1.4.1/maven-resolver-impl-1.4.1.jar:/home/kolusask/.m2/repository/org/apache/maven/resolver/maven-resolver-connector-basic/1.4.1/maven-resolver-connector-basic-1.4.1.jar:/home/kolusask/.m2/repository/org/apache/maven/resolver/maven-resolver-transport-wagon/1.4.1/maven-resolver-transport-wagon-1.4.1.jar:/home/kolusask/.m2/repository/org/apache/maven/wagon/wagon-http/3.3.4/wagon-http-3.3.4.jar:/home/kolusask/.m2/repository/org/apache/maven/wagon/wagon-http-shared/3.3.4/wagon-http-shared-3.3.4.jar:/home/kolusask/.m2/repository/org/jsoup/jsoup/1.12.1/jsoup-1.12.1.jar:/home/kolusask/.m2/repository/org/apache/maven/wagon/wagon-provider-api/3.3.4/wagon-provider-api-3.3.4.jar:/home/kolusask/.m2/repository/org/apache/maven/wagon/wagon-file/3.3.4/wagon-file-3.3.4.jar:/home/kolusask/.m2/repository/io/quarkus/quarkus-bootstrap-gradle-resolver/1.12.0.Final/quarkus-bootstrap-gradle-resolver-1.12.0.Final.jar:/home/kolusask/.m2/repository/io/smallrye/common/smallrye-common-io/1.5.0/smallrye-common-io-1.5.0.jar:/home/kolusask/.m2/repository/org/eclipse/sisu/org.eclipse.sisu.inject/0.3.4/org.eclipse.sisu.inject-0.3.4.jar:/home/kolusask/.m2/repository/io/quarkus/quarkus-test-common/1.12.0.Final/quarkus-test-common-1.12.0.Final.jar:/home/kolusask/.m2/repository/io/quarkus/quarkus-core-deployment/1.12.0.Final/quarkus-core-deployment-1.12.0.Final.jar:/home/kolusask/.m2/repository/io/quarkus/gizmo/gizmo/1.0.6.Final/gizmo-1.0.6.Final.jar:/home/kolusask/.m2/repository/org/ow2/asm/asm-util/9.0/asm-util-9.0.jar:/home/kolusask/.m2/repository/org/ow2/asm/asm-tree/9.0/asm-tree-9.0.jar:/home/kolusask/.m2/repository/org/ow2/asm/asm-analysis/9.0/asm-analysis-9.0.jar:/home/kolusask/.m2/repository/org/ow2/asm/asm/9.0/asm-9.0.jar:/home/kolusask/.m2/repository/io/quarkus/quarkus-class-change-agent/1.12.0.Final/quarkus-class-change-agent-1.12.0.Final.jar:/home/kolusask/.m2/repository/io/quarkus/quarkus-devtools-utilities/1.12.0.Final/quarkus-devtools-utilities-1.12.0.Final.jar:/home/kolusask/.m2/repository/io/quarkus/quarkus-builder/1.12.0.Final/quarkus-builder-1.12.0.Final.jar:/home/kolusask/.m2/repository/io/quarkus/quarkus-jsonp-deployment/1.12.0.Final/quarkus-jsonp-deployment-1.12.0.Final.jar:/home/kolusask/.m2/repository/org/jboss/logging/commons-logging-jboss-logging/1.0.0.Final/commons-logging-jboss-logging-1.0.0.Final.jar:/home/kolusask/.m2/repository/org/junit/jupiter/junit-jupiter/5.7.1/junit-jupiter-5.7.1.jar:/home/kolusask/.m2/repository/org/junit/jupiter/junit-jupiter-params/5.7.1/junit-jupiter-params-5.7.1.jar:/home/kolusask/.m2/repository/org/junit/jupiter/junit-jupiter-engine/5.7.1/junit-jupiter-engine-5.7.1.jar:/home/kolusask/.m2/repository/org/junit/platform/junit-platform-engine/1.7.1/junit-platform-engine-1.7.1.jar:/home/kolusask/.m2/repository/com/thoughtworks/xstream/xstream/1.4.15/xstream-1.4.15.jar:/home/kolusask/.m2/repository/xmlpull/xmlpull/1.1.3.1/xmlpull-1.1.3.1.jar:/home/kolusask/.m2/repository/xpp3/xpp3_min/1.1.4c/xpp3_min-1.1.4c.jar:/home/kolusask/.m2/repository/io/rest-assured/rest-assured/4.3.3/rest-assured-4.3.3.jar:/home/kolusask/.m2/repository/org/codehaus/groovy/groovy/3.0.7/groovy-3.0.7.jar:/home/kolusask/.m2/repository/org/codehaus/groovy/groovy-xml/3.0.7/groovy-xml-3.0.7.jar:/home/kolusask/.m2/repository/org/apache/httpcomponents/httpclient/4.5.13/httpclient-4.5.13.jar:/home/kolusask/.m2/repository/org/apache/httpcomponents/httpcore/4.4.14/httpcore-4.4.14.jar:/home/kolusask/.m2/repository/commons-codec/commons-codec/1.14/commons-codec-1.14.jar:/home/kolusask/.m2/repository/org/apache/httpcomponents/httpmime/4.5.13/httpmime-4.5.13.jar:/home/kolusask/.m2/repository/org/hamcrest/hamcrest/2.1/hamcrest-2.1.jar:/home/kolusask/.m2/repository/org/ccil/cowan/tagsoup/tagsoup/1.2.1/tagsoup-1.2.1.jar:/home/kolusask/.m2/repository/io/rest-assured/json-path/4.3.3/json-path-4.3.3.jar:/home/kolusask/.m2/repository/org/codehaus/groovy/groovy-json/3.0.7/groovy-json-3.0.7.jar:/home/kolusask/.m2/repository/io/rest-assured/rest-assured-common/4.3.3/rest-assured-common-4.3.3.jar:/home/kolusask/.m2/repository/io/rest-assured/xml-path/4.3.3/xml-path-4.3.3.jar:/home/kolusask/.m2/repository/org/apache/commons/commons-lang3/3.11/commons-lang3-3.11.jar:/home/kolusask/.m2/repository/jakarta/xml/bind/jakarta.xml.bind-api/2.3.3/jakarta.xml.bind-api-2.3.3.jar:/home/kolusask/.m2/repository/jakarta/activation/jakarta.activation-api/1.2.1/jakarta.activation-api-1.2.1.jar:/home/kolusask/.m2/repository/com/sun/xml/bind/jaxb-impl/2.3.3/jaxb-impl-2.3.3.jar:/home/kolusask/.m2/repository/com/fasterxml/jackson/core/jackson-databind/2.12.1/jackson-databind-2.12.1.jar:/home/kolusask/.m2/repository/com/fasterxml/jackson/core/jackson-annotations/2.12.1/jackson-annotations-2.12.1.jar:/home/kolusask/.m2/repository/com/fasterxml/jackson/core/jackson-core/2.12.1/jackson-core-2.12.1.jar:/home/kolusask/.m2/repository/org/testcontainers/junit-jupiter/1.15.2/junit-jupiter-1.15.2.jar:/home/kolusask/.m2/repository/org/testcontainers/testcontainers/1.15.2/testcontainers-1.15.2.jar:/home/kolusask/.m2/repository/junit/junit/4.13.1/junit-4.13.1.jar:/home/kolusask/.m2/repository/org/hamcrest/hamcrest-core/1.3/hamcrest-core-1.3.jar:/home/kolusask/.m2/repository/org/apache/commons/commons-compress/1.20/commons-compress-1.20.jar:/home/kolusask/.m2/repository/org/rnorth/duct-tape/duct-tape/1.0.8/duct-tape-1.0.8.jar:/home/kolusask/.m2/repository/org/rnorth/visible-assertions/visible-assertions/2.1.2/visible-assertions-2.1.2.jar:/home/kolusask/.m2/repository/net/java/dev/jna/jna/5.3.1/jna-5.3.1.jar:/home/kolusask/.m2/repository/com/github/docker-java/docker-java-api/3.2.7/docker-java-api-3.2.7.jar:/home/kolusask/.m2/repository/com/github/docker-java/docker-java-transport-zerodep/3.2.7/docker-java-transport-zerodep-3.2.7.jar:/home/kolusask/.m2/repository/com/github/docker-java/docker-java-transport/3.2.7/docker-java-transport-3.2.7.jar:/home/kolusask/.m2/repository/org/junit/jupiter/junit-jupiter-api/5.7.1/junit-jupiter-api-5.7.1.jar:/home/kolusask/.m2/repository/org/apiguardian/apiguardian-api/1.1.0/apiguardian-api-1.1.0.jar:/home/kolusask/.m2/repository/org/opentest4j/opentest4j/1.2.0/opentest4j-1.2.0.jar:/home/kolusask/.m2/repository/org/junit/platform/junit-platform-commons/1.7.1/junit-platform-commons-1.7.1.jar:/home/kolusask/.m2/repository/org/testcontainers/postgresql/1.15.2/postgresql-1.15.2.jar:/home/kolusask/.m2/repository/org/testcontainers/jdbc/1.15.2/jdbc-1.15.2.jar:/home/kolusask/.m2/repository/org/testcontainers/database-commons/1.15.2/database-commons-1.15.2.jar:"/>
    <property name="sun.cpu.endian" value="little"/>
    <property name="user.home" value="/home/kolusask"/>
    <property name="user.language" value="en"/>
    <property name="java.specification.vendor" value="Oracle Corporation"/>
    <property name="java.version.date" value="2021-04-20"/>
    <property name="java.home" value="/usr/lib/jvm/graalvm-ce-java11-21.1.0"/>
    <property name="file.separator" value="/"/>
    <property name="basedir" value="/home/kolusask/Projects/Quarkus/quarkus-super-heroes-workshop/super-heroes/rest-villain"/>
    <property name="java.vm.compressedOopsMode" value="Zero based"/>
    <property name="line.separator" value="&#10;"/>
    <property name="jdk.internal.vm.ci.enabled" value="true"/>
    <property name="java.specification.name" value="Java Platform API Specification"/>
    <property name="java.vm.specification.vendor" value="Oracle Corporation"/>
    <property name="java.awt.graphicsenv" value="sun.awt.X11GraphicsEnvironment"/>
    <property name="surefire.real.class.path" value="/home/kolusask/Projects/Quarkus/quarkus-super-heroes-workshop/super-heroes/rest-villain/target/surefire/surefirebooter15936242397425419049.jar"/>
    <property name="sun.management.compiler" value="HotSpot 64-Bit Tiered Compilers"/>
    <property name="java.runtime.version" value="11.0.11+8-jvmci-21.1-b05"/>
    <property name="user.name" value="kolusask"/>
    <property name="path.separator" value=":"/>
    <property name="os.version" value="5.4.0-74-generic"/>
    <property name="java.runtime.name" value="OpenJDK Runtime Environment"/>
    <property name="file.encoding" value="UTF-8"/>
    <property name="java.vm.name" value="OpenJDK 64-Bit Server VM"/>
    <property name="java.vendor.version" value="GraalVM CE 21.1.0"/>
    <property name="localRepository" value="/home/kolusask/.m2/repository"/>
    <property name="java.vendor.url.bug" value="https://github.com/oracle/graal/issues"/>
    <property name="java.io.tmpdir" value="/tmp"/>
    <property name="java.version" value="11.0.11"/>
    <property name="user.dir" value="/home/kolusask/Projects/Quarkus/quarkus-super-heroes-workshop/super-heroes/rest-villain"/>
    <property name="os.arch" value="amd64"/>
    <property name="java.vm.specification.name" value="Java Virtual Machine Specification"/>
    <property name="java.awt.printerjob" value="sun.print.PSPrinterJob"/>
    <property name="sun.os.patch.level" value="unknown"/>
    <property name="java.util.logging.manager" value="org.jboss.logmanager.LogManager"/>
    <property name="java.library.path" value="/usr/java/packages/lib:/usr/lib64:/lib64:/lib:/usr/lib"/>
    <property name="java.vm.info" value="mixed mode, sharing"/>
    <property name="java.vendor" value="GraalVM Community"/>
    <property name="java.vm.version" value="11.0.11+8-jvmci-21.1-b05"/>
    <property name="sun.io.unicode.encoding" value="UnicodeLittle"/>
    <property name="java.class.version" value="55.0"/>
  </properties>
  <testcase name="shouldGetInitialItems" classname="io.quarkus.workshop.superheroes.villain.VillainResourceTest" time="0.006">
    <error message="java.lang.reflect.InvocationTargetException" type="java.lang.RuntimeException">java.lang.RuntimeException: java.lang.reflect.InvocationTargetException
Caused by: java.lang.reflect.InvocationTargetException
Caused by: java.lang.RuntimeException: Error waiting for test resource future to finish.
Caused by: java.util.concurrent.ExecutionException: java.lang.RuntimeException: Unable to start Quarkus test resource io.quarkus.workshop.superheroes.villain.DatabaseResource@451507b9
Caused by: java.lang.RuntimeException: Unable to start Quarkus test resource io.quarkus.workshop.superheroes.villain.DatabaseResource@451507b9
Caused by: java.lang.IllegalStateException: Could not find a valid Docker environment. Please see logs and check configuration
</error>
    <system-out><![CDATA[Downloading from central: https://repo.maven.apache.org/maven2/io/quarkus/quarkus-resteasy-deployment/1.12.0.Final/quarkus-resteasy-deployment-1.12.0.Final.pom
Progress (1): quarkus-resteasy-deployment-1.12.0.Final.pom (2.7/3.8 kB)Progress (1): quarkus-resteasy-deployment-1.12.0.Final.pom (3.8 kB)                                                                       Downloaded from central: https://repo.maven.apache.org/maven2/io/quarkus/quarkus-resteasy-deployment/1.12.0.Final/quarkus-resteasy-deployment-1.12.0.Final.pom (3.8 kB at 6.5 kB/s)
Downloading from central: https://repo.maven.apache.org/maven2/io/quarkus/quarkus-resteasy-server-common-deployment/1.12.0.Final/quarkus-resteasy-server-common-deployment-1.12.0.Final.pom
Progress (1): quarkus-resteasy-server-common-deployment-1.12.0.Final.pom (2.2 kB)                                                                                 Downloaded from central: https://repo.maven.apache.org/maven2/io/quarkus/quarkus-resteasy-server-common-deployment/1.12.0.Final/quarkus-resteasy-server-common-deployment-1.12.0.Final.pom (2.2 kB at 9.2 kB/s)
Downloading from central: https://repo.maven.apache.org/maven2/org/jsoup/jsoup/1.11.3/jsoup-1.11.3.pom
Progress (1): jsoup-1.11.3.pom (2.7/8.3 kB)Progress (1): jsoup-1.11.3.pom (5.5/8.3 kB)Progress (1): jsoup-1.11.3.pom (8.2/8.3 kB)Progress (1): jsoup-1.11.3.pom (8.3 kB)                                           Downloaded from central: https://repo.maven.apache.org/maven2/org/jsoup/jsoup/1.11.3/jsoup-1.11.3.pom (8.3 kB at 260 kB/s)
Downloading from central: https://repo.maven.apache.org/maven2/org/apache/maven/wagon/wagon-provider-api/3.3.3/wagon-provider-api-3.3.3.pom
Progress (1): wagon-provider-api-3.3.3.pom (1.9 kB)                                                   Downloaded from central: https://repo.maven.apache.org/maven2/org/apache/maven/wagon/wagon-provider-api/3.3.3/wagon-provider-api-3.3.3.pom (1.9 kB at 96 kB/s)
Downloading from central: https://repo.maven.apache.org/maven2/org/apache/maven/wagon/wagon/3.3.3/wagon-3.3.3.pom
Progress (1): wagon-3.3.3.pom (2.7/21 kB)Progress (1): wagon-3.3.3.pom (5.5/21 kB)Progress (1): wagon-3.3.3.pom (8.2/21 kB)Progress (1): wagon-3.3.3.pom (11/21 kB) Progress (1): wagon-3.3.3.pom (14/21 kB)Progress (1): wagon-3.3.3.pom (16/21 kB)Progress (1): wagon-3.3.3.pom (19/21 kB)Progress (1): wagon-3.3.3.pom (21 kB)                                        Downloaded from central: https://repo.maven.apache.org/maven2/org/apache/maven/wagon/wagon/3.3.3/wagon-3.3.3.pom (21 kB at 784 kB/s)
Downloading from central: https://repo.maven.apache.org/maven2/io/quarkus/quarkus-resteasy-common-deployment/1.12.0.Final/quarkus-resteasy-common-deployment-1.12.0.Final.pom
Progress (1): quarkus-resteasy-common-deployment-1.12.0.Final.pom (1.8 kB)                                                                          Downloaded from central: https://repo.maven.apache.org/maven2/io/quarkus/quarkus-resteasy-common-deployment/1.12.0.Final/quarkus-resteasy-common-deployment-1.12.0.Final.pom (1.8 kB at 8.1 kB/s)
Downloading from central: https://repo.maven.apache.org/maven2/io/quarkus/quarkus-resteasy-common-spi/1.12.0.Final/quarkus-resteasy-common-spi-1.12.0.Final.pom
Progress (1): quarkus-resteasy-common-spi-1.12.0.Final.pom (777 B)                                                                  Downloaded from central: https://repo.maven.apache.org/maven2/io/quarkus/quarkus-resteasy-common-spi/1.12.0.Final/quarkus-resteasy-common-spi-1.12.0.Final.pom (777 B at 3.5 kB/s)
Downloading from central: https://repo.maven.apache.org/maven2/io/quarkus/quarkus-resteasy-server-common-spi/1.12.0.Final/quarkus-resteasy-server-common-spi-1.12.0.Final.pom
Progress (1): quarkus-resteasy-server-common-spi-1.12.0.Final.pom (890 B)                                                                         Downloaded from central: https://repo.maven.apache.org/maven2/io/quarkus/quarkus-resteasy-server-common-spi/1.12.0.Final/quarkus-resteasy-server-common-spi-1.12.0.Final.pom (890 B at 2.8 kB/s)
Downloading from central: https://repo.maven.apache.org/maven2/io/quarkus/quarkus-undertow-spi/1.12.0.Final/quarkus-undertow-spi-1.12.0.Final.pom
Progress (1): quarkus-undertow-spi-1.12.0.Final.pom (2.0 kB)                                                            Downloaded from central: https://repo.maven.apache.org/maven2/io/quarkus/quarkus-undertow-spi/1.12.0.Final/quarkus-undertow-spi-1.12.0.Final.pom (2.0 kB at 9.0 kB/s)
Downloading from central: https://repo.maven.apache.org/maven2/io/quarkus/quarkus-http-parent/1.12.0.Final/quarkus-http-parent-1.12.0.Final.pom
Progress (1): quarkus-http-parent-1.12.0.Final.pom (770 B)                                                          Downloaded from central: https://repo.maven.apache.org/maven2/io/quarkus/quarkus-http-parent/1.12.0.Final/quarkus-http-parent-1.12.0.Final.pom (770 B at 3.4 kB/s)
Downloading from central: https://repo.maven.apache.org/maven2/io/quarkus/http/quarkus-http-servlet/3.0.18.Final/quarkus-http-servlet-3.0.18.Final.pom
Progress (1): quarkus-http-servlet-3.0.18.Final.pom (2.7/19 kB)Progress (1): quarkus-http-servlet-3.0.18.Final.pom (5.5/19 kB)Progress (1): quarkus-http-servlet-3.0.18.Final.pom (8.2/19 kB)Progress (1): quarkus-http-servlet-3.0.18.Final.pom (11/19 kB) Progress (1): quarkus-http-servlet-3.0.18.Final.pom (14/19 kB)Progress (1): quarkus-http-servlet-3.0.18.Final.pom (16/19 kB)Progress (1): quarkus-http-servlet-3.0.18.Final.pom (19/19 kB)Progress (1): quarkus-http-servlet-3.0.18.Final.pom (19 kB)                                                              Downloaded from central: https://repo.maven.apache.org/maven2/io/quarkus/http/quarkus-http-servlet/3.0.18.Final/quarkus-http-servlet-3.0.18.Final.pom (19 kB at 485 kB/s)
Downloading from central: https://repo.maven.apache.org/maven2/io/quarkus/http/quarkus-http-parent/3.0.18.Final/quarkus-http-parent-3.0.18.Final.pom
Progress (1): quarkus-http-parent-3.0.18.Final.pom (2.7/29 kB)Progress (1): quarkus-http-parent-3.0.18.Final.pom (5.5/29 kB)Progress (1): quarkus-http-parent-3.0.18.Final.pom (8.2/29 kB)Progress (1): quarkus-http-parent-3.0.18.Final.pom (11/29 kB) Progress (1): quarkus-http-parent-3.0.18.Final.pom (14/29 kB)Progress (1): quarkus-http-parent-3.0.18.Final.pom (16/29 kB)Progress (1): quarkus-http-parent-3.0.18.Final.pom (19/29 kB)Progress (1): quarkus-http-parent-3.0.18.Final.pom (22/29 kB)Progress (1): quarkus-http-parent-3.0.18.Final.pom (25/29 kB)Progress (1): quarkus-http-parent-3.0.18.Final.pom (27/29 kB)Progress (1): quarkus-http-parent-3.0.18.Final.pom (29 kB)                                                             Downloaded from central: https://repo.maven.apache.org/maven2/io/quarkus/http/quarkus-http-parent/3.0.18.Final/quarkus-http-parent-3.0.18.Final.pom (29 kB at 752 kB/s)
Downloading from central: https://repo.maven.apache.org/maven2/org/jboss/jboss-parent/28/jboss-parent-28.pom
Progress (1): jboss-parent-28.pom (2.7/35 kB)Progress (1): jboss-parent-28.pom (5.5/35 kB)Progress (1): jboss-parent-28.pom (8.2/35 kB)Progress (1): jboss-parent-28.pom (11/35 kB) Progress (1): jboss-parent-28.pom (14/35 kB)Progress (1): jboss-parent-28.pom (16/35 kB)Progress (1): jboss-parent-28.pom (19/35 kB)Progress (1): jboss-parent-28.pom (22/35 kB)Progress (1): jboss-parent-28.pom (25/35 kB)Progress (1): jboss-parent-28.pom (27/35 kB)Progress (1): jboss-parent-28.pom (30/35 kB)Progress (1): jboss-parent-28.pom (33/35 kB)Progress (1): jboss-parent-28.pom (35 kB)                                            Downloaded from central: https://repo.maven.apache.org/maven2/org/jboss/jboss-parent/28/jboss-parent-28.pom (35 kB at 1.4 MB/s)
Downloading from central: https://repo.maven.apache.org/maven2/io/quarkus/http/quarkus-http-core/3.0.18.Final/quarkus-http-core-3.0.18.Final.pom
Progress (1): quarkus-http-core-3.0.18.Final.pom (2.7/27 kB)Progress (1): quarkus-http-core-3.0.18.Final.pom (5.5/27 kB)Progress (1): quarkus-http-core-3.0.18.Final.pom (8.2/27 kB)Progress (1): quarkus-http-core-3.0.18.Final.pom (11/27 kB) Progress (1): quarkus-http-core-3.0.18.Final.pom (14/27 kB)Progress (1): quarkus-http-core-3.0.18.Final.pom (16/27 kB)Progress (1): quarkus-http-core-3.0.18.Final.pom (19/27 kB)Progress (1): quarkus-http-core-3.0.18.Final.pom (22/27 kB)Progress (1): quarkus-http-core-3.0.18.Final.pom (25/27 kB)Progress (1): quarkus-http-core-3.0.18.Final.pom (27 kB)                                                           Downloaded from central: https://repo.maven.apache.org/maven2/io/quarkus/http/quarkus-http-core/3.0.18.Final/quarkus-http-core-3.0.18.Final.pom (27 kB at 1.3 MB/s)
Downloading from central: https://repo.maven.apache.org/maven2/io/quarkus/http/quarkus-http-http-core/3.0.18.Final/quarkus-http-http-core-3.0.18.Final.pom
Progress (1): quarkus-http-http-core-3.0.18.Final.pom (2.7/4.9 kB)Progress (1): quarkus-http-http-core-3.0.18.Final.pom (4.9 kB)                                                                  Downloaded from central: https://repo.maven.apache.org/maven2/io/quarkus/http/quarkus-http-http-core/3.0.18.Final/quarkus-http-http-core-3.0.18.Final.pom (4.9 kB at 272 kB/s)
Downloading from central: https://repo.maven.apache.org/maven2/jakarta/servlet/jakarta.servlet-api/4.0.3/jakarta.servlet-api-4.0.3.pom
Progress (1): jakarta.servlet-api-4.0.3.pom (2.7/17 kB)Progress (1): jakarta.servlet-api-4.0.3.pom (5.5/17 kB)Progress (1): jakarta.servlet-api-4.0.3.pom (8.2/17 kB)Progress (1): jakarta.servlet-api-4.0.3.pom (11/17 kB) Progress (1): jakarta.servlet-api-4.0.3.pom (14/17 kB)Progress (1): jakarta.servlet-api-4.0.3.pom (16/17 kB)Progress (1): jakarta.servlet-api-4.0.3.pom (17 kB)                                                      Downloaded from central: https://repo.maven.apache.org/maven2/jakarta/servlet/jakarta.servlet-api/4.0.3/jakarta.servlet-api-4.0.3.pom (17 kB at 777 kB/s)
Downloading from central: https://repo.maven.apache.org/maven2/org/jboss/metadata/jboss-metadata-web/11.0.0.Final/jboss-metadata-web-11.0.0.Final.pom
Progress (1): jboss-metadata-web-11.0.0.Final.pom (2.7/4.7 kB)Progress (1): jboss-metadata-web-11.0.0.Final.pom (4.7 kB)                                                              Downloaded from central: https://repo.maven.apache.org/maven2/org/jboss/metadata/jboss-metadata-web/11.0.0.Final/jboss-metadata-web-11.0.0.Final.pom (4.7 kB at 233 kB/s)
Downloading from central: https://repo.maven.apache.org/maven2/org/jboss/metadata/jboss-as-parent-metadata/11.0.0.Final/jboss-as-parent-metadata-11.0.0.Final.pom
Progress (1): jboss-as-parent-metadata-11.0.0.Final.pom (2.7/17 kB)Progress (1): jboss-as-parent-metadata-11.0.0.Final.pom (5.5/17 kB)Progress (1): jboss-as-parent-metadata-11.0.0.Final.pom (8.2/17 kB)Progress (1): jboss-as-parent-metadata-11.0.0.Final.pom (11/17 kB) Progress (1): jboss-as-parent-metadata-11.0.0.Final.pom (14/17 kB)Progress (1): jboss-as-parent-metadata-11.0.0.Final.pom (16/17 kB)Progress (1): jboss-as-parent-metadata-11.0.0.Final.pom (17 kB)                                                                  Downloaded from central: https://repo.maven.apache.org/maven2/org/jboss/metadata/jboss-as-parent-metadata/11.0.0.Final/jboss-as-parent-metadata-11.0.0.Final.pom (17 kB at 809 kB/s)
Downloading from central: https://repo.maven.apache.org/maven2/org/jboss/jboss-parent/16/jboss-parent-16.pom
Progress (1): jboss-parent-16.pom (4.1/32 kB)Progress (1): jboss-parent-16.pom (8.2/32 kB)Progress (1): jboss-parent-16.pom (12/32 kB) Progress (1): jboss-parent-16.pom (16/32 kB)Progress (1): jboss-parent-16.pom (20/32 kB)Progress (1): jboss-parent-16.pom (25/32 kB)Progress (1): jboss-parent-16.pom (29/32 kB)Progress (1): jboss-parent-16.pom (32 kB)                                            Downloaded from central: https://repo.maven.apache.org/maven2/org/jboss/jboss-parent/16/jboss-parent-16.pom (32 kB at 1.3 MB/s)
Downloading from central: https://repo.maven.apache.org/maven2/org/jboss/metadata/jboss-metadata-common/11.0.0.Final/jboss-metadata-common-11.0.0.Final.pom
Progress (1): jboss-metadata-common-11.0.0.Final.pom (4.0 kB)                                                             Downloaded from central: https://repo.maven.apache.org/maven2/org/jboss/metadata/jboss-metadata-common/11.0.0.Final/jboss-metadata-common-11.0.0.Final.pom (4.0 kB at 212 kB/s)
Downloading from central: https://repo.maven.apache.org/maven2/io/quarkus/quarkus-security-spi/1.12.0.Final/quarkus-security-spi-1.12.0.Final.pom
Progress (1): quarkus-security-spi-1.12.0.Final.pom (1.5 kB)                                                            Downloaded from central: https://repo.maven.apache.org/maven2/io/quarkus/quarkus-security-spi/1.12.0.Final/quarkus-security-spi-1.12.0.Final.pom (1.5 kB at 5.5 kB/s)
Downloading from central: https://repo.maven.apache.org/maven2/io/quarkus/quarkus-resteasy-jsonb-deployment/1.12.0.Final/quarkus-resteasy-jsonb-deployment-1.12.0.Final.pom
Progress (1): quarkus-resteasy-jsonb-deployment-1.12.0.Final.pom (2.2 kB)                                                                         Downloaded from central: https://repo.maven.apache.org/maven2/io/quarkus/quarkus-resteasy-jsonb-deployment/1.12.0.Final/quarkus-resteasy-jsonb-deployment-1.12.0.Final.pom (2.2 kB at 9.9 kB/s)
Downloading from central: https://repo.maven.apache.org/maven2/io/quarkus/quarkus-jsonb-deployment/1.12.0.Final/quarkus-jsonb-deployment-1.12.0.Final.pom
Progress (1): quarkus-jsonb-deployment-1.12.0.Final.pom (2.1 kB)                                                                Downloaded from central: https://repo.maven.apache.org/maven2/io/quarkus/quarkus-jsonb-deployment/1.12.0.Final/quarkus-jsonb-deployment-1.12.0.Final.pom (2.1 kB at 9.4 kB/s)
Downloading from central: https://repo.maven.apache.org/maven2/io/quarkus/quarkus-jsonb-spi/1.12.0.Final/quarkus-jsonb-spi-1.12.0.Final.pom
Progress (1): quarkus-jsonb-spi-1.12.0.Final.pom (829 B)                                                        Downloaded from central: https://repo.maven.apache.org/maven2/io/quarkus/quarkus-jsonb-spi/1.12.0.Final/quarkus-jsonb-spi-1.12.0.Final.pom (829 B at 3.8 kB/s)
Downloading from central: https://repo.maven.apache.org/maven2/io/quarkus/quarkus-hibernate-orm-panache-deployment/1.12.0.Final/quarkus-hibernate-orm-panache-deployment-1.12.0.Final.pom
Progress (1): quarkus-hibernate-orm-panache-deployment-1.12.0.Final.pom (3.2 kB)                                                                                Downloaded from central: https://repo.maven.apache.org/maven2/io/quarkus/quarkus-hibernate-orm-panache-deployment/1.12.0.Final/quarkus-hibernate-orm-panache-deployment-1.12.0.Final.pom (3.2 kB at 14 kB/s)
Downloading from central: https://repo.maven.apache.org/maven2/io/quarkus/quarkus-hibernate-orm-panache-common-deployment/1.12.0.Final/quarkus-hibernate-orm-panache-common-deployment-1.12.0.Final.pom
Progress (1): quarkus-hibernate-orm-panache-common-deployment-1.12.0.Final.pom (2.3 kB)                                                                                       Downloaded from central: https://repo.maven.apache.org/maven2/io/quarkus/quarkus-hibernate-orm-panache-common-deployment/1.12.0.Final/quarkus-hibernate-orm-panache-common-deployment-1.12.0.Final.pom (2.3 kB at 10 kB/s)
Downloading from central: https://repo.maven.apache.org/maven2/io/quarkus/quarkus-panache-common-deployment/1.12.0.Final/quarkus-panache-common-deployment-1.12.0.Final.pom
Progress (1): quarkus-panache-common-deployment-1.12.0.Final.pom (1.5 kB)                                                                         Downloaded from central: https://repo.maven.apache.org/maven2/io/quarkus/quarkus-panache-common-deployment/1.12.0.Final/quarkus-panache-common-deployment-1.12.0.Final.pom (1.5 kB at 5.1 kB/s)
Downloading from central: https://repo.maven.apache.org/maven2/io/quarkus/quarkus-hibernate-orm-deployment/1.12.0.Final/quarkus-hibernate-orm-deployment-1.12.0.Final.pom
Progress (1): quarkus-hibernate-orm-deployment-1.12.0.Final.pom (3.6 kB)                                                                        Downloaded from central: https://repo.maven.apache.org/maven2/io/quarkus/quarkus-hibernate-orm-deployment/1.12.0.Final/quarkus-hibernate-orm-deployment-1.12.0.Final.pom (3.6 kB at 17 kB/s)
Downloading from central: https://repo.maven.apache.org/maven2/io/quarkus/quarkus-narayana-jta-deployment/1.12.0.Final/quarkus-narayana-jta-deployment-1.12.0.Final.pom
Progress (1): quarkus-narayana-jta-deployment-1.12.0.Final.pom (2.0 kB)                                                                       Downloaded from central: https://repo.maven.apache.org/maven2/io/quarkus/quarkus-narayana-jta-deployment/1.12.0.Final/quarkus-narayana-jta-deployment-1.12.0.Final.pom (2.0 kB at 5.9 kB/s)
Downloading from central: https://repo.maven.apache.org/maven2/io/quarkus/quarkus-mutiny-deployment/1.12.0.Final/quarkus-mutiny-deployment-1.12.0.Final.pom
Progress (1): quarkus-mutiny-deployment-1.12.0.Final.pom (2.0 kB)                                                                 Downloaded from central: https://repo.maven.apache.org/maven2/io/quarkus/quarkus-mutiny-deployment/1.12.0.Final/quarkus-mutiny-deployment-1.12.0.Final.pom (2.0 kB at 9.2 kB/s)
Downloading from central: https://repo.maven.apache.org/maven2/io/quarkus/quarkus-smallrye-context-propagation-deployment/1.12.0.Final/quarkus-smallrye-context-propagation-deployment-1.12.0.Final.pom
Progress (1): quarkus-smallrye-context-propagation-deployment-1.12.0.Final.pom (1.7 kB)                                                                                       Downloaded from central: https://repo.maven.apache.org/maven2/io/quarkus/quarkus-smallrye-context-propagation-deployment/1.12.0.Final/quarkus-smallrye-context-propagation-deployment-1.12.0.Final.pom (1.7 kB at 7.7 kB/s)
Downloading from central: https://repo.maven.apache.org/maven2/io/quarkus/quarkus-agroal-deployment/1.12.0.Final/quarkus-agroal-deployment-1.12.0.Final.pom
Progress (1): quarkus-agroal-deployment-1.12.0.Final.pom (3.9 kB)                                                                 Downloaded from central: https://repo.maven.apache.org/maven2/io/quarkus/quarkus-agroal-deployment/1.12.0.Final/quarkus-agroal-deployment-1.12.0.Final.pom (3.9 kB at 18 kB/s)
Downloading from central: https://repo.maven.apache.org/maven2/io/quarkus/quarkus-datasource-deployment/1.12.0.Final/quarkus-datasource-deployment-1.12.0.Final.pom
Progress (1): quarkus-datasource-deployment-1.12.0.Final.pom (1.7 kB)                                                                     Downloaded from central: https://repo.maven.apache.org/maven2/io/quarkus/quarkus-datasource-deployment/1.12.0.Final/quarkus-datasource-deployment-1.12.0.Final.pom (1.7 kB at 7.6 kB/s)
Downloading from central: https://repo.maven.apache.org/maven2/io/quarkus/quarkus-agroal-spi/1.12.0.Final/quarkus-agroal-spi-1.12.0.Final.pom
Progress (1): quarkus-agroal-spi-1.12.0.Final.pom (1.1 kB)                                                          Downloaded from central: https://repo.maven.apache.org/maven2/io/quarkus/quarkus-agroal-spi/1.12.0.Final/quarkus-agroal-spi-1.12.0.Final.pom (1.1 kB at 5.1 kB/s)
Downloading from central: https://repo.maven.apache.org/maven2/io/quarkus/quarkus-credentials-deployment/1.12.0.Final/quarkus-credentials-deployment-1.12.0.Final.pom
Progress (1): quarkus-credentials-deployment-1.12.0.Final.pom (1.7 kB)                                                                      Downloaded from central: https://repo.maven.apache.org/maven2/io/quarkus/quarkus-credentials-deployment/1.12.0.Final/quarkus-credentials-deployment-1.12.0.Final.pom (1.7 kB at 7.6 kB/s)
Downloading from central: https://repo.maven.apache.org/maven2/io/quarkus/quarkus-smallrye-health-spi/1.12.0.Final/quarkus-smallrye-health-spi-1.12.0.Final.pom
Progress (1): quarkus-smallrye-health-spi-1.12.0.Final.pom (776 B)                                                                  Downloaded from central: https://repo.maven.apache.org/maven2/io/quarkus/quarkus-smallrye-health-spi/1.12.0.Final/quarkus-smallrye-health-spi-1.12.0.Final.pom (776 B at 2.9 kB/s)
Downloading from central: https://repo.maven.apache.org/maven2/io/quarkus/quarkus-caffeine-deployment/1.12.0.Final/quarkus-caffeine-deployment-1.12.0.Final.pom
Progress (1): quarkus-caffeine-deployment-1.12.0.Final.pom (1.5 kB)                                                                   Downloaded from central: https://repo.maven.apache.org/maven2/io/quarkus/quarkus-caffeine-deployment/1.12.0.Final/quarkus-caffeine-deployment-1.12.0.Final.pom (1.5 kB at 6.8 kB/s)
Downloading from central: https://repo.maven.apache.org/maven2/io/quarkus/quarkus-panache-hibernate-common-deployment/1.12.0.Final/quarkus-panache-hibernate-common-deployment-1.12.0.Final.pom
Progress (1): quarkus-panache-hibernate-common-deployment-1.12.0.Final.pom (1.4 kB)                                                                                   Downloaded from central: https://repo.maven.apache.org/maven2/io/quarkus/quarkus-panache-hibernate-common-deployment/1.12.0.Final/quarkus-panache-hibernate-common-deployment-1.12.0.Final.pom (1.4 kB at 6.4 kB/s)
Downloading from central: https://repo.maven.apache.org/maven2/io/quarkus/quarkus-jdbc-postgresql-deployment/1.12.0.Final/quarkus-jdbc-postgresql-deployment-1.12.0.Final.pom
Progress (1): quarkus-jdbc-postgresql-deployment-1.12.0.Final.pom (1.8 kB)                                                                          Downloaded from central: https://repo.maven.apache.org/maven2/io/quarkus/quarkus-jdbc-postgresql-deployment/1.12.0.Final/quarkus-jdbc-postgresql-deployment-1.12.0.Final.pom (1.8 kB at 8.3 kB/s)
Downloading from central: https://repo.maven.apache.org/maven2/io/quarkus/quarkus-hibernate-validator-deployment/1.12.0.Final/quarkus-hibernate-validator-deployment-1.12.0.Final.pom
Progress (1): quarkus-hibernate-validator-deployment-1.12.0.Final.pom (3.0 kB)                                                                              Downloaded from central: https://repo.maven.apache.org/maven2/io/quarkus/quarkus-hibernate-validator-deployment/1.12.0.Final/quarkus-hibernate-validator-deployment-1.12.0.Final.pom (3.0 kB at 8.0 kB/s)
Downloading from central: https://repo.maven.apache.org/maven2/io/quarkus/quarkus-hibernate-validator-spi/1.12.0.Final/quarkus-hibernate-validator-spi-1.12.0.Final.pom
Progress (1): quarkus-hibernate-validator-spi-1.12.0.Final.pom (884 B)                                                                      Downloaded from central: https://repo.maven.apache.org/maven2/io/quarkus/quarkus-hibernate-validator-spi/1.12.0.Final/quarkus-hibernate-validator-spi-1.12.0.Final.pom (884 B at 3.9 kB/s)
Downloading from central: https://repo.maven.apache.org/maven2/io/quarkus/quarkus-resteasy-reactive-spi-deployment/1.12.0.Final/quarkus-resteasy-reactive-spi-deployment-1.12.0.Final.pom
Progress (1): quarkus-resteasy-reactive-spi-deployment-1.12.0.Final.pom (963 B)                                                                               Downloaded from central: https://repo.maven.apache.org/maven2/io/quarkus/quarkus-resteasy-reactive-spi-deployment/1.12.0.Final/quarkus-resteasy-reactive-spi-deployment-1.12.0.Final.pom (963 B at 4.4 kB/s)
Downloading from central: https://repo.maven.apache.org/maven2/io/quarkus/quarkus-resteasy-reactive-common-parent/1.12.0.Final/quarkus-resteasy-reactive-common-parent-1.12.0.Final.pom
Progress (1): quarkus-resteasy-reactive-common-parent-1.12.0.Final.pom (837 B)                                                                              Downloaded from central: https://repo.maven.apache.org/maven2/io/quarkus/quarkus-resteasy-reactive-common-parent/1.12.0.Final/quarkus-resteasy-reactive-common-parent-1.12.0.Final.pom (837 B at 3.8 kB/s)
Downloading from central: https://repo.maven.apache.org/maven2/io/quarkus/quarkus-resteasy-reactive-parent-aggregator/1.12.0.Final/quarkus-resteasy-reactive-parent-aggregator-1.12.0.Final.pom
Progress (1): quarkus-resteasy-reactive-parent-aggregator-1.12.0.Final.pom (1.1 kB)                                                                                   Downloaded from central: https://repo.maven.apache.org/maven2/io/quarkus/quarkus-resteasy-reactive-parent-aggregator/1.12.0.Final/quarkus-resteasy-reactive-parent-aggregator-1.12.0.Final.pom (1.1 kB at 5.2 kB/s)
Downloading from central: https://repo.maven.apache.org/maven2/io/quarkus/quarkus-smallrye-openapi-deployment/1.12.0.Final/quarkus-smallrye-openapi-deployment-1.12.0.Final.pom
Progress (1): quarkus-smallrye-openapi-deployment-1.12.0.Final.pom (3.4 kB)                                                                           Downloaded from central: https://repo.maven.apache.org/maven2/io/quarkus/quarkus-smallrye-openapi-deployment/1.12.0.Final/quarkus-smallrye-openapi-deployment-1.12.0.Final.pom (3.4 kB at 16 kB/s)
Downloading from central: https://repo.maven.apache.org/maven2/io/quarkus/quarkus-smallrye-openapi-spi/1.12.0.Final/quarkus-smallrye-openapi-spi-1.12.0.Final.pom
Progress (1): quarkus-smallrye-openapi-spi-1.12.0.Final.pom (934 B)                                                                   Downloaded from central: https://repo.maven.apache.org/maven2/io/quarkus/quarkus-smallrye-openapi-spi/1.12.0.Final/quarkus-smallrye-openapi-spi-1.12.0.Final.pom (934 B at 4.3 kB/s)
Downloading from central: https://repo.maven.apache.org/maven2/io/quarkus/quarkus-smallrye-openapi-common-deployment/1.12.0.Final/quarkus-smallrye-openapi-common-deployment-1.12.0.Final.pom
Progress (1): quarkus-smallrye-openapi-common-deployment-1.12.0.Final.pom (1.4 kB)                                                                                  Downloaded from central: https://repo.maven.apache.org/maven2/io/quarkus/quarkus-smallrye-openapi-common-deployment/1.12.0.Final/quarkus-smallrye-openapi-common-deployment-1.12.0.Final.pom (1.4 kB at 4.3 kB/s)
Downloading from central: https://repo.maven.apache.org/maven2/io/quarkus/quarkus-smallrye-openapi-common-parent/1.12.0.Final/quarkus-smallrye-openapi-common-parent-1.12.0.Final.pom
Progress (1): quarkus-smallrye-openapi-common-parent-1.12.0.Final.pom (744 B)                                                                             Downloaded from central: https://repo.maven.apache.org/maven2/io/quarkus/quarkus-smallrye-openapi-common-parent/1.12.0.Final/quarkus-smallrye-openapi-common-parent-1.12.0.Final.pom (744 B at 3.4 kB/s)
Downloading from central: https://repo.maven.apache.org/maven2/io/quarkus/quarkus-swagger-ui-deployment/1.12.0.Final/quarkus-swagger-ui-deployment-1.12.0.Final.pom
Progress (1): quarkus-swagger-ui-deployment-1.12.0.Final.pom (2.4 kB)                                                                     Downloaded from central: https://repo.maven.apache.org/maven2/io/quarkus/quarkus-swagger-ui-deployment/1.12.0.Final/quarkus-swagger-ui-deployment-1.12.0.Final.pom (2.4 kB at 9.8 kB/s)
Downloading from central: https://repo.maven.apache.org/maven2/io/smallrye/smallrye-open-api-ui/2.0.22/smallrye-open-api-ui-2.0.22.pom
Progress (1): smallrye-open-api-ui-2.0.22.pom (4.1/6.2 kB)Progress (1): smallrye-open-api-ui-2.0.22.pom (6.2 kB)                                                          Downloaded from central: https://repo.maven.apache.org/maven2/io/smallrye/smallrye-open-api-ui/2.0.22/smallrye-open-api-ui-2.0.22.pom (6.2 kB at 344 kB/s)
Downloading from central: https://repo.maven.apache.org/maven2/io/smallrye/smallrye-open-api-ui-parent/2.0.22/smallrye-open-api-ui-parent-2.0.22.pom
Progress (1): smallrye-open-api-ui-parent-2.0.22.pom (713 B)                                                            Downloaded from central: https://repo.maven.apache.org/maven2/io/smallrye/smallrye-open-api-ui-parent/2.0.22/smallrye-open-api-ui-parent-2.0.22.pom (713 B at 40 kB/s)
Downloading from central: https://repo.maven.apache.org/maven2/io/smallrye/smallrye-open-api-jaxrs/2.0.22/smallrye-open-api-jaxrs-2.0.22.pom
Progress (1): smallrye-open-api-jaxrs-2.0.22.pom (4.1/7.5 kB)Progress (1): smallrye-open-api-jaxrs-2.0.22.pom (7.5 kB)                                                             Downloaded from central: https://repo.maven.apache.org/maven2/io/smallrye/smallrye-open-api-jaxrs/2.0.22/smallrye-open-api-jaxrs-2.0.22.pom (7.5 kB at 324 kB/s)
Downloading from central: https://repo.maven.apache.org/maven2/io/smallrye/smallrye-open-api-spring/2.0.22/smallrye-open-api-spring-2.0.22.pom
Progress (1): smallrye-open-api-spring-2.0.22.pom (3.7 kB)                                                          Downloaded from central: https://repo.maven.apache.org/maven2/io/smallrye/smallrye-open-api-spring/2.0.22/smallrye-open-api-spring-2.0.22.pom (3.7 kB at 177 kB/s)
Downloading from central: https://repo.maven.apache.org/maven2/io/smallrye/smallrye-open-api-vertx/2.0.22/smallrye-open-api-vertx-2.0.22.pom
Progress (1): smallrye-open-api-vertx-2.0.22.pom (3.2 kB)                                                         Downloaded from central: https://repo.maven.apache.org/maven2/io/smallrye/smallrye-open-api-vertx/2.0.22/smallrye-open-api-vertx-2.0.22.pom (3.2 kB at 162 kB/s)
Downloading from central: https://repo.maven.apache.org/maven2/io/quarkus/quarkus-smallrye-health-deployment/1.12.0.Final/quarkus-smallrye-health-deployment-1.12.0.Final.pom
Progress (1): quarkus-smallrye-health-deployment-1.12.0.Final.pom (3.2 kB)                                                                          Downloaded from central: https://repo.maven.apache.org/maven2/io/quarkus/quarkus-smallrye-health-deployment/1.12.0.Final/quarkus-smallrye-health-deployment-1.12.0.Final.pom (3.2 kB at 15 kB/s)
Downloading from central: https://repo.maven.apache.org/maven2/io/smallrye/smallrye-health-ui/2.2.5/smallrye-health-ui-2.2.5.pom
Progress (1): smallrye-health-ui-2.2.5.pom (4.1/4.4 kB)Progress (1): smallrye-health-ui-2.2.5.pom (4.4 kB)                                                       Downloaded from central: https://repo.maven.apache.org/maven2/io/smallrye/smallrye-health-ui/2.2.5/smallrye-health-ui-2.2.5.pom (4.4 kB at 208 kB/s)
Downloading from central: https://repo.maven.apache.org/maven2/io/quarkus/quarkus-smallrye-metrics-deployment/1.12.0.Final/quarkus-smallrye-metrics-deployment-1.12.0.Final.pom
Progress (1): quarkus-smallrye-metrics-deployment-1.12.0.Final.pom (3.5 kB)                                                                           Downloaded from central: https://repo.maven.apache.org/maven2/io/quarkus/quarkus-smallrye-metrics-deployment/1.12.0.Final/quarkus-smallrye-metrics-deployment-1.12.0.Final.pom (3.5 kB at 16 kB/s)
Downloading from central: https://repo.maven.apache.org/maven2/io/quarkus/quarkus-smallrye-metrics-spi/1.12.0.Final/quarkus-smallrye-metrics-spi-1.12.0.Final.pom
Progress (1): quarkus-smallrye-metrics-spi-1.12.0.Final.pom (1.2 kB)                                                                    Downloaded from central: https://repo.maven.apache.org/maven2/io/quarkus/quarkus-smallrye-metrics-spi/1.12.0.Final/quarkus-smallrye-metrics-spi-1.12.0.Final.pom (1.2 kB at 5.7 kB/s)
Downloading from central: https://repo.maven.apache.org/maven2/io/quarkus/quarkus-resteasy-common-deployment/1.12.0.Final/quarkus-resteasy-common-deployment-1.12.0.Final.jar
Downloading from central: https://repo.maven.apache.org/maven2/io/quarkus/quarkus-resteasy-server-common-deployment/1.12.0.Final/quarkus-resteasy-server-common-deployment-1.12.0.Final.jar
Downloading from central: https://repo.maven.apache.org/maven2/io/quarkus/http/quarkus-http-http-core/3.0.18.Final/quarkus-http-http-core-3.0.18.Final.jar
Downloading from central: https://repo.maven.apache.org/maven2/io/quarkus/http/quarkus-http-core/3.0.18.Final/quarkus-http-core-3.0.18.Final.jar
Downloading from central: https://repo.maven.apache.org/maven2/io/quarkus/http/quarkus-http-servlet/3.0.18.Final/quarkus-http-servlet-3.0.18.Final.jar
Progress (1): quarkus-http-servlet-3.0.18.Final.jar (2.7/498 kB)Progress (1): quarkus-http-servlet-3.0.18.Final.jar (5.5/498 kB)Progress (2): quarkus-http-servlet-3.0.18.Final.jar (5.5/498 kB) | quarkus-http-core-3.0.18.Final.jar (4.1/932 kB)Progress (3): quarkus-http-servlet-3.0.18.Final.jar (5.5/498 kB) | quarkus-http-core-3.0.18.Final.jar (4.1/932 kB) | quarkus-http-http-core-3.0.18.Final.jar (2.7/39 kB)Progress (3): quarkus-http-servlet-3.0.18.Final.jar (5.5/498 kB) | quarkus-http-core-3.0.18.Final.jar (8.2/932 kB) | quarkus-http-http-core-3.0.18.Final.jar (2.7/39 kB)Progress (3): quarkus-http-servlet-3.0.18.Final.jar (8.2/498 kB) | quarkus-http-core-3.0.18.Final.jar (8.2/932 kB) | quarkus-http-http-core-3.0.18.Final.jar (2.7/39 kB)Progress (3): quarkus-http-servlet-3.0.18.Final.jar (8.2/498 kB) | quarkus-http-core-3.0.18.Final.jar (8.2/932 kB) | quarkus-http-http-core-3.0.18.Final.jar (5.5/39 kB)Progress (3): quarkus-http-servlet-3.0.18.Final.jar (11/498 kB) | quarkus-http-core-3.0.18.Final.jar (8.2/932 kB) | quarkus-http-http-core-3.0.18.Final.jar (5.5/39 kB) Progress (3): quarkus-http-servlet-3.0.18.Final.jar (11/498 kB) | quarkus-http-core-3.0.18.Final.jar (12/932 kB) | quarkus-http-http-core-3.0.18.Final.jar (5.5/39 kB) Progress (3): quarkus-http-servlet-3.0.18.Final.jar (11/498 kB) | quarkus-http-core-3.0.18.Final.jar (12/932 kB) | quarkus-http-http-core-3.0.18.Final.jar (8.2/39 kB)Progress (3): quarkus-http-servlet-3.0.18.Final.jar (14/498 kB) | quarkus-http-core-3.0.18.Final.jar (12/932 kB) | quarkus-http-http-core-3.0.18.Final.jar (8.2/39 kB)Progress (3): quarkus-http-servlet-3.0.18.Final.jar (14/498 kB) | quarkus-http-core-3.0.18.Final.jar (12/932 kB) | quarkus-http-http-core-3.0.18.Final.jar (11/39 kB) Progress (3): quarkus-http-servlet-3.0.18.Final.jar (14/498 kB) | quarkus-http-core-3.0.18.Final.jar (16/932 kB) | quarkus-http-http-core-3.0.18.Final.jar (11/39 kB)Progress (3): quarkus-http-servlet-3.0.18.Final.jar (16/498 kB) | quarkus-http-core-3.0.18.Final.jar (16/932 kB) | quarkus-http-http-core-3.0.18.Final.jar (11/39 kB)Progress (3): quarkus-http-servlet-3.0.18.Final.jar (16/498 kB) | quarkus-http-core-3.0.18.Final.jar (16/932 kB) | quarkus-http-http-core-3.0.18.Final.jar (14/39 kB)Progress (3): quarkus-http-servlet-3.0.18.Final.jar (19/498 kB) | quarkus-http-core-3.0.18.Final.jar (16/932 kB) | quarkus-http-http-core-3.0.18.Final.jar (14/39 kB)Progress (3): quarkus-http-servlet-3.0.18.Final.jar (19/498 kB) | quarkus-http-core-3.0.18.Final.jar (21/932 kB) | quarkus-http-http-core-3.0.18.Final.jar (14/39 kB)Progress (3): quarkus-http-servlet-3.0.18.Final.jar (19/498 kB) | quarkus-http-core-3.0.18.Final.jar (21/932 kB) | quarkus-http-http-core-3.0.18.Final.jar (16/39 kB)Progress (3): quarkus-http-servlet-3.0.18.Final.jar (22/498 kB) | quarkus-http-core-3.0.18.Final.jar (21/932 kB) | quarkus-http-http-core-3.0.18.Final.jar (16/39 kB)Progress (3): quarkus-http-servlet-3.0.18.Final.jar (22/498 kB) | quarkus-http-core-3.0.18.Final.jar (25/932 kB) | quarkus-http-http-core-3.0.18.Final.jar (16/39 kB)Progress (3): quarkus-http-servlet-3.0.18.Final.jar (25/498 kB) | quarkus-http-core-3.0.18.Final.jar (25/932 kB) | quarkus-http-http-core-3.0.18.Final.jar (16/39 kB)Progress (3): quarkus-http-servlet-3.0.18.Final.jar (25/498 kB) | quarkus-http-core-3.0.18.Final.jar (29/932 kB) | quarkus-http-http-core-3.0.18.Final.jar (16/39 kB)Progress (3): quarkus-http-servlet-3.0.18.Final.jar (27/498 kB) | quarkus-http-core-3.0.18.Final.jar (29/932 kB) | quarkus-http-http-core-3.0.18.Final.jar (16/39 kB)Progress (3): quarkus-http-servlet-3.0.18.Final.jar (30/498 kB) | quarkus-http-core-3.0.18.Final.jar (29/932 kB) | quarkus-http-http-core-3.0.18.Final.jar (16/39 kB)Progress (3): quarkus-http-servlet-3.0.18.Final.jar (33/498 kB) | quarkus-http-core-3.0.18.Final.jar (29/932 kB) | quarkus-http-http-core-3.0.18.Final.jar (16/39 kB)Progress (3): quarkus-http-servlet-3.0.18.Final.jar (36/498 kB) | quarkus-http-core-3.0.18.Final.jar (29/932 kB) | quarkus-http-http-core-3.0.18.Final.jar (16/39 kB)Progress (3): quarkus-http-servlet-3.0.18.Final.jar (36/498 kB) | quarkus-http-core-3.0.18.Final.jar (33/932 kB) | quarkus-http-http-core-3.0.18.Final.jar (16/39 kB)Progress (3): quarkus-http-servlet-3.0.18.Final.jar (38/498 kB) | quarkus-http-core-3.0.18.Final.jar (33/932 kB) | quarkus-http-http-core-3.0.18.Final.jar (16/39 kB)Progress (3): quarkus-http-servlet-3.0.18.Final.jar (38/498 kB) | quarkus-http-core-3.0.18.Final.jar (33/932 kB) | quarkus-http-http-core-3.0.18.Final.jar (19/39 kB)Progress (3): quarkus-http-servlet-3.0.18.Final.jar (38/498 kB) | quarkus-http-core-3.0.18.Final.jar (37/932 kB) | quarkus-http-http-core-3.0.18.Final.jar (19/39 kB)Progress (3): quarkus-http-servlet-3.0.18.Final.jar (41/498 kB) | quarkus-http-core-3.0.18.Final.jar (37/932 kB) | quarkus-http-http-core-3.0.18.Final.jar (19/39 kB)Progress (3): quarkus-http-servlet-3.0.18.Final.jar (41/498 kB) | quarkus-http-core-3.0.18.Final.jar (37/932 kB) | quarkus-http-http-core-3.0.18.Final.jar (22/39 kB)Progress (3): quarkus-http-servlet-3.0.18.Final.jar (44/498 kB) | quarkus-http-core-3.0.18.Final.jar (37/932 kB) | quarkus-http-http-core-3.0.18.Final.jar (22/39 kB)Progress (3): quarkus-http-servlet-3.0.18.Final.jar (44/498 kB) | quarkus-http-core-3.0.18.Final.jar (37/932 kB) | quarkus-http-http-core-3.0.18.Final.jar (25/39 kB)Progress (3): quarkus-http-servlet-3.0.18.Final.jar (44/498 kB) | quarkus-http-core-3.0.18.Final.jar (41/932 kB) | quarkus-http-http-core-3.0.18.Final.jar (25/39 kB)Progress (3): quarkus-http-servlet-3.0.18.Final.jar (44/498 kB) | quarkus-http-core-3.0.18.Final.jar (41/932 kB) | quarkus-http-http-core-3.0.18.Final.jar (27/39 kB)Progress (3): quarkus-http-servlet-3.0.18.Final.jar (47/498 kB) | quarkus-http-core-3.0.18.Final.jar (41/932 kB) | quarkus-http-http-core-3.0.18.Final.jar (27/39 kB)Progress (3): quarkus-http-servlet-3.0.18.Final.jar (47/498 kB) | quarkus-http-core-3.0.18.Final.jar (41/932 kB) | quarkus-http-http-core-3.0.18.Final.jar (30/39 kB)Progress (3): quarkus-http-servlet-3.0.18.Final.jar (49/498 kB) | quarkus-http-core-3.0.18.Final.jar (41/932 kB) | quarkus-http-http-core-3.0.18.Final.jar (30/39 kB)Progress (3): quarkus-http-servlet-3.0.18.Final.jar (49/498 kB) | quarkus-http-core-3.0.18.Final.jar (41/932 kB) | quarkus-http-http-core-3.0.18.Final.jar (33/39 kB)Progress (3): quarkus-http-servlet-3.0.18.Final.jar (52/498 kB) | quarkus-http-core-3.0.18.Final.jar (41/932 kB) | quarkus-http-http-core-3.0.18.Final.jar (33/39 kB)Progress (3): quarkus-http-servlet-3.0.18.Final.jar (52/498 kB) | quarkus-http-core-3.0.18.Final.jar (45/932 kB) | quarkus-http-http-core-3.0.18.Final.jar (33/39 kB)Progress (3): quarkus-http-servlet-3.0.18.Final.jar (52/498 kB) | quarkus-http-core-3.0.18.Final.jar (45/932 kB) | quarkus-http-http-core-3.0.18.Final.jar (36/39 kB)Progress (3): quarkus-http-servlet-3.0.18.Final.jar (55/498 kB) | quarkus-http-core-3.0.18.Final.jar (45/932 kB) | quarkus-http-http-core-3.0.18.Final.jar (36/39 kB)Progress (3): quarkus-http-servlet-3.0.18.Final.jar (55/498 kB) | quarkus-http-core-3.0.18.Final.jar (45/932 kB) | quarkus-http-http-core-3.0.18.Final.jar (38/39 kB)Progress (3): quarkus-http-servlet-3.0.18.Final.jar (55/498 kB) | quarkus-http-core-3.0.18.Final.jar (49/932 kB) | quarkus-http-http-core-3.0.18.Final.jar (38/39 kB)Progress (3): quarkus-http-servlet-3.0.18.Final.jar (58/498 kB) | quarkus-http-core-3.0.18.Final.jar (49/932 kB) | quarkus-http-http-core-3.0.18.Final.jar (38/39 kB)Progress (3): quarkus-http-servlet-3.0.18.Final.jar (58/498 kB) | quarkus-http-core-3.0.18.Final.jar (49/932 kB) | quarkus-http-http-core-3.0.18.Final.jar (39 kB)   Progress (3): quarkus-http-servlet-3.0.18.Final.jar (58/498 kB) | quarkus-http-core-3.0.18.Final.jar (53/932 kB) | quarkus-http-http-core-3.0.18.Final.jar (39 kB)Progress (3): quarkus-http-servlet-3.0.18.Final.jar (60/498 kB) | quarkus-http-core-3.0.18.Final.jar (53/932 kB) | quarkus-http-http-core-3.0.18.Final.jar (39 kB)Progress (3): quarkus-http-servlet-3.0.18.Final.jar (63/498 kB) | quarkus-http-core-3.0.18.Final.jar (53/932 kB) | quarkus-http-http-core-3.0.18.Final.jar (39 kB)Progress (3): quarkus-http-servlet-3.0.18.Final.jar (66/498 kB) | quarkus-http-core-3.0.18.Final.jar (53/932 kB) | quarkus-http-http-core-3.0.18.Final.jar (39 kB)Progress (3): quarkus-http-servlet-3.0.18.Final.jar (69/498 kB) | quarkus-http-core-3.0.18.Final.jar (53/932 kB) | quarkus-http-http-core-3.0.18.Final.jar (39 kB)Progress (3): quarkus-http-servlet-3.0.18.Final.jar (69/498 kB) | quarkus-http-core-3.0.18.Final.jar (58/932 kB) | quarkus-http-http-core-3.0.18.Final.jar (39 kB)Progress (3): quarkus-http-servlet-3.0.18.Final.jar (71/498 kB) | quarkus-http-core-3.0.18.Final.jar (58/932 kB) | quarkus-http-http-core-3.0.18.Final.jar (39 kB)Progress (3): quarkus-http-servlet-3.0.18.Final.jar (71/498 kB) | quarkus-http-core-3.0.18.Final.jar (62/932 kB) | quarkus-http-http-core-3.0.18.Final.jar (39 kB)Progress (3): quarkus-http-servlet-3.0.18.Final.jar (74/498 kB) | quarkus-http-core-3.0.18.Final.jar (62/932 kB) | quarkus-http-http-core-3.0.18.Final.jar (39 kB)Progress (3): quarkus-http-servlet-3.0.18.Final.jar (74/498 kB) | quarkus-http-core-3.0.18.Final.jar (66/932 kB) | quarkus-http-http-core-3.0.18.Final.jar (39 kB)Progress (3): quarkus-http-servlet-3.0.18.Final.jar (77/498 kB) | quarkus-http-core-3.0.18.Final.jar (66/932 kB) | quarkus-http-http-core-3.0.18.Final.jar (39 kB)Progress (3): quarkus-http-servlet-3.0.18.Final.jar (77/498 kB) | quarkus-http-core-3.0.18.Final.jar (70/932 kB) | quarkus-http-http-core-3.0.18.Final.jar (39 kB)Progress (3): quarkus-http-servlet-3.0.18.Final.jar (80/498 kB) | quarkus-http-core-3.0.18.Final.jar (70/932 kB) | quarkus-http-http-core-3.0.18.Final.jar (39 kB)Progress (3): quarkus-http-servlet-3.0.18.Final.jar (82/498 kB) | quarkus-http-core-3.0.18.Final.jar (70/932 kB) | quarkus-http-http-core-3.0.18.Final.jar (39 kB)Progress (3): quarkus-http-servlet-3.0.18.Final.jar (85/498 kB) | quarkus-http-core-3.0.18.Final.jar (70/932 kB) | quarkus-http-http-core-3.0.18.Final.jar (39 kB)Progress (3): quarkus-http-servlet-3.0.18.Final.jar (85/498 kB) | quarkus-http-core-3.0.18.Final.jar (74/932 kB) | quarkus-http-http-core-3.0.18.Final.jar (39 kB)Progress (3): quarkus-http-servlet-3.0.18.Final.jar (88/498 kB) | quarkus-http-core-3.0.18.Final.jar (74/932 kB) | quarkus-http-http-core-3.0.18.Final.jar (39 kB)Progress (3): quarkus-http-servlet-3.0.18.Final.jar (88/498 kB) | quarkus-http-core-3.0.18.Final.jar (78/932 kB) | quarkus-http-http-core-3.0.18.Final.jar (39 kB)Progress (3): quarkus-http-servlet-3.0.18.Final.jar (90/498 kB) | quarkus-http-core-3.0.18.Final.jar (78/932 kB) | quarkus-http-http-core-3.0.18.Final.jar (39 kB)Progress (3): quarkus-http-servlet-3.0.18.Final.jar (90/498 kB) | quarkus-http-core-3.0.18.Final.jar (82/932 kB) | quarkus-http-http-core-3.0.18.Final.jar (39 kB)Progress (3): quarkus-http-servlet-3.0.18.Final.jar (93/498 kB) | quarkus-http-core-3.0.18.Final.jar (82/932 kB) | quarkus-http-http-core-3.0.18.Final.jar (39 kB)Progress (3): quarkus-http-servlet-3.0.18.Final.jar (93/498 kB) | quarkus-http-core-3.0.18.Final.jar (86/932 kB) | quarkus-http-http-core-3.0.18.Final.jar (39 kB)Progress (3): quarkus-http-servlet-3.0.18.Final.jar (96/498 kB) | quarkus-http-core-3.0.18.Final.jar (86/932 kB) | quarkus-http-http-core-3.0.18.Final.jar (39 kB)Progress (3): quarkus-http-servlet-3.0.18.Final.jar (96/498 kB) | quarkus-http-core-3.0.18.Final.jar (90/932 kB) | quarkus-http-http-core-3.0.18.Final.jar (39 kB)Progress (3): quarkus-http-servlet-3.0.18.Final.jar (99/498 kB) | quarkus-http-core-3.0.18.Final.jar (90/932 kB) | quarkus-http-http-core-3.0.18.Final.jar (39 kB)Progress (3): quarkus-http-servlet-3.0.18.Final.jar (99/498 kB) | quarkus-http-core-3.0.18.Final.jar (95/932 kB) | quarkus-http-http-core-3.0.18.Final.jar (39 kB)                                                                                                                                                                  Downloaded from central: https://repo.maven.apache.org/maven2/io/quarkus/http/quarkus-http-http-core/3.0.18.Final/quarkus-http-http-core-3.0.18.Final.jar (39 kB at 454 kB/s)
Downloading from central: https://repo.maven.apache.org/maven2/jakarta/servlet/jakarta.servlet-api/4.0.3/jakarta.servlet-api-4.0.3.jar
Progress (2): quarkus-http-servlet-3.0.18.Final.jar (101/498 kB) | quarkus-http-core-3.0.18.Final.jar (95/932 kB)Progress (2): quarkus-http-servlet-3.0.18.Final.jar (101/498 kB) | quarkus-http-core-3.0.18.Final.jar (99/932 kB)Progress (2): quarkus-http-servlet-3.0.18.Final.jar (104/498 kB) | quarkus-http-core-3.0.18.Final.jar (99/932 kB)Progress (2): quarkus-http-servlet-3.0.18.Final.jar (107/498 kB) | quarkus-http-core-3.0.18.Final.jar (99/932 kB)Progress (2): quarkus-http-servlet-3.0.18.Final.jar (107/498 kB) | quarkus-http-core-3.0.18.Final.jar (103/932 kB)Progress (2): quarkus-http-servlet-3.0.18.Final.jar (110/498 kB) | quarkus-http-core-3.0.18.Final.jar (103/932 kB)Progress (2): quarkus-http-servlet-3.0.18.Final.jar (110/498 kB) | quarkus-http-core-3.0.18.Final.jar (107/932 kB)Progress (2): quarkus-http-servlet-3.0.18.Final.jar (112/498 kB) | quarkus-http-core-3.0.18.Final.jar (107/932 kB)Progress (2): quarkus-http-servlet-3.0.18.Final.jar (115/498 kB) | quarkus-http-core-3.0.18.Final.jar (107/932 kB)Progress (2): quarkus-http-servlet-3.0.18.Final.jar (115/498 kB) | quarkus-http-core-3.0.18.Final.jar (111/932 kB)Progress (2): quarkus-http-servlet-3.0.18.Final.jar (118/498 kB) | quarkus-http-core-3.0.18.Final.jar (111/932 kB)Progress (2): quarkus-http-servlet-3.0.18.Final.jar (118/498 kB) | quarkus-http-core-3.0.18.Final.jar (115/932 kB)Progress (2): quarkus-http-servlet-3.0.18.Final.jar (121/498 kB) | quarkus-http-core-3.0.18.Final.jar (115/932 kB)Progress (2): quarkus-http-servlet-3.0.18.Final.jar (123/498 kB) | quarkus-http-core-3.0.18.Final.jar (115/932 kB)Progress (2): quarkus-http-servlet-3.0.18.Final.jar (126/498 kB) | quarkus-http-core-3.0.18.Final.jar (115/932 kB)Progress (2): quarkus-http-servlet-3.0.18.Final.jar (126/498 kB) | quarkus-http-core-3.0.18.Final.jar (119/932 kB)Progress (2): quarkus-http-servlet-3.0.18.Final.jar (129/498 kB) | quarkus-http-core-3.0.18.Final.jar (119/932 kB)Progress (2): quarkus-http-servlet-3.0.18.Final.jar (129/498 kB) | quarkus-http-core-3.0.18.Final.jar (123/932 kB)Progress (2): quarkus-http-servlet-3.0.18.Final.jar (129/498 kB) | quarkus-http-core-3.0.18.Final.jar (128/932 kB)Progress (2): quarkus-http-servlet-3.0.18.Final.jar (132/498 kB) | quarkus-http-core-3.0.18.Final.jar (128/932 kB)Progress (2): quarkus-http-servlet-3.0.18.Final.jar (132/498 kB) | quarkus-http-core-3.0.18.Final.jar (132/932 kB)Progress (2): quarkus-http-servlet-3.0.18.Final.jar (134/498 kB) | quarkus-http-core-3.0.18.Final.jar (132/932 kB)Progress (2): quarkus-http-servlet-3.0.18.Final.jar (137/498 kB) | quarkus-http-core-3.0.18.Final.jar (132/932 kB)Progress (2): quarkus-http-servlet-3.0.18.Final.jar (137/498 kB) | quarkus-http-core-3.0.18.Final.jar (136/932 kB)Progress (2): quarkus-http-servlet-3.0.18.Final.jar (140/498 kB) | quarkus-http-core-3.0.18.Final.jar (136/932 kB)Progress (2): quarkus-http-servlet-3.0.18.Final.jar (140/498 kB) | quarkus-http-core-3.0.18.Final.jar (140/932 kB)Progress (2): quarkus-http-servlet-3.0.18.Final.jar (143/498 kB) | quarkus-http-core-3.0.18.Final.jar (140/932 kB)Progress (2): quarkus-http-servlet-3.0.18.Final.jar (143/498 kB) | quarkus-http-core-3.0.18.Final.jar (144/932 kB)Progress (2): quarkus-http-servlet-3.0.18.Final.jar (145/498 kB) | quarkus-http-core-3.0.18.Final.jar (144/932 kB)Progress (2): quarkus-http-servlet-3.0.18.Final.jar (145/498 kB) | quarkus-http-core-3.0.18.Final.jar (148/932 kB)Progress (2): quarkus-http-servlet-3.0.18.Final.jar (148/498 kB) | quarkus-http-core-3.0.18.Final.jar (148/932 kB)Progress (2): quarkus-http-servlet-3.0.18.Final.jar (151/498 kB) | quarkus-http-core-3.0.18.Final.jar (148/932 kB)Progress (2): quarkus-http-servlet-3.0.18.Final.jar (151/498 kB) | quarkus-http-core-3.0.18.Final.jar (152/932 kB)Progress (2): quarkus-http-servlet-3.0.18.Final.jar (154/498 kB) | quarkus-http-core-3.0.18.Final.jar (152/932 kB)Progress (2): quarkus-http-servlet-3.0.18.Final.jar (154/498 kB) | quarkus-http-core-3.0.18.Final.jar (156/932 kB)Progress (2): quarkus-http-servlet-3.0.18.Final.jar (156/498 kB) | quarkus-http-core-3.0.18.Final.jar (156/932 kB)Progress (2): quarkus-http-servlet-3.0.18.Final.jar (156/498 kB) | quarkus-http-core-3.0.18.Final.jar (160/932 kB)Progress (2): quarkus-http-servlet-3.0.18.Final.jar (159/498 kB) | quarkus-http-core-3.0.18.Final.jar (160/932 kB)Progress (2): quarkus-http-servlet-3.0.18.Final.jar (159/498 kB) | quarkus-http-core-3.0.18.Final.jar (165/932 kB)Progress (2): quarkus-http-servlet-3.0.18.Final.jar (162/498 kB) | quarkus-http-core-3.0.18.Final.jar (165/932 kB)Progress (2): quarkus-http-servlet-3.0.18.Final.jar (165/498 kB) | quarkus-http-core-3.0.18.Final.jar (165/932 kB)Progress (2): quarkus-http-servlet-3.0.18.Final.jar (165/498 kB) | quarkus-http-core-3.0.18.Final.jar (169/932 kB)Progress (2): quarkus-http-servlet-3.0.18.Final.jar (167/498 kB) | quarkus-http-core-3.0.18.Final.jar (169/932 kB)Progress (2): quarkus-http-servlet-3.0.18.Final.jar (167/498 kB) | quarkus-http-core-3.0.18.Final.jar (173/932 kB)Progress (2): quarkus-http-servlet-3.0.18.Final.jar (170/498 kB) | quarkus-http-core-3.0.18.Final.jar (173/932 kB)Progress (2): quarkus-http-servlet-3.0.18.Final.jar (170/498 kB) | quarkus-http-core-3.0.18.Final.jar (177/932 kB)Progress (2): quarkus-http-servlet-3.0.18.Final.jar (173/498 kB) | quarkus-http-core-3.0.18.Final.jar (177/932 kB)Progress (2): quarkus-http-servlet-3.0.18.Final.jar (175/498 kB) | quarkus-http-core-3.0.18.Final.jar (177/932 kB)Progress (2): quarkus-http-servlet-3.0.18.Final.jar (175/498 kB) | quarkus-http-core-3.0.18.Final.jar (181/932 kB)Progress (3): quarkus-http-servlet-3.0.18.Final.jar (175/498 kB) | quarkus-http-core-3.0.18.Final.jar (181/932 kB) | jakarta.servlet-api-4.0.3.jar (2.7/83 kB)Progress (3): quarkus-http-servlet-3.0.18.Final.jar (178/498 kB) | quarkus-http-core-3.0.18.Final.jar (181/932 kB) | jakarta.servlet-api-4.0.3.jar (2.7/83 kB)Progress (3): quarkus-http-servlet-3.0.18.Final.jar (178/498 kB) | quarkus-http-core-3.0.18.Final.jar (185/932 kB) | jakarta.servlet-api-4.0.3.jar (2.7/83 kB)Progress (3): quarkus-http-servlet-3.0.18.Final.jar (181/498 kB) | quarkus-http-core-3.0.18.Final.jar (185/932 kB) | jakarta.servlet-api-4.0.3.jar (2.7/83 kB)Progress (3): quarkus-http-servlet-3.0.18.Final.jar (181/498 kB) | quarkus-http-core-3.0.18.Final.jar (185/932 kB) | jakarta.servlet-api-4.0.3.jar (5.5/83 kB)Progress (3): quarkus-http-servlet-3.0.18.Final.jar (184/498 kB) | quarkus-http-core-3.0.18.Final.jar (185/932 kB) | jakarta.servlet-api-4.0.3.jar (5.5/83 kB)Progress (3): quarkus-http-servlet-3.0.18.Final.jar (184/498 kB) | quarkus-http-core-3.0.18.Final.jar (185/932 kB) | jakarta.servlet-api-4.0.3.jar (8.2/83 kB)Progress (3): quarkus-http-servlet-3.0.18.Final.jar (186/498 kB) | quarkus-http-core-3.0.18.Final.jar (185/932 kB) | jakarta.servlet-api-4.0.3.jar (8.2/83 kB)Progress (3): quarkus-http-servlet-3.0.18.Final.jar (186/498 kB) | quarkus-http-core-3.0.18.Final.jar (185/932 kB) | jakarta.servlet-api-4.0.3.jar (11/83 kB) Progress (3): quarkus-http-servlet-3.0.18.Final.jar (189/498 kB) | quarkus-http-core-3.0.18.Final.jar (185/932 kB) | jakarta.servlet-api-4.0.3.jar (11/83 kB)Progress (3): quarkus-http-servlet-3.0.18.Final.jar (189/498 kB) | quarkus-http-core-3.0.18.Final.jar (185/932 kB) | jakarta.servlet-api-4.0.3.jar (14/83 kB)Progress (3): quarkus-http-servlet-3.0.18.Final.jar (192/498 kB) | quarkus-http-core-3.0.18.Final.jar (185/932 kB) | jakarta.servlet-api-4.0.3.jar (14/83 kB)Progress (3): quarkus-http-servlet-3.0.18.Final.jar (192/498 kB) | quarkus-http-core-3.0.18.Final.jar (185/932 kB) | jakarta.servlet-api-4.0.3.jar (16/83 kB)Progress (3): quarkus-http-servlet-3.0.18.Final.jar (195/498 kB) | quarkus-http-core-3.0.18.Final.jar (185/932 kB) | jakarta.servlet-api-4.0.3.jar (16/83 kB)Progress (3): quarkus-http-servlet-3.0.18.Final.jar (195/498 kB) | quarkus-http-core-3.0.18.Final.jar (185/932 kB) | jakarta.servlet-api-4.0.3.jar (19/83 kB)Progress (3): quarkus-http-servlet-3.0.18.Final.jar (195/498 kB) | quarkus-http-core-3.0.18.Final.jar (189/932 kB) | jakarta.servlet-api-4.0.3.jar (19/83 kB)Progress (3): quarkus-http-servlet-3.0.18.Final.jar (197/498 kB) | quarkus-http-core-3.0.18.Final.jar (189/932 kB) | jakarta.servlet-api-4.0.3.jar (19/83 kB)Progress (3): quarkus-http-servlet-3.0.18.Final.jar (197/498 kB) | quarkus-http-core-3.0.18.Final.jar (189/932 kB) | jakarta.servlet-api-4.0.3.jar (22/83 kB)Progress (3): quarkus-http-servlet-3.0.18.Final.jar (200/498 kB) | quarkus-http-core-3.0.18.Final.jar (189/932 kB) | jakarta.servlet-api-4.0.3.jar (22/83 kB)Progress (3): quarkus-http-servlet-3.0.18.Final.jar (200/498 kB) | quarkus-http-core-3.0.18.Final.jar (193/932 kB) | jakarta.servlet-api-4.0.3.jar (22/83 kB)Progress (3): quarkus-http-servlet-3.0.18.Final.jar (200/498 kB) | quarkus-http-core-3.0.18.Final.jar (193/932 kB) | jakarta.servlet-api-4.0.3.jar (25/83 kB)Progress (3): quarkus-http-servlet-3.0.18.Final.jar (203/498 kB) | quarkus-http-core-3.0.18.Final.jar (193/932 kB) | jakarta.servlet-api-4.0.3.jar (25/83 kB)Progress (3): quarkus-http-servlet-3.0.18.Final.jar (203/498 kB) | quarkus-http-core-3.0.18.Final.jar (197/932 kB) | jakarta.servlet-api-4.0.3.jar (25/83 kB)Progress (3): quarkus-http-servlet-3.0.18.Final.jar (206/498 kB) | quarkus-http-core-3.0.18.Final.jar (197/932 kB) | jakarta.servlet-api-4.0.3.jar (25/83 kB)Progress (3): quarkus-http-servlet-3.0.18.Final.jar (206/498 kB) | quarkus-http-core-3.0.18.Final.jar (197/932 kB) | jakarta.servlet-api-4.0.3.jar (27/83 kB)Progress (3): quarkus-http-servlet-3.0.18.Final.jar (206/498 kB) | quarkus-http-core-3.0.18.Final.jar (202/932 kB) | jakarta.servlet-api-4.0.3.jar (27/83 kB)Progress (3): quarkus-http-servlet-3.0.18.Final.jar (208/498 kB) | quarkus-http-core-3.0.18.Final.jar (202/932 kB) | jakarta.servlet-api-4.0.3.jar (27/83 kB)Progress (3): quarkus-http-servlet-3.0.18.Final.jar (208/498 kB) | quarkus-http-core-3.0.18.Final.jar (202/932 kB) | jakarta.servlet-api-4.0.3.jar (30/83 kB)Progress (3): quarkus-http-servlet-3.0.18.Final.jar (211/498 kB) | quarkus-http-core-3.0.18.Final.jar (202/932 kB) | jakarta.servlet-api-4.0.3.jar (30/83 kB)Progress (3): quarkus-http-servlet-3.0.18.Final.jar (211/498 kB) | quarkus-http-core-3.0.18.Final.jar (206/932 kB) | jakarta.servlet-api-4.0.3.jar (30/83 kB)Progress (3): quarkus-http-servlet-3.0.18.Final.jar (211/498 kB) | quarkus-http-core-3.0.18.Final.jar (206/932 kB) | jakarta.servlet-api-4.0.3.jar (33/83 kB)Progress (3): quarkus-http-servlet-3.0.18.Final.jar (214/498 kB) | quarkus-http-core-3.0.18.Final.jar (206/932 kB) | jakarta.servlet-api-4.0.3.jar (33/83 kB)Progress (3): quarkus-http-servlet-3.0.18.Final.jar (214/498 kB) | quarkus-http-core-3.0.18.Final.jar (210/932 kB) | jakarta.servlet-api-4.0.3.jar (33/83 kB)Progress (3): quarkus-http-servlet-3.0.18.Final.jar (214/498 kB) | quarkus-http-core-3.0.18.Final.jar (210/932 kB) | jakarta.servlet-api-4.0.3.jar (36/83 kB)Progress (3): quarkus-http-servlet-3.0.18.Final.jar (217/498 kB) | quarkus-http-core-3.0.18.Final.jar (210/932 kB) | jakarta.servlet-api-4.0.3.jar (36/83 kB)Progress (3): quarkus-http-servlet-3.0.18.Final.jar (217/498 kB) | quarkus-http-core-3.0.18.Final.jar (214/932 kB) | jakarta.servlet-api-4.0.3.jar (36/83 kB)Progress (3): quarkus-http-servlet-3.0.18.Final.jar (219/498 kB) | quarkus-http-core-3.0.18.Final.jar (214/932 kB) | jakarta.servlet-api-4.0.3.jar (36/83 kB)Progress (3): quarkus-http-servlet-3.0.18.Final.jar (219/498 kB) | quarkus-http-core-3.0.18.Final.jar (214/932 kB) | jakarta.servlet-api-4.0.3.jar (38/83 kB)Progress (3): quarkus-http-servlet-3.0.18.Final.jar (222/498 kB) | quarkus-http-core-3.0.18.Final.jar (214/932 kB) | jakarta.servlet-api-4.0.3.jar (38/83 kB)Progress (3): quarkus-http-servlet-3.0.18.Final.jar (222/498 kB) | quarkus-http-core-3.0.18.Final.jar (218/932 kB) | jakarta.servlet-api-4.0.3.jar (38/83 kB)Progress (3): quarkus-http-servlet-3.0.18.Final.jar (222/498 kB) | quarkus-http-core-3.0.18.Final.jar (218/932 kB) | jakarta.servlet-api-4.0.3.jar (41/83 kB)Progress (3): quarkus-http-servlet-3.0.18.Final.jar (225/498 kB) | quarkus-http-core-3.0.18.Final.jar (218/932 kB) | jakarta.servlet-api-4.0.3.jar (41/83 kB)Progress (3): quarkus-http-servlet-3.0.18.Final.jar (225/498 kB) | quarkus-http-core-3.0.18.Final.jar (222/932 kB) | jakarta.servlet-api-4.0.3.jar (41/83 kB)Progress (3): quarkus-http-servlet-3.0.18.Final.jar (225/498 kB) | quarkus-http-core-3.0.18.Final.jar (222/932 kB) | jakarta.servlet-api-4.0.3.jar (44/83 kB)Progress (3): quarkus-http-servlet-3.0.18.Final.jar (228/498 kB) | quarkus-http-core-3.0.18.Final.jar (222/932 kB) | jakarta.servlet-api-4.0.3.jar (44/83 kB)Progress (3): quarkus-http-servlet-3.0.18.Final.jar (228/498 kB) | quarkus-http-core-3.0.18.Final.jar (226/932 kB) | jakarta.servlet-api-4.0.3.jar (44/83 kB)Progress (3): quarkus-http-servlet-3.0.18.Final.jar (228/498 kB) | quarkus-http-core-3.0.18.Final.jar (226/932 kB) | jakarta.servlet-api-4.0.3.jar (47/83 kB)Progress (3): quarkus-http-servlet-3.0.18.Final.jar (230/498 kB) | quarkus-http-core-3.0.18.Final.jar (226/932 kB) | jakarta.servlet-api-4.0.3.jar (47/83 kB)Progress (3): quarkus-http-servlet-3.0.18.Final.jar (230/498 kB) | quarkus-http-core-3.0.18.Final.jar (226/932 kB) | jakarta.servlet-api-4.0.3.jar (49/83 kB)Progress (3): quarkus-http-servlet-3.0.18.Final.jar (230/498 kB) | quarkus-http-core-3.0.18.Final.jar (230/932 kB) | jakarta.servlet-api-4.0.3.jar (49/83 kB)Progress (3): quarkus-http-servlet-3.0.18.Final.jar (233/498 kB) | quarkus-http-core-3.0.18.Final.jar (230/932 kB) | jakarta.servlet-api-4.0.3.jar (49/83 kB)Progress (3): quarkus-http-servlet-3.0.18.Final.jar (233/498 kB) | quarkus-http-core-3.0.18.Final.jar (230/932 kB) | jakarta.servlet-api-4.0.3.jar (52/83 kB)Progress (3): quarkus-http-servlet-3.0.18.Final.jar (236/498 kB) | quarkus-http-core-3.0.18.Final.jar (230/932 kB) | jakarta.servlet-api-4.0.3.jar (52/83 kB)Progress (3): quarkus-http-servlet-3.0.18.Final.jar (236/498 kB) | quarkus-http-core-3.0.18.Final.jar (230/932 kB) | jakarta.servlet-api-4.0.3.jar (55/83 kB)Progress (3): quarkus-http-servlet-3.0.18.Final.jar (236/498 kB) | quarkus-http-core-3.0.18.Final.jar (234/932 kB) | jakarta.servlet-api-4.0.3.jar (55/83 kB)Progress (3): quarkus-http-servlet-3.0.18.Final.jar (236/498 kB) | quarkus-http-core-3.0.18.Final.jar (234/932 kB) | jakarta.servlet-api-4.0.3.jar (58/83 kB)Progress (3): quarkus-http-servlet-3.0.18.Final.jar (236/498 kB) | quarkus-http-core-3.0.18.Final.jar (239/932 kB) | jakarta.servlet-api-4.0.3.jar (58/83 kB)Progress (3): quarkus-http-servlet-3.0.18.Final.jar (239/498 kB) | quarkus-http-core-3.0.18.Final.jar (239/932 kB) | jakarta.servlet-api-4.0.3.jar (58/83 kB)Progress (3): quarkus-http-servlet-3.0.18.Final.jar (239/498 kB) | quarkus-http-core-3.0.18.Final.jar (239/932 kB) | jakarta.servlet-api-4.0.3.jar (60/83 kB)Progress (3): quarkus-http-servlet-3.0.18.Final.jar (239/498 kB) | quarkus-http-core-3.0.18.Final.jar (243/932 kB) | jakarta.servlet-api-4.0.3.jar (60/83 kB)Progress (3): quarkus-http-servlet-3.0.18.Final.jar (239/498 kB) | quarkus-http-core-3.0.18.Final.jar (243/932 kB) | jakarta.servlet-api-4.0.3.jar (63/83 kB)Progress (3): quarkus-http-servlet-3.0.18.Final.jar (239/498 kB) | quarkus-http-core-3.0.18.Final.jar (247/932 kB) | jakarta.servlet-api-4.0.3.jar (63/83 kB)Progress (3): quarkus-http-servlet-3.0.18.Final.jar (239/498 kB) | quarkus-http-core-3.0.18.Final.jar (247/932 kB) | jakarta.servlet-api-4.0.3.jar (66/83 kB)Progress (3): quarkus-http-servlet-3.0.18.Final.jar (239/498 kB) | quarkus-http-core-3.0.18.Final.jar (251/932 kB) | jakarta.servlet-api-4.0.3.jar (66/83 kB)Progress (3): quarkus-http-servlet-3.0.18.Final.jar (239/498 kB) | quarkus-http-core-3.0.18.Final.jar (251/932 kB) | jakarta.servlet-api-4.0.3.jar (69/83 kB)Progress (3): quarkus-http-servlet-3.0.18.Final.jar (239/498 kB) | quarkus-http-core-3.0.18.Final.jar (255/932 kB) | jakarta.servlet-api-4.0.3.jar (69/83 kB)Progress (3): quarkus-http-servlet-3.0.18.Final.jar (239/498 kB) | quarkus-http-core-3.0.18.Final.jar (255/932 kB) | jakarta.servlet-api-4.0.3.jar (71/83 kB)Progress (3): quarkus-http-servlet-3.0.18.Final.jar (239/498 kB) | quarkus-http-core-3.0.18.Final.jar (259/932 kB) | jakarta.servlet-api-4.0.3.jar (71/83 kB)Progress (3): quarkus-http-servlet-3.0.18.Final.jar (239/498 kB) | quarkus-http-core-3.0.18.Final.jar (259/932 kB) | jakarta.servlet-api-4.0.3.jar (74/83 kB)Progress (3): quarkus-http-servlet-3.0.18.Final.jar (239/498 kB) | quarkus-http-core-3.0.18.Final.jar (259/932 kB) | jakarta.servlet-api-4.0.3.jar (77/83 kB)Progress (3): quarkus-http-servlet-3.0.18.Final.jar (239/498 kB) | quarkus-http-core-3.0.18.Final.jar (263/932 kB) | jakarta.servlet-api-4.0.3.jar (77/83 kB)Progress (3): quarkus-http-servlet-3.0.18.Final.jar (239/498 kB) | quarkus-http-core-3.0.18.Final.jar (263/932 kB) | jakarta.servlet-api-4.0.3.jar (80/83 kB)Progress (3): quarkus-http-servlet-3.0.18.Final.jar (241/498 kB) | quarkus-http-core-3.0.18.Final.jar (263/932 kB) | jakarta.servlet-api-4.0.3.jar (80/83 kB)Progress (3): quarkus-http-servlet-3.0.18.Final.jar (241/498 kB) | quarkus-http-core-3.0.18.Final.jar (267/932 kB) | jakarta.servlet-api-4.0.3.jar (80/83 kB)Progress (3): quarkus-http-servlet-3.0.18.Final.jar (241/498 kB) | quarkus-http-core-3.0.18.Final.jar (267/932 kB) | jakarta.servlet-api-4.0.3.jar (82/83 kB)Progress (3): quarkus-http-servlet-3.0.18.Final.jar (241/498 kB) | quarkus-http-core-3.0.18.Final.jar (267/932 kB) | jakarta.servlet-api-4.0.3.jar (83 kB)   Progress (3): quarkus-http-servlet-3.0.18.Final.jar (241/498 kB) | quarkus-http-core-3.0.18.Final.jar (271/932 kB) | jakarta.servlet-api-4.0.3.jar (83 kB)Progress (3): quarkus-http-servlet-3.0.18.Final.jar (241/498 kB) | quarkus-http-core-3.0.18.Final.jar (276/932 kB) | jakarta.servlet-api-4.0.3.jar (83 kB)Progress (3): quarkus-http-servlet-3.0.18.Final.jar (241/498 kB) | quarkus-http-core-3.0.18.Final.jar (280/932 kB) | jakarta.servlet-api-4.0.3.jar (83 kB)Progress (3): quarkus-http-servlet-3.0.18.Final.jar (244/498 kB) | quarkus-http-core-3.0.18.Final.jar (280/932 kB) | jakarta.servlet-api-4.0.3.jar (83 kB)Progress (3): quarkus-http-servlet-3.0.18.Final.jar (244/498 kB) | quarkus-http-core-3.0.18.Final.jar (284/932 kB) | jakarta.servlet-api-4.0.3.jar (83 kB)Progress (3): quarkus-http-servlet-3.0.18.Final.jar (247/498 kB) | quarkus-http-core-3.0.18.Final.jar (284/932 kB) | jakarta.servlet-api-4.0.3.jar (83 kB)Progress (3): quarkus-http-servlet-3.0.18.Final.jar (247/498 kB) | quarkus-http-core-3.0.18.Final.jar (288/932 kB) | jakarta.servlet-api-4.0.3.jar (83 kB)Progress (3): quarkus-http-servlet-3.0.18.Final.jar (250/498 kB) | quarkus-http-core-3.0.18.Final.jar (288/932 kB) | jakarta.servlet-api-4.0.3.jar (83 kB)Progress (3): quarkus-http-servlet-3.0.18.Final.jar (250/498 kB) | quarkus-http-core-3.0.18.Final.jar (292/932 kB) | jakarta.servlet-api-4.0.3.jar (83 kB)Progress (3): quarkus-http-servlet-3.0.18.Final.jar (250/498 kB) | quarkus-http-core-3.0.18.Final.jar (296/932 kB) | jakarta.servlet-api-4.0.3.jar (83 kB)Progress (3): quarkus-http-servlet-3.0.18.Final.jar (252/498 kB) | quarkus-http-core-3.0.18.Final.jar (296/932 kB) | jakarta.servlet-api-4.0.3.jar (83 kB)Progress (3): quarkus-http-servlet-3.0.18.Final.jar (252/498 kB) | quarkus-http-core-3.0.18.Final.jar (300/932 kB) | jakarta.servlet-api-4.0.3.jar (83 kB)Progress (3): quarkus-http-servlet-3.0.18.Final.jar (255/498 kB) | quarkus-http-core-3.0.18.Final.jar (300/932 kB) | jakarta.servlet-api-4.0.3.jar (83 kB)Progress (3): quarkus-http-servlet-3.0.18.Final.jar (258/498 kB) | quarkus-http-core-3.0.18.Final.jar (300/932 kB) | jakarta.servlet-api-4.0.3.jar (83 kB)Progress (3): quarkus-http-servlet-3.0.18.Final.jar (258/498 kB) | quarkus-http-core-3.0.18.Final.jar (304/932 kB) | jakarta.servlet-api-4.0.3.jar (83 kB)Progress (3): quarkus-http-servlet-3.0.18.Final.jar (260/498 kB) | quarkus-http-core-3.0.18.Final.jar (304/932 kB) | jakarta.servlet-api-4.0.3.jar (83 kB)Progress (3): quarkus-http-servlet-3.0.18.Final.jar (260/498 kB) | quarkus-http-core-3.0.18.Final.jar (308/932 kB) | jakarta.servlet-api-4.0.3.jar (83 kB)Progress (3): quarkus-http-servlet-3.0.18.Final.jar (263/498 kB) | quarkus-http-core-3.0.18.Final.jar (308/932 kB) | jakarta.servlet-api-4.0.3.jar (83 kB)Progress (3): quarkus-http-servlet-3.0.18.Final.jar (266/498 kB) | quarkus-http-core-3.0.18.Final.jar (308/932 kB) | jakarta.servlet-api-4.0.3.jar (83 kB)Progress (3): quarkus-http-servlet-3.0.18.Final.jar (266/498 kB) | quarkus-http-core-3.0.18.Final.jar (313/932 kB) | jakarta.servlet-api-4.0.3.jar (83 kB)Progress (3): quarkus-http-servlet-3.0.18.Final.jar (269/498 kB) | quarkus-http-core-3.0.18.Final.jar (313/932 kB) | jakarta.servlet-api-4.0.3.jar (83 kB)Progress (3): quarkus-http-servlet-3.0.18.Final.jar (271/498 kB) | quarkus-http-core-3.0.18.Final.jar (313/932 kB) | jakarta.servlet-api-4.0.3.jar (83 kB)Progress (3): quarkus-http-servlet-3.0.18.Final.jar (271/498 kB) | quarkus-http-core-3.0.18.Final.jar (317/932 kB) | jakarta.servlet-api-4.0.3.jar (83 kB)Progress (3): quarkus-http-servlet-3.0.18.Final.jar (274/498 kB) | quarkus-http-core-3.0.18.Final.jar (317/932 kB) | jakarta.servlet-api-4.0.3.jar (83 kB)Progress (3): quarkus-http-servlet-3.0.18.Final.jar (274/498 kB) | quarkus-http-core-3.0.18.Final.jar (321/932 kB) | jakarta.servlet-api-4.0.3.jar (83 kB)Progress (3): quarkus-http-servlet-3.0.18.Final.jar (277/498 kB) | quarkus-http-core-3.0.18.Final.jar (321/932 kB) | jakarta.servlet-api-4.0.3.jar (83 kB)Progress (3): quarkus-http-servlet-3.0.18.Final.jar (280/498 kB) | quarkus-http-core-3.0.18.Final.jar (321/932 kB) | jakarta.servlet-api-4.0.3.jar (83 kB)Progress (3): quarkus-http-servlet-3.0.18.Final.jar (280/498 kB) | quarkus-http-core-3.0.18.Final.jar (325/932 kB) | jakarta.servlet-api-4.0.3.jar (83 kB)Progress (3): quarkus-http-servlet-3.0.18.Final.jar (282/498 kB) | quarkus-http-core-3.0.18.Final.jar (325/932 kB) | jakarta.servlet-api-4.0.3.jar (83 kB)Progress (3): quarkus-http-servlet-3.0.18.Final.jar (285/498 kB) | quarkus-http-core-3.0.18.Final.jar (325/932 kB) | jakarta.servlet-api-4.0.3.jar (83 kB)Progress (3): quarkus-http-servlet-3.0.18.Final.jar (285/498 kB) | quarkus-http-core-3.0.18.Final.jar (329/932 kB) | jakarta.servlet-api-4.0.3.jar (83 kB)Progress (3): quarkus-http-servlet-3.0.18.Final.jar (288/498 kB) | quarkus-http-core-3.0.18.Final.jar (329/932 kB) | jakarta.servlet-api-4.0.3.jar (83 kB)Progress (3): quarkus-http-servlet-3.0.18.Final.jar (291/498 kB) | quarkus-http-core-3.0.18.Final.jar (329/932 kB) | jakarta.servlet-api-4.0.3.jar (83 kB)Progress (3): quarkus-http-servlet-3.0.18.Final.jar (291/498 kB) | quarkus-http-core-3.0.18.Final.jar (333/932 kB) | jakarta.servlet-api-4.0.3.jar (83 kB)Progress (3): quarkus-http-servlet-3.0.18.Final.jar (293/498 kB) | quarkus-http-core-3.0.18.Final.jar (333/932 kB) | jakarta.servlet-api-4.0.3.jar (83 kB)Progress (4): quarkus-http-servlet-3.0.18.Final.jar (293/498 kB) | quarkus-http-core-3.0.18.Final.jar (333/932 kB) | jakarta.servlet-api-4.0.3.jar (83 kB) | quarkus-resteasy-common-deployment-1.12.0.Final.jar (2.7/22 kB)Progress (4): quarkus-http-servlet-3.0.18.Final.jar (293/498 kB) | quarkus-http-core-3.0.18.Final.jar (337/932 kB) | jakarta.servlet-api-4.0.3.jar (83 kB) | quarkus-resteasy-common-deployment-1.12.0.Final.jar (2.7/22 kB)                                                                                                                                                                                                                            Downloaded from central: https://repo.maven.apache.org/maven2/jakarta/servlet/jakarta.servlet-api/4.0.3/jakarta.servlet-api-4.0.3.jar (83 kB at 584 kB/s)
Progress (3): quarkus-http-servlet-3.0.18.Final.jar (296/498 kB) | quarkus-http-core-3.0.18.Final.jar (337/932 kB) | quarkus-resteasy-common-deployment-1.12.0.Final.jar (2.7/22 kB)Progress (3): quarkus-http-servlet-3.0.18.Final.jar (296/498 kB) | quarkus-http-core-3.0.18.Final.jar (337/932 kB) | quarkus-resteasy-common-deployment-1.12.0.Final.jar (5.5/22 kB)Progress (3): quarkus-http-servlet-3.0.18.Final.jar (299/498 kB) | quarkus-http-core-3.0.18.Final.jar (337/932 kB) | quarkus-resteasy-common-deployment-1.12.0.Final.jar (5.5/22 kB)Progress (3): quarkus-http-servlet-3.0.18.Final.jar (299/498 kB) | quarkus-http-core-3.0.18.Final.jar (341/932 kB) | quarkus-resteasy-common-deployment-1.12.0.Final.jar (5.5/22 kB)                                                                                                                                                                                    Downloading from central: https://repo.maven.apache.org/maven2/org/jboss/metadata/jboss-metadata-common/11.0.0.Final/jboss-metadata-common-11.0.0.Final.jar
Progress (3): quarkus-http-servlet-3.0.18.Final.jar (299/498 kB) | quarkus-http-core-3.0.18.Final.jar (341/932 kB) | quarkus-resteasy-common-deployment-1.12.0.Final.jar (8.2/22 kB)Progress (3): quarkus-http-servlet-3.0.18.Final.jar (302/498 kB) | quarkus-http-core-3.0.18.Final.jar (341/932 kB) | quarkus-resteasy-common-deployment-1.12.0.Final.jar (8.2/22 kB)Progress (3): quarkus-http-servlet-3.0.18.Final.jar (302/498 kB) | quarkus-http-core-3.0.18.Final.jar (341/932 kB) | quarkus-resteasy-common-deployment-1.12.0.Final.jar (11/22 kB) Progress (3): quarkus-http-servlet-3.0.18.Final.jar (302/498 kB) | quarkus-http-core-3.0.18.Final.jar (345/932 kB) | quarkus-resteasy-common-deployment-1.12.0.Final.jar (11/22 kB)Progress (3): quarkus-http-servlet-3.0.18.Final.jar (304/498 kB) | quarkus-http-core-3.0.18.Final.jar (345/932 kB) | quarkus-resteasy-common-deployment-1.12.0.Final.jar (11/22 kB)Progress (3): quarkus-http-servlet-3.0.18.Final.jar (304/498 kB) | quarkus-http-core-3.0.18.Final.jar (345/932 kB) | quarkus-resteasy-common-deployment-1.12.0.Final.jar (14/22 kB)Progress (3): quarkus-http-servlet-3.0.18.Final.jar (307/498 kB) | quarkus-http-core-3.0.18.Final.jar (345/932 kB) | quarkus-resteasy-common-deployment-1.12.0.Final.jar (14/22 kB)Progress (3): quarkus-http-servlet-3.0.18.Final.jar (307/498 kB) | quarkus-http-core-3.0.18.Final.jar (350/932 kB) | quarkus-resteasy-common-deployment-1.12.0.Final.jar (14/22 kB)Progress (3): quarkus-http-servlet-3.0.18.Final.jar (307/498 kB) | quarkus-http-core-3.0.18.Final.jar (350/932 kB) | quarkus-resteasy-common-deployment-1.12.0.Final.jar (16/22 kB)Progress (3): quarkus-http-servlet-3.0.18.Final.jar (310/498 kB) | quarkus-http-core-3.0.18.Final.jar (350/932 kB) | quarkus-resteasy-common-deployment-1.12.0.Final.jar (16/22 kB)Progress (3): quarkus-http-servlet-3.0.18.Final.jar (310/498 kB) | quarkus-http-core-3.0.18.Final.jar (350/932 kB) | quarkus-resteasy-common-deployment-1.12.0.Final.jar (19/22 kB)Progress (3): quarkus-http-servlet-3.0.18.Final.jar (313/498 kB) | quarkus-http-core-3.0.18.Final.jar (350/932 kB) | quarkus-resteasy-common-deployment-1.12.0.Final.jar (19/22 kB)Progress (3): quarkus-http-servlet-3.0.18.Final.jar (313/498 kB) | quarkus-http-core-3.0.18.Final.jar (354/932 kB) | quarkus-resteasy-common-deployment-1.12.0.Final.jar (19/22 kB)Progress (3): quarkus-http-servlet-3.0.18.Final.jar (313/498 kB) | quarkus-http-core-3.0.18.Final.jar (354/932 kB) | quarkus-resteasy-common-deployment-1.12.0.Final.jar (22/22 kB)Progress (3): quarkus-http-servlet-3.0.18.Final.jar (313/498 kB) | quarkus-http-core-3.0.18.Final.jar (354/932 kB) | quarkus-resteasy-common-deployment-1.12.0.Final.jar (22 kB)   Progress (3): quarkus-http-servlet-3.0.18.Final.jar (315/498 kB) | quarkus-http-core-3.0.18.Final.jar (354/932 kB) | quarkus-resteasy-common-deployment-1.12.0.Final.jar (22 kB)Progress (3): quarkus-http-servlet-3.0.18.Final.jar (315/498 kB) | quarkus-http-core-3.0.18.Final.jar (358/932 kB) | quarkus-resteasy-common-deployment-1.12.0.Final.jar (22 kB)Progress (3): quarkus-http-servlet-3.0.18.Final.jar (318/498 kB) | quarkus-http-core-3.0.18.Final.jar (358/932 kB) | quarkus-resteasy-common-deployment-1.12.0.Final.jar (22 kB)Progress (3): quarkus-http-servlet-3.0.18.Final.jar (321/498 kB) | quarkus-http-core-3.0.18.Final.jar (358/932 kB) | quarkus-resteasy-common-deployment-1.12.0.Final.jar (22 kB)Progress (3): quarkus-http-servlet-3.0.18.Final.jar (321/498 kB) | quarkus-http-core-3.0.18.Final.jar (362/932 kB) | quarkus-resteasy-common-deployment-1.12.0.Final.jar (22 kB)Progress (3): quarkus-http-servlet-3.0.18.Final.jar (321/498 kB) | quarkus-http-core-3.0.18.Final.jar (366/932 kB) | quarkus-resteasy-common-deployment-1.12.0.Final.jar (22 kB)Progress (3): quarkus-http-servlet-3.0.18.Final.jar (321/498 kB) | quarkus-http-core-3.0.18.Final.jar (370/932 kB) | quarkus-resteasy-common-deployment-1.12.0.Final.jar (22 kB)Progress (3): quarkus-http-servlet-3.0.18.Final.jar (321/498 kB) | quarkus-http-core-3.0.18.Final.jar (374/932 kB) | quarkus-resteasy-common-deployment-1.12.0.Final.jar (22 kB)Progress (3): quarkus-http-servlet-3.0.18.Final.jar (321/498 kB) | quarkus-http-core-3.0.18.Final.jar (378/932 kB) | quarkus-resteasy-common-deployment-1.12.0.Final.jar (22 kB)Progress (3): quarkus-http-servlet-3.0.18.Final.jar (324/498 kB) | quarkus-http-core-3.0.18.Final.jar (378/932 kB) | quarkus-resteasy-common-deployment-1.12.0.Final.jar (22 kB)Progress (3): quarkus-http-servlet-3.0.18.Final.jar (326/498 kB) | quarkus-http-core-3.0.18.Final.jar (378/932 kB) | quarkus-resteasy-common-deployment-1.12.0.Final.jar (22 kB)Progress (3): quarkus-http-servlet-3.0.18.Final.jar (326/498 kB) | quarkus-http-core-3.0.18.Final.jar (383/932 kB) | quarkus-resteasy-common-deployment-1.12.0.Final.jar (22 kB)Progress (3): quarkus-http-servlet-3.0.18.Final.jar (329/498 kB) | quarkus-http-core-3.0.18.Final.jar (383/932 kB) | quarkus-resteasy-common-deployment-1.12.0.Final.jar (22 kB)Progress (3): quarkus-http-servlet-3.0.18.Final.jar (329/498 kB) | quarkus-http-core-3.0.18.Final.jar (387/932 kB) | quarkus-resteasy-common-deployment-1.12.0.Final.jar (22 kB)Progress (3): quarkus-http-servlet-3.0.18.Final.jar (332/498 kB) | quarkus-http-core-3.0.18.Final.jar (387/932 kB) | quarkus-resteasy-common-deployment-1.12.0.Final.jar (22 kB)Progress (3): quarkus-http-servlet-3.0.18.Final.jar (332/498 kB) | quarkus-http-core-3.0.18.Final.jar (391/932 kB) | quarkus-resteasy-common-deployment-1.12.0.Final.jar (22 kB)Progress (3): quarkus-http-servlet-3.0.18.Final.jar (335/498 kB) | quarkus-http-core-3.0.18.Final.jar (391/932 kB) | quarkus-resteasy-common-deployment-1.12.0.Final.jar (22 kB)Progress (3): quarkus-http-servlet-3.0.18.Final.jar (337/498 kB) | quarkus-http-core-3.0.18.Final.jar (391/932 kB) | quarkus-resteasy-common-deployment-1.12.0.Final.jar (22 kB)Progress (3): quarkus-http-servlet-3.0.18.Final.jar (337/498 kB) | quarkus-http-core-3.0.18.Final.jar (395/932 kB) | quarkus-resteasy-common-deployment-1.12.0.Final.jar (22 kB)Progress (3): quarkus-http-servlet-3.0.18.Final.jar (340/498 kB) | quarkus-http-core-3.0.18.Final.jar (395/932 kB) | quarkus-resteasy-common-deployment-1.12.0.Final.jar (22 kB)Progress (3): quarkus-http-servlet-3.0.18.Final.jar (343/498 kB) | quarkus-http-core-3.0.18.Final.jar (395/932 kB) | quarkus-resteasy-common-deployment-1.12.0.Final.jar (22 kB)Progress (3): quarkus-http-servlet-3.0.18.Final.jar (343/498 kB) | quarkus-http-core-3.0.18.Final.jar (399/932 kB) | quarkus-resteasy-common-deployment-1.12.0.Final.jar (22 kB)Progress (3): quarkus-http-servlet-3.0.18.Final.jar (345/498 kB) | quarkus-http-core-3.0.18.Final.jar (399/932 kB) | quarkus-resteasy-common-deployment-1.12.0.Final.jar (22 kB)Progress (3): quarkus-http-servlet-3.0.18.Final.jar (348/498 kB) | quarkus-http-core-3.0.18.Final.jar (399/932 kB) | quarkus-resteasy-common-deployment-1.12.0.Final.jar (22 kB)Progress (3): quarkus-http-servlet-3.0.18.Final.jar (348/498 kB) | quarkus-http-core-3.0.18.Final.jar (403/932 kB) | quarkus-resteasy-common-deployment-1.12.0.Final.jar (22 kB)Progress (3): quarkus-http-servlet-3.0.18.Final.jar (351/498 kB) | quarkus-http-core-3.0.18.Final.jar (403/932 kB) | quarkus-resteasy-common-deployment-1.12.0.Final.jar (22 kB)Progress (3): quarkus-http-servlet-3.0.18.Final.jar (351/498 kB) | quarkus-http-core-3.0.18.Final.jar (407/932 kB) | quarkus-resteasy-common-deployment-1.12.0.Final.jar (22 kB)Progress (3): quarkus-http-servlet-3.0.18.Final.jar (354/498 kB) | quarkus-http-core-3.0.18.Final.jar (407/932 kB) | quarkus-resteasy-common-deployment-1.12.0.Final.jar (22 kB)Progress (3): quarkus-http-servlet-3.0.18.Final.jar (354/498 kB) | quarkus-http-core-3.0.18.Final.jar (411/932 kB) | quarkus-resteasy-common-deployment-1.12.0.Final.jar (22 kB)Progress (3): quarkus-http-servlet-3.0.18.Final.jar (356/498 kB) | quarkus-http-core-3.0.18.Final.jar (411/932 kB) | quarkus-resteasy-common-deployment-1.12.0.Final.jar (22 kB)Progress (3): quarkus-http-servlet-3.0.18.Final.jar (359/498 kB) | quarkus-http-core-3.0.18.Final.jar (411/932 kB) | quarkus-resteasy-common-deployment-1.12.0.Final.jar (22 kB)Progress (3): quarkus-http-servlet-3.0.18.Final.jar (359/498 kB) | quarkus-http-core-3.0.18.Final.jar (415/932 kB) | quarkus-resteasy-common-deployment-1.12.0.Final.jar (22 kB)Progress (3): quarkus-http-servlet-3.0.18.Final.jar (362/498 kB) | quarkus-http-core-3.0.18.Final.jar (415/932 kB) | quarkus-resteasy-common-deployment-1.12.0.Final.jar (22 kB)Progress (3): quarkus-http-servlet-3.0.18.Final.jar (365/498 kB) | quarkus-http-core-3.0.18.Final.jar (415/932 kB) | quarkus-resteasy-common-deployment-1.12.0.Final.jar (22 kB)Progress (3): quarkus-http-servlet-3.0.18.Final.jar (365/498 kB) | quarkus-http-core-3.0.18.Final.jar (420/932 kB) | quarkus-resteasy-common-deployment-1.12.0.Final.jar (22 kB)Progress (3): quarkus-http-servlet-3.0.18.Final.jar (367/498 kB) | quarkus-http-core-3.0.18.Final.jar (420/932 kB) | quarkus-resteasy-common-deployment-1.12.0.Final.jar (22 kB)Progress (3): quarkus-http-servlet-3.0.18.Final.jar (367/498 kB) | quarkus-http-core-3.0.18.Final.jar (424/932 kB) | quarkus-resteasy-common-deployment-1.12.0.Final.jar (22 kB)Progress (3): quarkus-http-servlet-3.0.18.Final.jar (370/498 kB) | quarkus-http-core-3.0.18.Final.jar (424/932 kB) | quarkus-resteasy-common-deployment-1.12.0.Final.jar (22 kB)Progress (3): quarkus-http-servlet-3.0.18.Final.jar (373/498 kB) | quarkus-http-core-3.0.18.Final.jar (424/932 kB) | quarkus-resteasy-common-deployment-1.12.0.Final.jar (22 kB)Progress (3): quarkus-http-servlet-3.0.18.Final.jar (373/498 kB) | quarkus-http-core-3.0.18.Final.jar (428/932 kB) | quarkus-resteasy-common-deployment-1.12.0.Final.jar (22 kB)Progress (3): quarkus-http-servlet-3.0.18.Final.jar (376/498 kB) | quarkus-http-core-3.0.18.Final.jar (428/932 kB) | quarkus-resteasy-common-deployment-1.12.0.Final.jar (22 kB)Progress (3): quarkus-http-servlet-3.0.18.Final.jar (376/498 kB) | quarkus-http-core-3.0.18.Final.jar (432/932 kB) | quarkus-resteasy-common-deployment-1.12.0.Final.jar (22 kB)Progress (3): quarkus-http-servlet-3.0.18.Final.jar (378/498 kB) | quarkus-http-core-3.0.18.Final.jar (432/932 kB) | quarkus-resteasy-common-deployment-1.12.0.Final.jar (22 kB)Progress (3): quarkus-http-servlet-3.0.18.Final.jar (378/498 kB) | quarkus-http-core-3.0.18.Final.jar (436/932 kB) | quarkus-resteasy-common-deployment-1.12.0.Final.jar (22 kB)Progress (3): quarkus-http-servlet-3.0.18.Final.jar (381/498 kB) | quarkus-http-core-3.0.18.Final.jar (436/932 kB) | quarkus-resteasy-common-deployment-1.12.0.Final.jar (22 kB)Progress (3): quarkus-http-servlet-3.0.18.Final.jar (381/498 kB) | quarkus-http-core-3.0.18.Final.jar (440/932 kB) | quarkus-resteasy-common-deployment-1.12.0.Final.jar (22 kB)Progress (3): quarkus-http-servlet-3.0.18.Final.jar (381/498 kB) | quarkus-http-core-3.0.18.Final.jar (444/932 kB) | quarkus-resteasy-common-deployment-1.12.0.Final.jar (22 kB)Progress (3): quarkus-http-servlet-3.0.18.Final.jar (381/498 kB) | quarkus-http-core-3.0.18.Final.jar (448/932 kB) | quarkus-resteasy-common-deployment-1.12.0.Final.jar (22 kB)Progress (3): quarkus-http-servlet-3.0.18.Final.jar (381/498 kB) | quarkus-http-core-3.0.18.Final.jar (452/932 kB) | quarkus-resteasy-common-deployment-1.12.0.Final.jar (22 kB)Progress (4): quarkus-http-servlet-3.0.18.Final.jar (381/498 kB) | quarkus-http-core-3.0.18.Final.jar (452/932 kB) | quarkus-resteasy-common-deployment-1.12.0.Final.jar (22 kB) | jboss-metadata-common-11.0.0.Final.jar (2.7/475 kB)Progress (4): quarkus-http-servlet-3.0.18.Final.jar (384/498 kB) | quarkus-http-core-3.0.18.Final.jar (452/932 kB) | quarkus-resteasy-common-deployment-1.12.0.Final.jar (22 kB) | jboss-metadata-common-11.0.0.Final.jar (2.7/475 kB)Progress (4): quarkus-http-servlet-3.0.18.Final.jar (384/498 kB) | quarkus-http-core-3.0.18.Final.jar (457/932 kB) | quarkus-resteasy-common-deployment-1.12.0.Final.jar (22 kB) | jboss-metadata-common-11.0.0.Final.jar (2.7/475 kB)Progress (4): quarkus-http-servlet-3.0.18.Final.jar (384/498 kB) | quarkus-http-core-3.0.18.Final.jar (457/932 kB) | quarkus-resteasy-common-deployment-1.12.0.Final.jar (22 kB) | jboss-metadata-common-11.0.0.Final.jar (5.5/475 kB)Progress (4): quarkus-http-servlet-3.0.18.Final.jar (384/498 kB) | quarkus-http-core-3.0.18.Final.jar (457/932 kB) | quarkus-resteasy-common-deployment-1.12.0.Final.jar (22 kB) | jboss-metadata-common-11.0.0.Final.jar (8.2/475 kB)Progress (4): quarkus-http-servlet-3.0.18.Final.jar (384/498 kB) | quarkus-http-core-3.0.18.Final.jar (461/932 kB) | quarkus-resteasy-common-deployment-1.12.0.Final.jar (22 kB) | jboss-metadata-common-11.0.0.Final.jar (8.2/475 kB)Progress (4): quarkus-http-servlet-3.0.18.Final.jar (387/498 kB) | quarkus-http-core-3.0.18.Final.jar (461/932 kB) | quarkus-resteasy-common-deployment-1.12.0.Final.jar (22 kB) | jboss-metadata-common-11.0.0.Final.jar (8.2/475 kB)Progress (4): quarkus-http-servlet-3.0.18.Final.jar (387/498 kB) | quarkus-http-core-3.0.18.Final.jar (461/932 kB) | quarkus-resteasy-common-deployment-1.12.0.Final.jar (22 kB) | jboss-metadata-common-11.0.0.Final.jar (11/475 kB) Progress (4): quarkus-http-servlet-3.0.18.Final.jar (389/498 kB) | quarkus-http-core-3.0.18.Final.jar (461/932 kB) | quarkus-resteasy-common-deployment-1.12.0.Final.jar (22 kB) | jboss-metadata-common-11.0.0.Final.jar (11/475 kB)Progress (4): quarkus-http-servlet-3.0.18.Final.jar (389/498 kB) | quarkus-http-core-3.0.18.Final.jar (465/932 kB) | quarkus-resteasy-common-deployment-1.12.0.Final.jar (22 kB) | jboss-metadata-common-11.0.0.Final.jar (11/475 kB)Progress (4): quarkus-http-servlet-3.0.18.Final.jar (389/498 kB) | quarkus-http-core-3.0.18.Final.jar (465/932 kB) | quarkus-resteasy-common-deployment-1.12.0.Final.jar (22 kB) | jboss-metadata-common-11.0.0.Final.jar (14/475 kB)Progress (4): quarkus-http-servlet-3.0.18.Final.jar (392/498 kB) | quarkus-http-core-3.0.18.Final.jar (465/932 kB) | quarkus-resteasy-common-deployment-1.12.0.Final.jar (22 kB) | jboss-metadata-common-11.0.0.Final.jar (14/475 kB)Progress (4): quarkus-http-servlet-3.0.18.Final.jar (392/498 kB) | quarkus-http-core-3.0.18.Final.jar (465/932 kB) | quarkus-resteasy-common-deployment-1.12.0.Final.jar (22 kB) | jboss-metadata-common-11.0.0.Final.jar (16/475 kB)Progress (4): quarkus-http-servlet-3.0.18.Final.jar (392/498 kB) | quarkus-http-core-3.0.18.Final.jar (469/932 kB) | quarkus-resteasy-common-deployment-1.12.0.Final.jar (22 kB) | jboss-metadata-common-11.0.0.Final.jar (16/475 kB)Progress (4): quarkus-http-servlet-3.0.18.Final.jar (395/498 kB) | quarkus-http-core-3.0.18.Final.jar (469/932 kB) | quarkus-resteasy-common-deployment-1.12.0.Final.jar (22 kB) | jboss-metadata-common-11.0.0.Final.jar (16/475 kB)Progress (4): quarkus-http-servlet-3.0.18.Final.jar (395/498 kB) | quarkus-http-core-3.0.18.Final.jar (473/932 kB) | quarkus-resteasy-common-deployment-1.12.0.Final.jar (22 kB) | jboss-metadata-common-11.0.0.Final.jar (16/475 kB)Progress (4): quarkus-http-servlet-3.0.18.Final.jar (395/498 kB) | quarkus-http-core-3.0.18.Final.jar (481/932 kB) | quarkus-resteasy-common-deployment-1.12.0.Final.jar (22 kB) | jboss-metadata-common-11.0.0.Final.jar (16/475 kB)Progress (4): quarkus-http-servlet-3.0.18.Final.jar (395/498 kB) | quarkus-http-core-3.0.18.Final.jar (489/932 kB) | quarkus-resteasy-common-deployment-1.12.0.Final.jar (22 kB) | jboss-metadata-common-11.0.0.Final.jar (16/475 kB)Progress (4): quarkus-http-servlet-3.0.18.Final.jar (395/498 kB) | quarkus-http-core-3.0.18.Final.jar (489/932 kB) | quarkus-resteasy-common-deployment-1.12.0.Final.jar (22 kB) | jboss-metadata-common-11.0.0.Final.jar (19/475 kB)Progress (4): quarkus-http-servlet-3.0.18.Final.jar (398/498 kB) | quarkus-http-core-3.0.18.Final.jar (489/932 kB) | quarkus-resteasy-common-deployment-1.12.0.Final.jar (22 kB) | jboss-metadata-common-11.0.0.Final.jar (19/475 kB)Progress (4): quarkus-http-servlet-3.0.18.Final.jar (398/498 kB) | quarkus-http-core-3.0.18.Final.jar (498/932 kB) | quarkus-resteasy-common-deployment-1.12.0.Final.jar (22 kB) | jboss-metadata-common-11.0.0.Final.jar (19/475 kB)Progress (4): quarkus-http-servlet-3.0.18.Final.jar (400/498 kB) | quarkus-http-core-3.0.18.Final.jar (498/932 kB) | quarkus-resteasy-common-deployment-1.12.0.Final.jar (22 kB) | jboss-metadata-common-11.0.0.Final.jar (19/475 kB)Progress (4): quarkus-http-servlet-3.0.18.Final.jar (400/498 kB) | quarkus-http-core-3.0.18.Final.jar (498/932 kB) | quarkus-resteasy-common-deployment-1.12.0.Final.jar (22 kB) | jboss-metadata-common-11.0.0.Final.jar (22/475 kB)Progress (4): quarkus-http-servlet-3.0.18.Final.jar (400/498 kB) | quarkus-http-core-3.0.18.Final.jar (506/932 kB) | quarkus-resteasy-common-deployment-1.12.0.Final.jar (22 kB) | jboss-metadata-common-11.0.0.Final.jar (22/475 kB)Progress (4): quarkus-http-servlet-3.0.18.Final.jar (403/498 kB) | quarkus-http-core-3.0.18.Final.jar (506/932 kB) | quarkus-resteasy-common-deployment-1.12.0.Final.jar (22 kB) | jboss-metadata-common-11.0.0.Final.jar (22/475 kB)Progress (4): quarkus-http-servlet-3.0.18.Final.jar (403/498 kB) | quarkus-http-core-3.0.18.Final.jar (506/932 kB) | quarkus-resteasy-common-deployment-1.12.0.Final.jar (22 kB) | jboss-metadata-common-11.0.0.Final.jar (25/475 kB)Progress (4): quarkus-http-servlet-3.0.18.Final.jar (406/498 kB) | quarkus-http-core-3.0.18.Final.jar (506/932 kB) | quarkus-resteasy-common-deployment-1.12.0.Final.jar (22 kB) | jboss-metadata-common-11.0.0.Final.jar (25/475 kB)Progress (4): quarkus-http-servlet-3.0.18.Final.jar (406/498 kB) | quarkus-http-core-3.0.18.Final.jar (506/932 kB) | quarkus-resteasy-common-deployment-1.12.0.Final.jar (22 kB) | jboss-metadata-common-11.0.0.Final.jar (27/475 kB)Progress (4): quarkus-http-servlet-3.0.18.Final.jar (409/498 kB) | quarkus-http-core-3.0.18.Final.jar (506/932 kB) | quarkus-resteasy-common-deployment-1.12.0.Final.jar (22 kB) | jboss-metadata-common-11.0.0.Final.jar (27/475 kB)Progress (4): quarkus-http-servlet-3.0.18.Final.jar (409/498 kB) | quarkus-http-core-3.0.18.Final.jar (506/932 kB) | quarkus-resteasy-common-deployment-1.12.0.Final.jar (22 kB) | jboss-metadata-common-11.0.0.Final.jar (30/475 kB)Progress (4): quarkus-http-servlet-3.0.18.Final.jar (409/498 kB) | quarkus-http-core-3.0.18.Final.jar (514/932 kB) | quarkus-resteasy-common-deployment-1.12.0.Final.jar (22 kB) | jboss-metadata-common-11.0.0.Final.jar (30/475 kB)Progress (4): quarkus-http-servlet-3.0.18.Final.jar (411/498 kB) | quarkus-http-core-3.0.18.Final.jar (514/932 kB) | quarkus-resteasy-common-deployment-1.12.0.Final.jar (22 kB) | jboss-metadata-common-11.0.0.Final.jar (30/475 kB)Progress (4): quarkus-http-servlet-3.0.18.Final.jar (414/498 kB) | quarkus-http-core-3.0.18.Final.jar (514/932 kB) | quarkus-resteasy-common-deployment-1.12.0.Final.jar (22 kB) | jboss-metadata-common-11.0.0.Final.jar (30/475 kB)Progress (4): quarkus-http-servlet-3.0.18.Final.jar (414/498 kB) | quarkus-http-core-3.0.18.Final.jar (514/932 kB) | quarkus-resteasy-common-deployment-1.12.0.Final.jar (22 kB) | jboss-metadata-common-11.0.0.Final.jar (33/475 kB)Progress (4): quarkus-http-servlet-3.0.18.Final.jar (417/498 kB) | quarkus-http-core-3.0.18.Final.jar (514/932 kB) | quarkus-resteasy-common-deployment-1.12.0.Final.jar (22 kB) | jboss-metadata-common-11.0.0.Final.jar (33/475 kB)Progress (4): quarkus-http-servlet-3.0.18.Final.jar (417/498 kB) | quarkus-http-core-3.0.18.Final.jar (522/932 kB) | quarkus-resteasy-common-deployment-1.12.0.Final.jar (22 kB) | jboss-metadata-common-11.0.0.Final.jar (33/475 kB)Progress (4): quarkus-http-servlet-3.0.18.Final.jar (420/498 kB) | quarkus-http-core-3.0.18.Final.jar (522/932 kB) | quarkus-resteasy-common-deployment-1.12.0.Final.jar (22 kB) | jboss-metadata-common-11.0.0.Final.jar (33/475 kB)Progress (4): quarkus-http-servlet-3.0.18.Final.jar (422/498 kB) | quarkus-http-core-3.0.18.Final.jar (522/932 kB) | quarkus-resteasy-common-deployment-1.12.0.Final.jar (22 kB) | jboss-metadata-common-11.0.0.Final.jar (33/475 kB)Progress (4): quarkus-http-servlet-3.0.18.Final.jar (425/498 kB) | quarkus-http-core-3.0.18.Final.jar (522/932 kB) | quarkus-resteasy-common-deployment-1.12.0.Final.jar (22 kB) | jboss-metadata-common-11.0.0.Final.jar (33/475 kB)Progress (4): quarkus-http-servlet-3.0.18.Final.jar (425/498 kB) | quarkus-http-core-3.0.18.Final.jar (530/932 kB) | quarkus-resteasy-common-deployment-1.12.0.Final.jar (22 kB) | jboss-metadata-common-11.0.0.Final.jar (33/475 kB)Progress (4): quarkus-http-servlet-3.0.18.Final.jar (428/498 kB) | quarkus-http-core-3.0.18.Final.jar (530/932 kB) | quarkus-resteasy-common-deployment-1.12.0.Final.jar (22 kB) | jboss-metadata-common-11.0.0.Final.jar (33/475 kB)Progress (4): quarkus-http-servlet-3.0.18.Final.jar (430/498 kB) | quarkus-http-core-3.0.18.Final.jar (530/932 kB) | quarkus-resteasy-common-deployment-1.12.0.Final.jar (22 kB) | jboss-metadata-common-11.0.0.Final.jar (33/475 kB)Progress (4): quarkus-http-servlet-3.0.18.Final.jar (430/498 kB) | quarkus-http-core-3.0.18.Final.jar (539/932 kB) | quarkus-resteasy-common-deployment-1.12.0.Final.jar (22 kB) | jboss-metadata-common-11.0.0.Final.jar (33/475 kB)Progress (4): quarkus-http-servlet-3.0.18.Final.jar (433/498 kB) | quarkus-http-core-3.0.18.Final.jar (539/932 kB) | quarkus-resteasy-common-deployment-1.12.0.Final.jar (22 kB) | jboss-metadata-common-11.0.0.Final.jar (33/475 kB)Progress (4): quarkus-http-servlet-3.0.18.Final.jar (436/498 kB) | quarkus-http-core-3.0.18.Final.jar (539/932 kB) | quarkus-resteasy-common-deployment-1.12.0.Final.jar (22 kB) | jboss-metadata-common-11.0.0.Final.jar (33/475 kB)Progress (4): quarkus-http-servlet-3.0.18.Final.jar (439/498 kB) | quarkus-http-core-3.0.18.Final.jar (539/932 kB) | quarkus-resteasy-common-deployment-1.12.0.Final.jar (22 kB) | jboss-metadata-common-11.0.0.Final.jar (33/475 kB)Progress (4): quarkus-http-servlet-3.0.18.Final.jar (439/498 kB) | quarkus-http-core-3.0.18.Final.jar (547/932 kB) | quarkus-resteasy-common-deployment-1.12.0.Final.jar (22 kB) | jboss-metadata-common-11.0.0.Final.jar (33/475 kB)Progress (4): quarkus-http-servlet-3.0.18.Final.jar (441/498 kB) | quarkus-http-core-3.0.18.Final.jar (547/932 kB) | quarkus-resteasy-common-deployment-1.12.0.Final.jar (22 kB) | jboss-metadata-common-11.0.0.Final.jar (33/475 kB)Progress (4): quarkus-http-servlet-3.0.18.Final.jar (441/498 kB) | quarkus-http-core-3.0.18.Final.jar (555/932 kB) | quarkus-resteasy-common-deployment-1.12.0.Final.jar (22 kB) | jboss-metadata-common-11.0.0.Final.jar (33/475 kB)Progress (4): quarkus-http-servlet-3.0.18.Final.jar (441/498 kB) | quarkus-http-core-3.0.18.Final.jar (563/932 kB) | quarkus-resteasy-common-deployment-1.12.0.Final.jar (22 kB) | jboss-metadata-common-11.0.0.Final.jar (33/475 kB)Progress (4): quarkus-http-servlet-3.0.18.Final.jar (441/498 kB) | quarkus-http-core-3.0.18.Final.jar (571/932 kB) | quarkus-resteasy-common-deployment-1.12.0.Final.jar (22 kB) | jboss-metadata-common-11.0.0.Final.jar (33/475 kB)Progress (4): quarkus-http-servlet-3.0.18.Final.jar (441/498 kB) | quarkus-http-core-3.0.18.Final.jar (579/932 kB) | quarkus-resteasy-common-deployment-1.12.0.Final.jar (22 kB) | jboss-metadata-common-11.0.0.Final.jar (33/475 kB)Progress (4): quarkus-http-servlet-3.0.18.Final.jar (441/498 kB) | quarkus-http-core-3.0.18.Final.jar (588/932 kB) | quarkus-resteasy-common-deployment-1.12.0.Final.jar (22 kB) | jboss-metadata-common-11.0.0.Final.jar (33/475 kB)Progress (4): quarkus-http-servlet-3.0.18.Final.jar (441/498 kB) | quarkus-http-core-3.0.18.Final.jar (588/932 kB) | quarkus-resteasy-common-deployment-1.12.0.Final.jar (22 kB) | jboss-metadata-common-11.0.0.Final.jar (36/475 kB)Progress (4): quarkus-http-servlet-3.0.18.Final.jar (441/498 kB) | quarkus-http-core-3.0.18.Final.jar (596/932 kB) | quarkus-resteasy-common-deployment-1.12.0.Final.jar (22 kB) | jboss-metadata-common-11.0.0.Final.jar (36/475 kB)Progress (4): quarkus-http-servlet-3.0.18.Final.jar (444/498 kB) | quarkus-http-core-3.0.18.Final.jar (596/932 kB) | quarkus-resteasy-common-deployment-1.12.0.Final.jar (22 kB) | jboss-metadata-common-11.0.0.Final.jar (36/475 kB)Progress (4): quarkus-http-servlet-3.0.18.Final.jar (444/498 kB) | quarkus-http-core-3.0.18.Final.jar (596/932 kB) | quarkus-resteasy-common-deployment-1.12.0.Final.jar (22 kB) | jboss-metadata-common-11.0.0.Final.jar (38/475 kB)Progress (4): quarkus-http-servlet-3.0.18.Final.jar (444/498 kB) | quarkus-http-core-3.0.18.Final.jar (604/932 kB) | quarkus-resteasy-common-deployment-1.12.0.Final.jar (22 kB) | jboss-metadata-common-11.0.0.Final.jar (38/475 kB)Progress (4): quarkus-http-servlet-3.0.18.Final.jar (444/498 kB) | quarkus-http-core-3.0.18.Final.jar (604/932 kB) | quarkus-resteasy-common-deployment-1.12.0.Final.jar (22 kB) | jboss-metadata-common-11.0.0.Final.jar (41/475 kB)Progress (4): quarkus-http-servlet-3.0.18.Final.jar (447/498 kB) | quarkus-http-core-3.0.18.Final.jar (604/932 kB) | quarkus-resteasy-common-deployment-1.12.0.Final.jar (22 kB) | jboss-metadata-common-11.0.0.Final.jar (41/475 kB)Progress (4): quarkus-http-servlet-3.0.18.Final.jar (447/498 kB) | quarkus-http-core-3.0.18.Final.jar (604/932 kB) | quarkus-resteasy-common-deployment-1.12.0.Final.jar (22 kB) | jboss-metadata-common-11.0.0.Final.jar (44/475 kB)Progress (4): quarkus-http-servlet-3.0.18.Final.jar (450/498 kB) | quarkus-http-core-3.0.18.Final.jar (604/932 kB) | quarkus-resteasy-common-deployment-1.12.0.Final.jar (22 kB) | jboss-metadata-common-11.0.0.Final.jar (44/475 kB)Progress (4): quarkus-http-servlet-3.0.18.Final.jar (450/498 kB) | quarkus-http-core-3.0.18.Final.jar (604/932 kB) | quarkus-resteasy-common-deployment-1.12.0.Final.jar (22 kB) | jboss-metadata-common-11.0.0.Final.jar (47/475 kB)Progress (4): quarkus-http-servlet-3.0.18.Final.jar (452/498 kB) | quarkus-http-core-3.0.18.Final.jar (604/932 kB) | quarkus-resteasy-common-deployment-1.12.0.Final.jar (22 kB) | jboss-metadata-common-11.0.0.Final.jar (47/475 kB)Progress (4): quarkus-http-servlet-3.0.18.Final.jar (452/498 kB) | quarkus-http-core-3.0.18.Final.jar (612/932 kB) | quarkus-resteasy-common-deployment-1.12.0.Final.jar (22 kB) | jboss-metadata-common-11.0.0.Final.jar (47/475 kB)Progress (4): quarkus-http-servlet-3.0.18.Final.jar (455/498 kB) | quarkus-http-core-3.0.18.Final.jar (612/932 kB) | quarkus-resteasy-common-deployment-1.12.0.Final.jar (22 kB) | jboss-metadata-common-11.0.0.Final.jar (47/475 kB)Progress (4): quarkus-http-servlet-3.0.18.Final.jar (455/498 kB) | quarkus-http-core-3.0.18.Final.jar (612/932 kB) | quarkus-resteasy-common-deployment-1.12.0.Final.jar (22 kB) | jboss-metadata-common-11.0.0.Final.jar (49/475 kB)Progress (4): quarkus-http-servlet-3.0.18.Final.jar (458/498 kB) | quarkus-http-core-3.0.18.Final.jar (612/932 kB) | quarkus-resteasy-common-deployment-1.12.0.Final.jar (22 kB) | jboss-metadata-common-11.0.0.Final.jar (49/475 kB)Progress (4): quarkus-http-servlet-3.0.18.Final.jar (458/498 kB) | quarkus-http-core-3.0.18.Final.jar (620/932 kB) | quarkus-resteasy-common-deployment-1.12.0.Final.jar (22 kB) | jboss-metadata-common-11.0.0.Final.jar (49/475 kB)Progress (4): quarkus-http-servlet-3.0.18.Final.jar (458/498 kB) | quarkus-http-core-3.0.18.Final.jar (620/932 kB) | quarkus-resteasy-common-deployment-1.12.0.Final.jar (22 kB) | jboss-metadata-common-11.0.0.Final.jar (52/475 kB)Progress (4): quarkus-http-servlet-3.0.18.Final.jar (461/498 kB) | quarkus-http-core-3.0.18.Final.jar (620/932 kB) | quarkus-resteasy-common-deployment-1.12.0.Final.jar (22 kB) | jboss-metadata-common-11.0.0.Final.jar (52/475 kB)Progress (4): quarkus-http-servlet-3.0.18.Final.jar (461/498 kB) | quarkus-http-core-3.0.18.Final.jar (620/932 kB) | quarkus-resteasy-common-deployment-1.12.0.Final.jar (22 kB) | jboss-metadata-common-11.0.0.Final.jar (55/475 kB)Progress (4): quarkus-http-servlet-3.0.18.Final.jar (463/498 kB) | quarkus-http-core-3.0.18.Final.jar (620/932 kB) | quarkus-resteasy-common-deployment-1.12.0.Final.jar (22 kB) | jboss-metadata-common-11.0.0.Final.jar (55/475 kB)Progress (4): quarkus-http-servlet-3.0.18.Final.jar (463/498 kB) | quarkus-http-core-3.0.18.Final.jar (620/932 kB) | quarkus-resteasy-common-deployment-1.12.0.Final.jar (22 kB) | jboss-metadata-common-11.0.0.Final.jar (58/475 kB)Progress (4): quarkus-http-servlet-3.0.18.Final.jar (463/498 kB) | quarkus-http-core-3.0.18.Final.jar (629/932 kB) | quarkus-resteasy-common-deployment-1.12.0.Final.jar (22 kB) | jboss-metadata-common-11.0.0.Final.jar (58/475 kB)Progress (4): quarkus-http-servlet-3.0.18.Final.jar (466/498 kB) | quarkus-http-core-3.0.18.Final.jar (629/932 kB) | quarkus-resteasy-common-deployment-1.12.0.Final.jar (22 kB) | jboss-metadata-common-11.0.0.Final.jar (58/475 kB)Progress (4): quarkus-http-servlet-3.0.18.Final.jar (466/498 kB) | quarkus-http-core-3.0.18.Final.jar (629/932 kB) | quarkus-resteasy-common-deployment-1.12.0.Final.jar (22 kB) | jboss-metadata-common-11.0.0.Final.jar (60/475 kB)Progress (4): quarkus-http-servlet-3.0.18.Final.jar (466/498 kB) | quarkus-http-core-3.0.18.Final.jar (637/932 kB) | quarkus-resteasy-common-deployment-1.12.0.Final.jar (22 kB) | jboss-metadata-common-11.0.0.Final.jar (60/475 kB)Progress (4): quarkus-http-servlet-3.0.18.Final.jar (469/498 kB) | quarkus-http-core-3.0.18.Final.jar (637/932 kB) | quarkus-resteasy-common-deployment-1.12.0.Final.jar (22 kB) | jboss-metadata-common-11.0.0.Final.jar (60/475 kB)Progress (4): quarkus-http-servlet-3.0.18.Final.jar (472/498 kB) | quarkus-http-core-3.0.18.Final.jar (637/932 kB) | quarkus-resteasy-common-deployment-1.12.0.Final.jar (22 kB) | jboss-metadata-common-11.0.0.Final.jar (60/475 kB)Progress (4): quarkus-http-servlet-3.0.18.Final.jar (472/498 kB) | quarkus-http-core-3.0.18.Final.jar (645/932 kB) | quarkus-resteasy-common-deployment-1.12.0.Final.jar (22 kB) | jboss-metadata-common-11.0.0.Final.jar (60/475 kB)Progress (4): quarkus-http-servlet-3.0.18.Final.jar (474/498 kB) | quarkus-http-core-3.0.18.Final.jar (645/932 kB) | quarkus-resteasy-common-deployment-1.12.0.Final.jar (22 kB) | jboss-metadata-common-11.0.0.Final.jar (60/475 kB)Progress (4): quarkus-http-servlet-3.0.18.Final.jar (474/498 kB) | quarkus-http-core-3.0.18.Final.jar (653/932 kB) | quarkus-resteasy-common-deployment-1.12.0.Final.jar (22 kB) | jboss-metadata-common-11.0.0.Final.jar (60/475 kB)Progress (4): quarkus-http-servlet-3.0.18.Final.jar (478/498 kB) | quarkus-http-core-3.0.18.Final.jar (653/932 kB) | quarkus-resteasy-common-deployment-1.12.0.Final.jar (22 kB) | jboss-metadata-common-11.0.0.Final.jar (60/475 kB)Progress (4): quarkus-http-servlet-3.0.18.Final.jar (483/498 kB) | quarkus-http-core-3.0.18.Final.jar (653/932 kB) | quarkus-resteasy-common-deployment-1.12.0.Final.jar (22 kB) | jboss-metadata-common-11.0.0.Final.jar (60/475 kB)Progress (4): quarkus-http-servlet-3.0.18.Final.jar (483/498 kB) | quarkus-http-core-3.0.18.Final.jar (653/932 kB) | quarkus-resteasy-common-deployment-1.12.0.Final.jar (22 kB) | jboss-metadata-common-11.0.0.Final.jar (63/475 kB)Progress (4): quarkus-http-servlet-3.0.18.Final.jar (487/498 kB) | quarkus-http-core-3.0.18.Final.jar (653/932 kB) | quarkus-resteasy-common-deployment-1.12.0.Final.jar (22 kB) | jboss-metadata-common-11.0.0.Final.jar (63/475 kB)Progress (4): quarkus-http-servlet-3.0.18.Final.jar (491/498 kB) | quarkus-http-core-3.0.18.Final.jar (653/932 kB) | quarkus-resteasy-common-deployment-1.12.0.Final.jar (22 kB) | jboss-metadata-common-11.0.0.Final.jar (63/475 kB)Progress (4): quarkus-http-servlet-3.0.18.Final.jar (491/498 kB) | quarkus-http-core-3.0.18.Final.jar (653/932 kB) | quarkus-resteasy-common-deployment-1.12.0.Final.jar (22 kB) | jboss-metadata-common-11.0.0.Final.jar (66/475 kB)Progress (4): quarkus-http-servlet-3.0.18.Final.jar (495/498 kB) | quarkus-http-core-3.0.18.Final.jar (653/932 kB) | quarkus-resteasy-common-deployment-1.12.0.Final.jar (22 kB) | jboss-metadata-common-11.0.0.Final.jar (66/475 kB)Progress (4): quarkus-http-servlet-3.0.18.Final.jar (498 kB) | quarkus-http-core-3.0.18.Final.jar (653/932 kB) | quarkus-resteasy-common-deployment-1.12.0.Final.jar (22 kB) | jboss-metadata-common-11.0.0.Final.jar (66/475 kB)    Progress (4): quarkus-http-servlet-3.0.18.Final.jar (498 kB) | quarkus-http-core-3.0.18.Final.jar (653/932 kB) | quarkus-resteasy-common-deployment-1.12.0.Final.jar (22 kB) | jboss-metadata-common-11.0.0.Final.jar (69/475 kB)Progress (4): quarkus-http-servlet-3.0.18.Final.jar (498 kB) | quarkus-http-core-3.0.18.Final.jar (653/932 kB) | quarkus-resteasy-common-deployment-1.12.0.Final.jar (22 kB) | jboss-metadata-common-11.0.0.Final.jar (71/475 kB)Progress (4): quarkus-http-servlet-3.0.18.Final.jar (498 kB) | quarkus-http-core-3.0.18.Final.jar (661/932 kB) | quarkus-resteasy-common-deployment-1.12.0.Final.jar (22 kB) | jboss-metadata-common-11.0.0.Final.jar (71/475 kB)Progress (4): quarkus-http-servlet-3.0.18.Final.jar (498 kB) | quarkus-http-core-3.0.18.Final.jar (661/932 kB) | quarkus-resteasy-common-deployment-1.12.0.Final.jar (22 kB) | jboss-metadata-common-11.0.0.Final.jar (74/475 kB)Progress (4): quarkus-http-servlet-3.0.18.Final.jar (498 kB) | quarkus-http-core-3.0.18.Final.jar (661/932 kB) | quarkus-resteasy-common-deployment-1.12.0.Final.jar (22 kB) | jboss-metadata-common-11.0.0.Final.jar (77/475 kB)Progress (4): quarkus-http-servlet-3.0.18.Final.jar (498 kB) | quarkus-http-core-3.0.18.Final.jar (670/932 kB) | quarkus-resteasy-common-deployment-1.12.0.Final.jar (22 kB) | jboss-metadata-common-11.0.0.Final.jar (77/475 kB)Progress (4): quarkus-http-servlet-3.0.18.Final.jar (498 kB) | quarkus-http-core-3.0.18.Final.jar (670/932 kB) | quarkus-resteasy-common-deployment-1.12.0.Final.jar (22 kB) | jboss-metadata-common-11.0.0.Final.jar (80/475 kB)Progress (4): quarkus-http-servlet-3.0.18.Final.jar (498 kB) | quarkus-http-core-3.0.18.Final.jar (670/932 kB) | quarkus-resteasy-common-deployment-1.12.0.Final.jar (22 kB) | jboss-metadata-common-11.0.0.Final.jar (82/475 kB)Progress (4): quarkus-http-servlet-3.0.18.Final.jar (498 kB) | quarkus-http-core-3.0.18.Final.jar (678/932 kB) | quarkus-resteasy-common-deployment-1.12.0.Final.jar (22 kB) | jboss-metadata-common-11.0.0.Final.jar (82/475 kB)Progress (4): quarkus-http-servlet-3.0.18.Final.jar (498 kB) | quarkus-http-core-3.0.18.Final.jar (678/932 kB) | quarkus-resteasy-common-deployment-1.12.0.Final.jar (22 kB) | jboss-metadata-common-11.0.0.Final.jar (85/475 kB)Progress (4): quarkus-http-servlet-3.0.18.Final.jar (498 kB) | quarkus-http-core-3.0.18.Final.jar (686/932 kB) | quarkus-resteasy-common-deployment-1.12.0.Final.jar (22 kB) | jboss-metadata-common-11.0.0.Final.jar (85/475 kB)Progress (4): quarkus-http-servlet-3.0.18.Final.jar (498 kB) | quarkus-http-core-3.0.18.Final.jar (686/932 kB) | quarkus-resteasy-common-deployment-1.12.0.Final.jar (22 kB) | jboss-metadata-common-11.0.0.Final.jar (88/475 kB)Progress (4): quarkus-http-servlet-3.0.18.Final.jar (498 kB) | quarkus-http-core-3.0.18.Final.jar (686/932 kB) | quarkus-resteasy-common-deployment-1.12.0.Final.jar (22 kB) | jboss-metadata-common-11.0.0.Final.jar (90/475 kB)Progress (4): quarkus-http-servlet-3.0.18.Final.jar (498 kB) | quarkus-http-core-3.0.18.Final.jar (694/932 kB) | quarkus-resteasy-common-deployment-1.12.0.Final.jar (22 kB) | jboss-metadata-common-11.0.0.Final.jar (90/475 kB)Progress (4): quarkus-http-servlet-3.0.18.Final.jar (498 kB) | quarkus-http-core-3.0.18.Final.jar (694/932 kB) | quarkus-resteasy-common-deployment-1.12.0.Final.jar (22 kB) | jboss-metadata-common-11.0.0.Final.jar (93/475 kB)Progress (4): quarkus-http-servlet-3.0.18.Final.jar (498 kB) | quarkus-http-core-3.0.18.Final.jar (694/932 kB) | quarkus-resteasy-common-deployment-1.12.0.Final.jar (22 kB) | jboss-metadata-common-11.0.0.Final.jar (96/475 kB)Progress (4): quarkus-http-servlet-3.0.18.Final.jar (498 kB) | quarkus-http-core-3.0.18.Final.jar (702/932 kB) | quarkus-resteasy-common-deployment-1.12.0.Final.jar (22 kB) | jboss-metadata-common-11.0.0.Final.jar (96/475 kB)Progress (4): quarkus-http-servlet-3.0.18.Final.jar (498 kB) | quarkus-http-core-3.0.18.Final.jar (702/932 kB) | quarkus-resteasy-common-deployment-1.12.0.Final.jar (22 kB) | jboss-metadata-common-11.0.0.Final.jar (99/475 kB)Progress (4): quarkus-http-servlet-3.0.18.Final.jar (498 kB) | quarkus-http-core-3.0.18.Final.jar (702/932 kB) | quarkus-resteasy-common-deployment-1.12.0.Final.jar (22 kB) | jboss-metadata-common-11.0.0.Final.jar (101/475 kB)Progress (4): quarkus-http-servlet-3.0.18.Final.jar (498 kB) | quarkus-http-core-3.0.18.Final.jar (710/932 kB) | quarkus-resteasy-common-deployment-1.12.0.Final.jar (22 kB) | jboss-metadata-common-11.0.0.Final.jar (101/475 kB)Progress (4): quarkus-http-servlet-3.0.18.Final.jar (498 kB) | quarkus-http-core-3.0.18.Final.jar (710/932 kB) | quarkus-resteasy-common-deployment-1.12.0.Final.jar (22 kB) | jboss-metadata-common-11.0.0.Final.jar (104/475 kB)Progress (4): quarkus-http-servlet-3.0.18.Final.jar (498 kB) | quarkus-http-core-3.0.18.Final.jar (710/932 kB) | quarkus-resteasy-common-deployment-1.12.0.Final.jar (22 kB) | jboss-metadata-common-11.0.0.Final.jar (107/475 kB)Progress (4): quarkus-http-servlet-3.0.18.Final.jar (498 kB) | quarkus-http-core-3.0.18.Final.jar (710/932 kB) | quarkus-resteasy-common-deployment-1.12.0.Final.jar (22 kB) | jboss-metadata-common-11.0.0.Final.jar (110/475 kB)Progress (4): quarkus-http-servlet-3.0.18.Final.jar (498 kB) | quarkus-http-core-3.0.18.Final.jar (718/932 kB) | quarkus-resteasy-common-deployment-1.12.0.Final.jar (22 kB) | jboss-metadata-common-11.0.0.Final.jar (110/475 kB)Progress (4): quarkus-http-servlet-3.0.18.Final.jar (498 kB) | quarkus-http-core-3.0.18.Final.jar (718/932 kB) | quarkus-resteasy-common-deployment-1.12.0.Final.jar (22 kB) | jboss-metadata-common-11.0.0.Final.jar (112/475 kB)Progress (4): quarkus-http-servlet-3.0.18.Final.jar (498 kB) | quarkus-http-core-3.0.18.Final.jar (718/932 kB) | quarkus-resteasy-common-deployment-1.12.0.Final.jar (22 kB) | jboss-metadata-common-11.0.0.Final.jar (115/475 kB)Progress (4): quarkus-http-servlet-3.0.18.Final.jar (498 kB) | quarkus-http-core-3.0.18.Final.jar (727/932 kB) | quarkus-resteasy-common-deployment-1.12.0.Final.jar (22 kB) | jboss-metadata-common-11.0.0.Final.jar (115/475 kB)Progress (4): quarkus-http-servlet-3.0.18.Final.jar (498 kB) | quarkus-http-core-3.0.18.Final.jar (727/932 kB) | quarkus-resteasy-common-deployment-1.12.0.Final.jar (22 kB) | jboss-metadata-common-11.0.0.Final.jar (118/475 kB)Progress (4): quarkus-http-servlet-3.0.18.Final.jar (498 kB) | quarkus-http-core-3.0.18.Final.jar (727/932 kB) | quarkus-resteasy-common-deployment-1.12.0.Final.jar (22 kB) | jboss-metadata-common-11.0.0.Final.jar (121/475 kB)Progress (4): quarkus-http-servlet-3.0.18.Final.jar (498 kB) | quarkus-http-core-3.0.18.Final.jar (735/932 kB) | quarkus-resteasy-common-deployment-1.12.0.Final.jar (22 kB) | jboss-metadata-common-11.0.0.Final.jar (121/475 kB)Progress (4): quarkus-http-servlet-3.0.18.Final.jar (498 kB) | quarkus-http-core-3.0.18.Final.jar (735/932 kB) | quarkus-resteasy-common-deployment-1.12.0.Final.jar (22 kB) | jboss-metadata-common-11.0.0.Final.jar (123/475 kB)Progress (4): quarkus-http-servlet-3.0.18.Final.jar (498 kB) | quarkus-http-core-3.0.18.Final.jar (735/932 kB) | quarkus-resteasy-common-deployment-1.12.0.Final.jar (22 kB) | jboss-metadata-common-11.0.0.Final.jar (126/475 kB)Progress (4): quarkus-http-servlet-3.0.18.Final.jar (498 kB) | quarkus-http-core-3.0.18.Final.jar (743/932 kB) | quarkus-resteasy-common-deployment-1.12.0.Final.jar (22 kB) | jboss-metadata-common-11.0.0.Final.jar (126/475 kB)Progress (4): quarkus-http-servlet-3.0.18.Final.jar (498 kB) | quarkus-http-core-3.0.18.Final.jar (743/932 kB) | quarkus-resteasy-common-deployment-1.12.0.Final.jar (22 kB) | jboss-metadata-common-11.0.0.Final.jar (129/475 kB)Progress (4): quarkus-http-servlet-3.0.18.Final.jar (498 kB) | quarkus-http-core-3.0.18.Final.jar (743/932 kB) | quarkus-resteasy-common-deployment-1.12.0.Final.jar (22 kB) | jboss-metadata-common-11.0.0.Final.jar (132/475 kB)Progress (4): quarkus-http-servlet-3.0.18.Final.jar (498 kB) | quarkus-http-core-3.0.18.Final.jar (751/932 kB) | quarkus-resteasy-common-deployment-1.12.0.Final.jar (22 kB) | jboss-metadata-common-11.0.0.Final.jar (132/475 kB)Progress (4): quarkus-http-servlet-3.0.18.Final.jar (498 kB) | quarkus-http-core-3.0.18.Final.jar (751/932 kB) | quarkus-resteasy-common-deployment-1.12.0.Final.jar (22 kB) | jboss-metadata-common-11.0.0.Final.jar (134/475 kB)Progress (4): quarkus-http-servlet-3.0.18.Final.jar (498 kB) | quarkus-http-core-3.0.18.Final.jar (751/932 kB) | quarkus-resteasy-common-deployment-1.12.0.Final.jar (22 kB) | jboss-metadata-common-11.0.0.Final.jar (137/475 kB)Progress (4): quarkus-http-servlet-3.0.18.Final.jar (498 kB) | quarkus-http-core-3.0.18.Final.jar (759/932 kB) | quarkus-resteasy-common-deployment-1.12.0.Final.jar (22 kB) | jboss-metadata-common-11.0.0.Final.jar (137/475 kB)Progress (4): quarkus-http-servlet-3.0.18.Final.jar (498 kB) | quarkus-http-core-3.0.18.Final.jar (759/932 kB) | quarkus-resteasy-common-deployment-1.12.0.Final.jar (22 kB) | jboss-metadata-common-11.0.0.Final.jar (140/475 kB)Progress (4): quarkus-http-servlet-3.0.18.Final.jar (498 kB) | quarkus-http-core-3.0.18.Final.jar (759/932 kB) | quarkus-resteasy-common-deployment-1.12.0.Final.jar (22 kB) | jboss-metadata-common-11.0.0.Final.jar (143/475 kB)Progress (4): quarkus-http-servlet-3.0.18.Final.jar (498 kB) | quarkus-http-core-3.0.18.Final.jar (759/932 kB) | quarkus-resteasy-common-deployment-1.12.0.Final.jar (22 kB) | jboss-metadata-common-11.0.0.Final.jar (145/475 kB)Progress (4): quarkus-http-servlet-3.0.18.Final.jar (498 kB) | quarkus-http-core-3.0.18.Final.jar (768/932 kB) | quarkus-resteasy-common-deployment-1.12.0.Final.jar (22 kB) | jboss-metadata-common-11.0.0.Final.jar (145/475 kB)Progress (4): quarkus-http-servlet-3.0.18.Final.jar (498 kB) | quarkus-http-core-3.0.18.Final.jar (768/932 kB) | quarkus-resteasy-common-deployment-1.12.0.Final.jar (22 kB) | jboss-metadata-common-11.0.0.Final.jar (148/475 kB)Progress (4): quarkus-http-servlet-3.0.18.Final.jar (498 kB) | quarkus-http-core-3.0.18.Final.jar (768/932 kB) | quarkus-resteasy-common-deployment-1.12.0.Final.jar (22 kB) | jboss-metadata-common-11.0.0.Final.jar (151/475 kB)Progress (4): quarkus-http-servlet-3.0.18.Final.jar (498 kB) | quarkus-http-core-3.0.18.Final.jar (776/932 kB) | quarkus-resteasy-common-deployment-1.12.0.Final.jar (22 kB) | jboss-metadata-common-11.0.0.Final.jar (151/475 kB)Progress (4): quarkus-http-servlet-3.0.18.Final.jar (498 kB) | quarkus-http-core-3.0.18.Final.jar (776/932 kB) | quarkus-resteasy-common-deployment-1.12.0.Final.jar (22 kB) | jboss-metadata-common-11.0.0.Final.jar (154/475 kB)Progress (4): quarkus-http-servlet-3.0.18.Final.jar (498 kB) | quarkus-http-core-3.0.18.Final.jar (784/932 kB) | quarkus-resteasy-common-deployment-1.12.0.Final.jar (22 kB) | jboss-metadata-common-11.0.0.Final.jar (154/475 kB)Progress (4): quarkus-http-servlet-3.0.18.Final.jar (498 kB) | quarkus-http-core-3.0.18.Final.jar (784/932 kB) | quarkus-resteasy-common-deployment-1.12.0.Final.jar (22 kB) | jboss-metadata-common-11.0.0.Final.jar (156/475 kB)Progress (4): quarkus-http-servlet-3.0.18.Final.jar (498 kB) | quarkus-http-core-3.0.18.Final.jar (784/932 kB) | quarkus-resteasy-common-deployment-1.12.0.Final.jar (22 kB) | jboss-metadata-common-11.0.0.Final.jar (159/475 kB)Progress (4): quarkus-http-servlet-3.0.18.Final.jar (498 kB) | quarkus-http-core-3.0.18.Final.jar (792/932 kB) | quarkus-resteasy-common-deployment-1.12.0.Final.jar (22 kB) | jboss-metadata-common-11.0.0.Final.jar (159/475 kB)Progress (4): quarkus-http-servlet-3.0.18.Final.jar (498 kB) | quarkus-http-core-3.0.18.Final.jar (792/932 kB) | quarkus-resteasy-common-deployment-1.12.0.Final.jar (22 kB) | jboss-metadata-common-11.0.0.Final.jar (162/475 kB)Progress (4): quarkus-http-servlet-3.0.18.Final.jar (498 kB) | quarkus-http-core-3.0.18.Final.jar (792/932 kB) | quarkus-resteasy-common-deployment-1.12.0.Final.jar (22 kB) | jboss-metadata-common-11.0.0.Final.jar (165/475 kB)Progress (4): quarkus-http-servlet-3.0.18.Final.jar (498 kB) | quarkus-http-core-3.0.18.Final.jar (792/932 kB) | quarkus-resteasy-common-deployment-1.12.0.Final.jar (22 kB) | jboss-metadata-common-11.0.0.Final.jar (167/475 kB)Progress (4): quarkus-http-servlet-3.0.18.Final.jar (498 kB) | quarkus-http-core-3.0.18.Final.jar (792/932 kB) | quarkus-resteasy-common-deployment-1.12.0.Final.jar (22 kB) | jboss-metadata-common-11.0.0.Final.jar (170/475 kB)Progress (4): quarkus-http-servlet-3.0.18.Final.jar (498 kB) | quarkus-http-core-3.0.18.Final.jar (800/932 kB) | quarkus-resteasy-common-deployment-1.12.0.Final.jar (22 kB) | jboss-metadata-common-11.0.0.Final.jar (170/475 kB)Progress (4): quarkus-http-servlet-3.0.18.Final.jar (498 kB) | quarkus-http-core-3.0.18.Final.jar (800/932 kB) | quarkus-resteasy-common-deployment-1.12.0.Final.jar (22 kB) | jboss-metadata-common-11.0.0.Final.jar (173/475 kB)Progress (4): quarkus-http-servlet-3.0.18.Final.jar (498 kB) | quarkus-http-core-3.0.18.Final.jar (808/932 kB) | quarkus-resteasy-common-deployment-1.12.0.Final.jar (22 kB) | jboss-metadata-common-11.0.0.Final.jar (173/475 kB)Progress (4): quarkus-http-servlet-3.0.18.Final.jar (498 kB) | quarkus-http-core-3.0.18.Final.jar (808/932 kB) | quarkus-resteasy-common-deployment-1.12.0.Final.jar (22 kB) | jboss-metadata-common-11.0.0.Final.jar (175/475 kB)Progress (4): quarkus-http-servlet-3.0.18.Final.jar (498 kB) | quarkus-http-core-3.0.18.Final.jar (808/932 kB) | quarkus-resteasy-common-deployment-1.12.0.Final.jar (22 kB) | jboss-metadata-common-11.0.0.Final.jar (178/475 kB)Progress (4): quarkus-http-servlet-3.0.18.Final.jar (498 kB) | quarkus-http-core-3.0.18.Final.jar (808/932 kB) | quarkus-resteasy-common-deployment-1.12.0.Final.jar (22 kB) | jboss-metadata-common-11.0.0.Final.jar (181/475 kB)Progress (4): quarkus-http-servlet-3.0.18.Final.jar (498 kB) | quarkus-http-core-3.0.18.Final.jar (817/932 kB) | quarkus-resteasy-common-deployment-1.12.0.Final.jar (22 kB) | jboss-metadata-common-11.0.0.Final.jar (181/475 kB)Progress (4): quarkus-http-servlet-3.0.18.Final.jar (498 kB) | quarkus-http-core-3.0.18.Final.jar (817/932 kB) | quarkus-resteasy-common-deployment-1.12.0.Final.jar (22 kB) | jboss-metadata-common-11.0.0.Final.jar (184/475 kB)Progress (4): quarkus-http-servlet-3.0.18.Final.jar (498 kB) | quarkus-http-core-3.0.18.Final.jar (817/932 kB) | quarkus-resteasy-common-deployment-1.12.0.Final.jar (22 kB) | jboss-metadata-common-11.0.0.Final.jar (186/475 kB)Progress (4): quarkus-http-servlet-3.0.18.Final.jar (498 kB) | quarkus-http-core-3.0.18.Final.jar (825/932 kB) | quarkus-resteasy-common-deployment-1.12.0.Final.jar (22 kB) | jboss-metadata-common-11.0.0.Final.jar (186/475 kB)Progress (4): quarkus-http-servlet-3.0.18.Final.jar (498 kB) | quarkus-http-core-3.0.18.Final.jar (825/932 kB) | quarkus-resteasy-common-deployment-1.12.0.Final.jar (22 kB) | jboss-metadata-common-11.0.0.Final.jar (189/475 kB)Progress (4): quarkus-http-servlet-3.0.18.Final.jar (498 kB) | quarkus-http-core-3.0.18.Final.jar (825/932 kB) | quarkus-resteasy-common-deployment-1.12.0.Final.jar (22 kB) | jboss-metadata-common-11.0.0.Final.jar (192/475 kB)Progress (4): quarkus-http-servlet-3.0.18.Final.jar (498 kB) | quarkus-http-core-3.0.18.Final.jar (825/932 kB) | quarkus-resteasy-common-deployment-1.12.0.Final.jar (22 kB) | jboss-metadata-common-11.0.0.Final.jar (195/475 kB)Progress (5): quarkus-http-servlet-3.0.18.Final.jar (498 kB) | quarkus-http-core-3.0.18.Final.jar (825/932 kB) | quarkus-resteasy-common-deployment-1.12.0.Final.jar (22 kB) | jboss-metadata-common-11.0.0.Final.jar (195/475 kB) | quarkus-resteasy-server-common-deployment-1.12.0.Final.jar (4.1/30 kB)Progress (5): quarkus-http-servlet-3.0.18.Final.jar (498 kB) | quarkus-http-core-3.0.18.Final.jar (833/932 kB) | quarkus-resteasy-common-deployment-1.12.0.Final.jar (22 kB) | jboss-metadata-common-11.0.0.Final.jar (195/475 kB) | quarkus-resteasy-server-common-deployment-1.12.0.Final.jar (4.1/30 kB)Progress (5): quarkus-http-servlet-3.0.18.Final.jar (498 kB) | quarkus-http-core-3.0.18.Final.jar (833/932 kB) | quarkus-resteasy-common-deployment-1.12.0.Final.jar (22 kB) | jboss-metadata-common-11.0.0.Final.jar (195/475 kB) | quarkus-resteasy-server-common-deployment-1.12.0.Final.jar (8.2/30 kB)Progress (5): quarkus-http-servlet-3.0.18.Final.jar (498 kB) | quarkus-http-core-3.0.18.Final.jar (833/932 kB) | quarkus-resteasy-common-deployment-1.12.0.Final.jar (22 kB) | jboss-metadata-common-11.0.0.Final.jar (197/475 kB) | quarkus-resteasy-server-common-deployment-1.12.0.Final.jar (8.2/30 kB)Progress (5): quarkus-http-servlet-3.0.18.Final.jar (498 kB) | quarkus-http-core-3.0.18.Final.jar (841/932 kB) | quarkus-resteasy-common-deployment-1.12.0.Final.jar (22 kB) | jboss-metadata-common-11.0.0.Final.jar (197/475 kB) | quarkus-resteasy-server-common-deployment-1.12.0.Final.jar (8.2/30 kB)Progress (5): quarkus-http-servlet-3.0.18.Final.jar (498 kB) | quarkus-http-core-3.0.18.Final.jar (841/932 kB) | quarkus-resteasy-common-deployment-1.12.0.Final.jar (22 kB) | jboss-metadata-common-11.0.0.Final.jar (200/475 kB) | quarkus-resteasy-server-common-deployment-1.12.0.Final.jar (8.2/30 kB)Progress (5): quarkus-http-servlet-3.0.18.Final.jar (498 kB) | quarkus-http-core-3.0.18.Final.jar (841/932 kB) | quarkus-resteasy-common-deployment-1.12.0.Final.jar (22 kB) | jboss-metadata-common-11.0.0.Final.jar (200/475 kB) | quarkus-resteasy-server-common-deployment-1.12.0.Final.jar (12/30 kB) Progress (5): quarkus-http-servlet-3.0.18.Final.jar (498 kB) | quarkus-http-core-3.0.18.Final.jar (841/932 kB) | quarkus-resteasy-common-deployment-1.12.0.Final.jar (22 kB) | jboss-metadata-common-11.0.0.Final.jar (203/475 kB) | quarkus-resteasy-server-common-deployment-1.12.0.Final.jar (12/30 kB)Progress (5): quarkus-http-servlet-3.0.18.Final.jar (498 kB) | quarkus-http-core-3.0.18.Final.jar (841/932 kB) | quarkus-resteasy-common-deployment-1.12.0.Final.jar (22 kB) | jboss-metadata-common-11.0.0.Final.jar (203/475 kB) | quarkus-resteasy-server-common-deployment-1.12.0.Final.jar (16/30 kB)Progress (5): quarkus-http-servlet-3.0.18.Final.jar (498 kB) | quarkus-http-core-3.0.18.Final.jar (841/932 kB) | quarkus-resteasy-common-deployment-1.12.0.Final.jar (22 kB) | jboss-metadata-common-11.0.0.Final.jar (206/475 kB) | quarkus-resteasy-server-common-deployment-1.12.0.Final.jar (16/30 kB)                                                                                                                                                                                                                                                                                                          Downloaded from central: https://repo.maven.apache.org/maven2/io/quarkus/http/quarkus-http-servlet/3.0.18.Final/quarkus-http-servlet-3.0.18.Final.jar (498 kB at 2.1 MB/s)
Downloading from central: https://repo.maven.apache.org/maven2/org/jboss/metadata/jboss-metadata-web/11.0.0.Final/jboss-metadata-web-11.0.0.Final.jar
Progress (4): quarkus-http-core-3.0.18.Final.jar (849/932 kB) | quarkus-resteasy-common-deployment-1.12.0.Final.jar (22 kB) | jboss-metadata-common-11.0.0.Final.jar (206/475 kB) | quarkus-resteasy-server-common-deployment-1.12.0.Final.jar (16/30 kB)Progress (4): quarkus-http-core-3.0.18.Final.jar (849/932 kB) | quarkus-resteasy-common-deployment-1.12.0.Final.jar (22 kB) | jboss-metadata-common-11.0.0.Final.jar (208/475 kB) | quarkus-resteasy-server-common-deployment-1.12.0.Final.jar (16/30 kB)Progress (4): quarkus-http-core-3.0.18.Final.jar (849/932 kB) | quarkus-resteasy-common-deployment-1.12.0.Final.jar (22 kB) | jboss-metadata-common-11.0.0.Final.jar (208/475 kB) | quarkus-resteasy-server-common-deployment-1.12.0.Final.jar (20/30 kB)Progress (4): quarkus-http-core-3.0.18.Final.jar (849/932 kB) | quarkus-resteasy-common-deployment-1.12.0.Final.jar (22 kB) | jboss-metadata-common-11.0.0.Final.jar (211/475 kB) | quarkus-resteasy-server-common-deployment-1.12.0.Final.jar (20/30 kB)Progress (4): quarkus-http-core-3.0.18.Final.jar (858/932 kB) | quarkus-resteasy-common-deployment-1.12.0.Final.jar (22 kB) | jboss-metadata-common-11.0.0.Final.jar (211/475 kB) | quarkus-resteasy-server-common-deployment-1.12.0.Final.jar (20/30 kB)Progress (4): quarkus-http-core-3.0.18.Final.jar (858/932 kB) | quarkus-resteasy-common-deployment-1.12.0.Final.jar (22 kB) | jboss-metadata-common-11.0.0.Final.jar (214/475 kB) | quarkus-resteasy-server-common-deployment-1.12.0.Final.jar (20/30 kB)Progress (4): quarkus-http-core-3.0.18.Final.jar (858/932 kB) | quarkus-resteasy-common-deployment-1.12.0.Final.jar (22 kB) | jboss-metadata-common-11.0.0.Final.jar (214/475 kB) | quarkus-resteasy-server-common-deployment-1.12.0.Final.jar (25/30 kB)Progress (4): quarkus-http-core-3.0.18.Final.jar (858/932 kB) | quarkus-resteasy-common-deployment-1.12.0.Final.jar (22 kB) | jboss-metadata-common-11.0.0.Final.jar (217/475 kB) | quarkus-resteasy-server-common-deployment-1.12.0.Final.jar (25/30 kB)Progress (4): quarkus-http-core-3.0.18.Final.jar (866/932 kB) | quarkus-resteasy-common-deployment-1.12.0.Final.jar (22 kB) | jboss-metadata-common-11.0.0.Final.jar (217/475 kB) | quarkus-resteasy-server-common-deployment-1.12.0.Final.jar (25/30 kB)Progress (4): quarkus-http-core-3.0.18.Final.jar (866/932 kB) | quarkus-resteasy-common-deployment-1.12.0.Final.jar (22 kB) | jboss-metadata-common-11.0.0.Final.jar (219/475 kB) | quarkus-resteasy-server-common-deployment-1.12.0.Final.jar (25/30 kB)Progress (4): quarkus-http-core-3.0.18.Final.jar (866/932 kB) | quarkus-resteasy-common-deployment-1.12.0.Final.jar (22 kB) | jboss-metadata-common-11.0.0.Final.jar (219/475 kB) | quarkus-resteasy-server-common-deployment-1.12.0.Final.jar (29/30 kB)Progress (4): quarkus-http-core-3.0.18.Final.jar (874/932 kB) | quarkus-resteasy-common-deployment-1.12.0.Final.jar (22 kB) | jboss-metadata-common-11.0.0.Final.jar (219/475 kB) | quarkus-resteasy-server-common-deployment-1.12.0.Final.jar (29/30 kB)Progress (4): quarkus-http-core-3.0.18.Final.jar (874/932 kB) | quarkus-resteasy-common-deployment-1.12.0.Final.jar (22 kB) | jboss-metadata-common-11.0.0.Final.jar (219/475 kB) | quarkus-resteasy-server-common-deployment-1.12.0.Final.jar (30 kB)   Progress (4): quarkus-http-core-3.0.18.Final.jar (874/932 kB) | quarkus-resteasy-common-deployment-1.12.0.Final.jar (22 kB) | jboss-metadata-common-11.0.0.Final.jar (223/475 kB) | quarkus-resteasy-server-common-deployment-1.12.0.Final.jar (30 kB)Progress (4): quarkus-http-core-3.0.18.Final.jar (882/932 kB) | quarkus-resteasy-common-deployment-1.12.0.Final.jar (22 kB) | jboss-metadata-common-11.0.0.Final.jar (223/475 kB) | quarkus-resteasy-server-common-deployment-1.12.0.Final.jar (30 kB)Progress (4): quarkus-http-core-3.0.18.Final.jar (882/932 kB) | quarkus-resteasy-common-deployment-1.12.0.Final.jar (22 kB) | jboss-metadata-common-11.0.0.Final.jar (227/475 kB) | quarkus-resteasy-server-common-deployment-1.12.0.Final.jar (30 kB)Progress (4): quarkus-http-core-3.0.18.Final.jar (890/932 kB) | quarkus-resteasy-common-deployment-1.12.0.Final.jar (22 kB) | jboss-metadata-common-11.0.0.Final.jar (227/475 kB) | quarkus-resteasy-server-common-deployment-1.12.0.Final.jar (30 kB)Progress (4): quarkus-http-core-3.0.18.Final.jar (890/932 kB) | quarkus-resteasy-common-deployment-1.12.0.Final.jar (22 kB) | jboss-metadata-common-11.0.0.Final.jar (231/475 kB) | quarkus-resteasy-server-common-deployment-1.12.0.Final.jar (30 kB)Progress (4): quarkus-http-core-3.0.18.Final.jar (890/932 kB) | quarkus-resteasy-common-deployment-1.12.0.Final.jar (22 kB) | jboss-metadata-common-11.0.0.Final.jar (235/475 kB) | quarkus-resteasy-server-common-deployment-1.12.0.Final.jar (30 kB)Progress (4): quarkus-http-core-3.0.18.Final.jar (899/932 kB) | quarkus-resteasy-common-deployment-1.12.0.Final.jar (22 kB) | jboss-metadata-common-11.0.0.Final.jar (235/475 kB) | quarkus-resteasy-server-common-deployment-1.12.0.Final.jar (30 kB)Progress (4): quarkus-http-core-3.0.18.Final.jar (899/932 kB) | quarkus-resteasy-common-deployment-1.12.0.Final.jar (22 kB) | jboss-metadata-common-11.0.0.Final.jar (239/475 kB) | quarkus-resteasy-server-common-deployment-1.12.0.Final.jar (30 kB)Progress (4): quarkus-http-core-3.0.18.Final.jar (907/932 kB) | quarkus-resteasy-common-deployment-1.12.0.Final.jar (22 kB) | jboss-metadata-common-11.0.0.Final.jar (239/475 kB) | quarkus-resteasy-server-common-deployment-1.12.0.Final.jar (30 kB)Progress (4): quarkus-http-core-3.0.18.Final.jar (907/932 kB) | quarkus-resteasy-common-deployment-1.12.0.Final.jar (22 kB) | jboss-metadata-common-11.0.0.Final.jar (243/475 kB) | quarkus-resteasy-server-common-deployment-1.12.0.Final.jar (30 kB)Progress (4): quarkus-http-core-3.0.18.Final.jar (915/932 kB) | quarkus-resteasy-common-deployment-1.12.0.Final.jar (22 kB) | jboss-metadata-common-11.0.0.Final.jar (243/475 kB) | quarkus-resteasy-server-common-deployment-1.12.0.Final.jar (30 kB)Progress (4): quarkus-http-core-3.0.18.Final.jar (915/932 kB) | quarkus-resteasy-common-deployment-1.12.0.Final.jar (22 kB) | jboss-metadata-common-11.0.0.Final.jar (247/475 kB) | quarkus-resteasy-server-common-deployment-1.12.0.Final.jar (30 kB)Progress (4): quarkus-http-core-3.0.18.Final.jar (915/932 kB) | quarkus-resteasy-common-deployment-1.12.0.Final.jar (22 kB) | jboss-metadata-common-11.0.0.Final.jar (251/475 kB) | quarkus-resteasy-server-common-deployment-1.12.0.Final.jar (30 kB)Progress (4): quarkus-http-core-3.0.18.Final.jar (923/932 kB) | quarkus-resteasy-common-deployment-1.12.0.Final.jar (22 kB) | jboss-metadata-common-11.0.0.Final.jar (251/475 kB) | quarkus-resteasy-server-common-deployment-1.12.0.Final.jar (30 kB)Progress (4): quarkus-http-core-3.0.18.Final.jar (923/932 kB) | quarkus-resteasy-common-deployment-1.12.0.Final.jar (22 kB) | jboss-metadata-common-11.0.0.Final.jar (256/475 kB) | quarkus-resteasy-server-common-deployment-1.12.0.Final.jar (30 kB)Progress (4): quarkus-http-core-3.0.18.Final.jar (931/932 kB) | quarkus-resteasy-common-deployment-1.12.0.Final.jar (22 kB) | jboss-metadata-common-11.0.0.Final.jar (256/475 kB) | quarkus-resteasy-server-common-deployment-1.12.0.Final.jar (30 kB)Progress (4): quarkus-http-core-3.0.18.Final.jar (932 kB) | quarkus-resteasy-common-deployment-1.12.0.Final.jar (22 kB) | jboss-metadata-common-11.0.0.Final.jar (256/475 kB) | quarkus-resteasy-server-common-deployment-1.12.0.Final.jar (30 kB)    Progress (4): quarkus-http-core-3.0.18.Final.jar (932 kB) | quarkus-resteasy-common-deployment-1.12.0.Final.jar (22 kB) | jboss-metadata-common-11.0.0.Final.jar (260/475 kB) | quarkus-resteasy-server-common-deployment-1.12.0.Final.jar (30 kB)Progress (4): quarkus-http-core-3.0.18.Final.jar (932 kB) | quarkus-resteasy-common-deployment-1.12.0.Final.jar (22 kB) | jboss-metadata-common-11.0.0.Final.jar (264/475 kB) | quarkus-resteasy-server-common-deployment-1.12.0.Final.jar (30 kB)Progress (4): quarkus-http-core-3.0.18.Final.jar (932 kB) | quarkus-resteasy-common-deployment-1.12.0.Final.jar (22 kB) | jboss-metadata-common-11.0.0.Final.jar (268/475 kB) | quarkus-resteasy-server-common-deployment-1.12.0.Final.jar (30 kB)Progress (4): quarkus-http-core-3.0.18.Final.jar (932 kB) | quarkus-resteasy-common-deployment-1.12.0.Final.jar (22 kB) | jboss-metadata-common-11.0.0.Final.jar (272/475 kB) | quarkus-resteasy-server-common-deployment-1.12.0.Final.jar (30 kB)Progress (4): quarkus-http-core-3.0.18.Final.jar (932 kB) | quarkus-resteasy-common-deployment-1.12.0.Final.jar (22 kB) | jboss-metadata-common-11.0.0.Final.jar (276/475 kB) | quarkus-resteasy-server-common-deployment-1.12.0.Final.jar (30 kB)Progress (4): quarkus-http-core-3.0.18.Final.jar (932 kB) | quarkus-resteasy-common-deployment-1.12.0.Final.jar (22 kB) | jboss-metadata-common-11.0.0.Final.jar (280/475 kB) | quarkus-resteasy-server-common-deployment-1.12.0.Final.jar (30 kB)Progress (4): quarkus-http-core-3.0.18.Final.jar (932 kB) | quarkus-resteasy-common-deployment-1.12.0.Final.jar (22 kB) | jboss-metadata-common-11.0.0.Final.jar (284/475 kB) | quarkus-resteasy-server-common-deployment-1.12.0.Final.jar (30 kB)Progress (5): quarkus-http-core-3.0.18.Final.jar (932 kB) | quarkus-resteasy-common-deployment-1.12.0.Final.jar (22 kB) | jboss-metadata-common-11.0.0.Final.jar (284/475 kB) | quarkus-resteasy-server-common-deployment-1.12.0.Final.jar (30 kB) | jboss-metadata-web-11.0.0.Final.jar (4.1/468 kB)Progress (5): quarkus-http-core-3.0.18.Final.jar (932 kB) | quarkus-resteasy-common-deployment-1.12.0.Final.jar (22 kB) | jboss-metadata-common-11.0.0.Final.jar (288/475 kB) | quarkus-resteasy-server-common-deployment-1.12.0.Final.jar (30 kB) | jboss-metadata-web-11.0.0.Final.jar (4.1/468 kB)Progress (5): quarkus-http-core-3.0.18.Final.jar (932 kB) | quarkus-resteasy-common-deployment-1.12.0.Final.jar (22 kB) | jboss-metadata-common-11.0.0.Final.jar (288/475 kB) | quarkus-resteasy-server-common-deployment-1.12.0.Final.jar (30 kB) | jboss-metadata-web-11.0.0.Final.jar (8.2/468 kB)Progress (5): quarkus-http-core-3.0.18.Final.jar (932 kB) | quarkus-resteasy-common-deployment-1.12.0.Final.jar (22 kB) | jboss-metadata-common-11.0.0.Final.jar (292/475 kB) | quarkus-resteasy-server-common-deployment-1.12.0.Final.jar (30 kB) | jboss-metadata-web-11.0.0.Final.jar (8.2/468 kB)Progress (5): quarkus-http-core-3.0.18.Final.jar (932 kB) | quarkus-resteasy-common-deployment-1.12.0.Final.jar (22 kB) | jboss-metadata-common-11.0.0.Final.jar (292/475 kB) | quarkus-resteasy-server-common-deployment-1.12.0.Final.jar (30 kB) | jboss-metadata-web-11.0.0.Final.jar (12/468 kB) Progress (5): quarkus-http-core-3.0.18.Final.jar (932 kB) | quarkus-resteasy-common-deployment-1.12.0.Final.jar (22 kB) | jboss-metadata-common-11.0.0.Final.jar (297/475 kB) | quarkus-resteasy-server-common-deployment-1.12.0.Final.jar (30 kB) | jboss-metadata-web-11.0.0.Final.jar (12/468 kB)Progress (5): quarkus-http-core-3.0.18.Final.jar (932 kB) | quarkus-resteasy-common-deployment-1.12.0.Final.jar (22 kB) | jboss-metadata-common-11.0.0.Final.jar (297/475 kB) | quarkus-resteasy-server-common-deployment-1.12.0.Final.jar (30 kB) | jboss-metadata-web-11.0.0.Final.jar (16/468 kB)Progress (5): quarkus-http-core-3.0.18.Final.jar (932 kB) | quarkus-resteasy-common-deployment-1.12.0.Final.jar (22 kB) | jboss-metadata-common-11.0.0.Final.jar (301/475 kB) | quarkus-resteasy-server-common-deployment-1.12.0.Final.jar (30 kB) | jboss-metadata-web-11.0.0.Final.jar (16/468 kB)Progress (5): quarkus-http-core-3.0.18.Final.jar (932 kB) | quarkus-resteasy-common-deployment-1.12.0.Final.jar (22 kB) | jboss-metadata-common-11.0.0.Final.jar (301/475 kB) | quarkus-resteasy-server-common-deployment-1.12.0.Final.jar (30 kB) | jboss-metadata-web-11.0.0.Final.jar (20/468 kB)Progress (5): quarkus-http-core-3.0.18.Final.jar (932 kB) | quarkus-resteasy-common-deployment-1.12.0.Final.jar (22 kB) | jboss-metadata-common-11.0.0.Final.jar (305/475 kB) | quarkus-resteasy-server-common-deployment-1.12.0.Final.jar (30 kB) | jboss-metadata-web-11.0.0.Final.jar (20/468 kB)Progress (5): quarkus-http-core-3.0.18.Final.jar (932 kB) | quarkus-resteasy-common-deployment-1.12.0.Final.jar (22 kB) | jboss-metadata-common-11.0.0.Final.jar (305/475 kB) | quarkus-resteasy-server-common-deployment-1.12.0.Final.jar (30 kB) | jboss-metadata-web-11.0.0.Final.jar (25/468 kB)Progress (5): quarkus-http-core-3.0.18.Final.jar (932 kB) | quarkus-resteasy-common-deployment-1.12.0.Final.jar (22 kB) | jboss-metadata-common-11.0.0.Final.jar (309/475 kB) | quarkus-resteasy-server-common-deployment-1.12.0.Final.jar (30 kB) | jboss-metadata-web-11.0.0.Final.jar (25/468 kB)Progress (5): quarkus-http-core-3.0.18.Final.jar (932 kB) | quarkus-resteasy-common-deployment-1.12.0.Final.jar (22 kB) | jboss-metadata-common-11.0.0.Final.jar (309/475 kB) | quarkus-resteasy-server-common-deployment-1.12.0.Final.jar (30 kB) | jboss-metadata-web-11.0.0.Final.jar (29/468 kB)Progress (5): quarkus-http-core-3.0.18.Final.jar (932 kB) | quarkus-resteasy-common-deployment-1.12.0.Final.jar (22 kB) | jboss-metadata-common-11.0.0.Final.jar (313/475 kB) | quarkus-resteasy-server-common-deployment-1.12.0.Final.jar (30 kB) | jboss-metadata-web-11.0.0.Final.jar (29/468 kB)Progress (5): quarkus-http-core-3.0.18.Final.jar (932 kB) | quarkus-resteasy-common-deployment-1.12.0.Final.jar (22 kB) | jboss-metadata-common-11.0.0.Final.jar (313/475 kB) | quarkus-resteasy-server-common-deployment-1.12.0.Final.jar (30 kB) | jboss-metadata-web-11.0.0.Final.jar (33/468 kB)Progress (5): quarkus-http-core-3.0.18.Final.jar (932 kB) | quarkus-resteasy-common-deployment-1.12.0.Final.jar (22 kB) | jboss-metadata-common-11.0.0.Final.jar (317/475 kB) | quarkus-resteasy-server-common-deployment-1.12.0.Final.jar (30 kB) | jboss-metadata-web-11.0.0.Final.jar (33/468 kB)Progress (5): quarkus-http-core-3.0.18.Final.jar (932 kB) | quarkus-resteasy-common-deployment-1.12.0.Final.jar (22 kB) | jboss-metadata-common-11.0.0.Final.jar (317/475 kB) | quarkus-resteasy-server-common-deployment-1.12.0.Final.jar (30 kB) | jboss-metadata-web-11.0.0.Final.jar (37/468 kB)Progress (5): quarkus-http-core-3.0.18.Final.jar (932 kB) | quarkus-resteasy-common-deployment-1.12.0.Final.jar (22 kB) | jboss-metadata-common-11.0.0.Final.jar (321/475 kB) | quarkus-resteasy-server-common-deployment-1.12.0.Final.jar (30 kB) | jboss-metadata-web-11.0.0.Final.jar (37/468 kB)                                                                                                                                                                                                                                                                                                    Downloaded from central: https://repo.maven.apache.org/maven2/io/quarkus/quarkus-resteasy-common-deployment/1.12.0.Final/quarkus-resteasy-common-deployment-1.12.0.Final.jar (22 kB at 85 kB/s)
Progress (4): quarkus-http-core-3.0.18.Final.jar (932 kB) | jboss-metadata-common-11.0.0.Final.jar (321/475 kB) | quarkus-resteasy-server-common-deployment-1.12.0.Final.jar (30 kB) | jboss-metadata-web-11.0.0.Final.jar (41/468 kB)                                                                                                                                                                                                                                      Downloading from central: https://repo.maven.apache.org/maven2/io/quarkus/quarkus-undertow-spi/1.12.0.Final/quarkus-undertow-spi-1.12.0.Final.jar
Progress (4): quarkus-http-core-3.0.18.Final.jar (932 kB) | jboss-metadata-common-11.0.0.Final.jar (325/475 kB) | quarkus-resteasy-server-common-deployment-1.12.0.Final.jar (30 kB) | jboss-metadata-web-11.0.0.Final.jar (41/468 kB)Progress (4): quarkus-http-core-3.0.18.Final.jar (932 kB) | jboss-metadata-common-11.0.0.Final.jar (325/475 kB) | quarkus-resteasy-server-common-deployment-1.12.0.Final.jar (30 kB) | jboss-metadata-web-11.0.0.Final.jar (45/468 kB)Progress (4): quarkus-http-core-3.0.18.Final.jar (932 kB) | jboss-metadata-common-11.0.0.Final.jar (329/475 kB) | quarkus-resteasy-server-common-deployment-1.12.0.Final.jar (30 kB) | jboss-metadata-web-11.0.0.Final.jar (45/468 kB)Progress (4): quarkus-http-core-3.0.18.Final.jar (932 kB) | jboss-metadata-common-11.0.0.Final.jar (329/475 kB) | quarkus-resteasy-server-common-deployment-1.12.0.Final.jar (30 kB) | jboss-metadata-web-11.0.0.Final.jar (49/468 kB)Progress (4): quarkus-http-core-3.0.18.Final.jar (932 kB) | jboss-metadata-common-11.0.0.Final.jar (333/475 kB) | quarkus-resteasy-server-common-deployment-1.12.0.Final.jar (30 kB) | jboss-metadata-web-11.0.0.Final.jar (49/468 kB)Progress (4): quarkus-http-core-3.0.18.Final.jar (932 kB) | jboss-metadata-common-11.0.0.Final.jar (333/475 kB) | quarkus-resteasy-server-common-deployment-1.12.0.Final.jar (30 kB) | jboss-metadata-web-11.0.0.Final.jar (53/468 kB)                                                                                                                                                                                                                                      Downloaded from central: https://repo.maven.apache.org/maven2/io/quarkus/http/quarkus-http-core/3.0.18.Final/quarkus-http-core-3.0.18.Final.jar (932 kB at 3.6 MB/s)
Downloading from central: https://repo.maven.apache.org/maven2/io/quarkus/quarkus-security-spi/1.12.0.Final/quarkus-security-spi-1.12.0.Final.jar
Progress (3): jboss-metadata-common-11.0.0.Final.jar (338/475 kB) | quarkus-resteasy-server-common-deployment-1.12.0.Final.jar (30 kB) | jboss-metadata-web-11.0.0.Final.jar (53/468 kB)Progress (3): jboss-metadata-common-11.0.0.Final.jar (338/475 kB) | quarkus-resteasy-server-common-deployment-1.12.0.Final.jar (30 kB) | jboss-metadata-web-11.0.0.Final.jar (57/468 kB)Progress (3): jboss-metadata-common-11.0.0.Final.jar (342/475 kB) | quarkus-resteasy-server-common-deployment-1.12.0.Final.jar (30 kB) | jboss-metadata-web-11.0.0.Final.jar (57/468 kB)Progress (3): jboss-metadata-common-11.0.0.Final.jar (342/475 kB) | quarkus-resteasy-server-common-deployment-1.12.0.Final.jar (30 kB) | jboss-metadata-web-11.0.0.Final.jar (61/468 kB)Progress (3): jboss-metadata-common-11.0.0.Final.jar (346/475 kB) | quarkus-resteasy-server-common-deployment-1.12.0.Final.jar (30 kB) | jboss-metadata-web-11.0.0.Final.jar (61/468 kB)Progress (3): jboss-metadata-common-11.0.0.Final.jar (346/475 kB) | quarkus-resteasy-server-common-deployment-1.12.0.Final.jar (30 kB) | jboss-metadata-web-11.0.0.Final.jar (66/468 kB)Progress (3): jboss-metadata-common-11.0.0.Final.jar (350/475 kB) | quarkus-resteasy-server-common-deployment-1.12.0.Final.jar (30 kB) | jboss-metadata-web-11.0.0.Final.jar (66/468 kB)Progress (3): jboss-metadata-common-11.0.0.Final.jar (350/475 kB) | quarkus-resteasy-server-common-deployment-1.12.0.Final.jar (30 kB) | jboss-metadata-web-11.0.0.Final.jar (70/468 kB)Progress (3): jboss-metadata-common-11.0.0.Final.jar (354/475 kB) | quarkus-resteasy-server-common-deployment-1.12.0.Final.jar (30 kB) | jboss-metadata-web-11.0.0.Final.jar (70/468 kB)Progress (3): jboss-metadata-common-11.0.0.Final.jar (354/475 kB) | quarkus-resteasy-server-common-deployment-1.12.0.Final.jar (30 kB) | jboss-metadata-web-11.0.0.Final.jar (74/468 kB)Progress (3): jboss-metadata-common-11.0.0.Final.jar (358/475 kB) | quarkus-resteasy-server-common-deployment-1.12.0.Final.jar (30 kB) | jboss-metadata-web-11.0.0.Final.jar (74/468 kB)Progress (3): jboss-metadata-common-11.0.0.Final.jar (358/475 kB) | quarkus-resteasy-server-common-deployment-1.12.0.Final.jar (30 kB) | jboss-metadata-web-11.0.0.Final.jar (78/468 kB)Progress (3): jboss-metadata-common-11.0.0.Final.jar (358/475 kB) | quarkus-resteasy-server-common-deployment-1.12.0.Final.jar (30 kB) | jboss-metadata-web-11.0.0.Final.jar (82/468 kB)Progress (3): jboss-metadata-common-11.0.0.Final.jar (362/475 kB) | quarkus-resteasy-server-common-deployment-1.12.0.Final.jar (30 kB) | jboss-metadata-web-11.0.0.Final.jar (82/468 kB)Progress (3): jboss-metadata-common-11.0.0.Final.jar (366/475 kB) | quarkus-resteasy-server-common-deployment-1.12.0.Final.jar (30 kB) | jboss-metadata-web-11.0.0.Final.jar (82/468 kB)Progress (3): jboss-metadata-common-11.0.0.Final.jar (366/475 kB) | quarkus-resteasy-server-common-deployment-1.12.0.Final.jar (30 kB) | jboss-metadata-web-11.0.0.Final.jar (86/468 kB)Progress (3): jboss-metadata-common-11.0.0.Final.jar (366/475 kB) | quarkus-resteasy-server-common-deployment-1.12.0.Final.jar (30 kB) | jboss-metadata-web-11.0.0.Final.jar (90/468 kB)Progress (3): jboss-metadata-common-11.0.0.Final.jar (370/475 kB) | quarkus-resteasy-server-common-deployment-1.12.0.Final.jar (30 kB) | jboss-metadata-web-11.0.0.Final.jar (90/468 kB)Progress (3): jboss-metadata-common-11.0.0.Final.jar (370/475 kB) | quarkus-resteasy-server-common-deployment-1.12.0.Final.jar (30 kB) | jboss-metadata-web-11.0.0.Final.jar (94/468 kB)Progress (3): jboss-metadata-common-11.0.0.Final.jar (374/475 kB) | quarkus-resteasy-server-common-deployment-1.12.0.Final.jar (30 kB) | jboss-metadata-web-11.0.0.Final.jar (94/468 kB)Progress (3): jboss-metadata-common-11.0.0.Final.jar (374/475 kB) | quarkus-resteasy-server-common-deployment-1.12.0.Final.jar (30 kB) | jboss-metadata-web-11.0.0.Final.jar (98/468 kB)Progress (3): jboss-metadata-common-11.0.0.Final.jar (378/475 kB) | quarkus-resteasy-server-common-deployment-1.12.0.Final.jar (30 kB) | jboss-metadata-web-11.0.0.Final.jar (98/468 kB)Progress (3): jboss-metadata-common-11.0.0.Final.jar (378/475 kB) | quarkus-resteasy-server-common-deployment-1.12.0.Final.jar (30 kB) | jboss-metadata-web-11.0.0.Final.jar (102/468 kB)Progress (3): jboss-metadata-common-11.0.0.Final.jar (383/475 kB) | quarkus-resteasy-server-common-deployment-1.12.0.Final.jar (30 kB) | jboss-metadata-web-11.0.0.Final.jar (102/468 kB)Progress (3): jboss-metadata-common-11.0.0.Final.jar (383/475 kB) | quarkus-resteasy-server-common-deployment-1.12.0.Final.jar (30 kB) | jboss-metadata-web-11.0.0.Final.jar (106/468 kB)Progress (3): jboss-metadata-common-11.0.0.Final.jar (383/475 kB) | quarkus-resteasy-server-common-deployment-1.12.0.Final.jar (30 kB) | jboss-metadata-web-11.0.0.Final.jar (111/468 kB)Progress (3): jboss-metadata-common-11.0.0.Final.jar (387/475 kB) | quarkus-resteasy-server-common-deployment-1.12.0.Final.jar (30 kB) | jboss-metadata-web-11.0.0.Final.jar (111/468 kB)Progress (3): jboss-metadata-common-11.0.0.Final.jar (387/475 kB) | quarkus-resteasy-server-common-deployment-1.12.0.Final.jar (30 kB) | jboss-metadata-web-11.0.0.Final.jar (115/468 kB)Progress (3): jboss-metadata-common-11.0.0.Final.jar (387/475 kB) | quarkus-resteasy-server-common-deployment-1.12.0.Final.jar (30 kB) | jboss-metadata-web-11.0.0.Final.jar (119/468 kB)Progress (3): jboss-metadata-common-11.0.0.Final.jar (391/475 kB) | quarkus-resteasy-server-common-deployment-1.12.0.Final.jar (30 kB) | jboss-metadata-web-11.0.0.Final.jar (119/468 kB)Progress (3): jboss-metadata-common-11.0.0.Final.jar (391/475 kB) | quarkus-resteasy-server-common-deployment-1.12.0.Final.jar (30 kB) | jboss-metadata-web-11.0.0.Final.jar (123/468 kB)Progress (3): jboss-metadata-common-11.0.0.Final.jar (391/475 kB) | quarkus-resteasy-server-common-deployment-1.12.0.Final.jar (30 kB) | jboss-metadata-web-11.0.0.Final.jar (127/468 kB)Progress (3): jboss-metadata-common-11.0.0.Final.jar (395/475 kB) | quarkus-resteasy-server-common-deployment-1.12.0.Final.jar (30 kB) | jboss-metadata-web-11.0.0.Final.jar (127/468 kB)Progress (3): jboss-metadata-common-11.0.0.Final.jar (395/475 kB) | quarkus-resteasy-server-common-deployment-1.12.0.Final.jar (30 kB) | jboss-metadata-web-11.0.0.Final.jar (131/468 kB)Progress (3): jboss-metadata-common-11.0.0.Final.jar (399/475 kB) | quarkus-resteasy-server-common-deployment-1.12.0.Final.jar (30 kB) | jboss-metadata-web-11.0.0.Final.jar (131/468 kB)Progress (3): jboss-metadata-common-11.0.0.Final.jar (399/475 kB) | quarkus-resteasy-server-common-deployment-1.12.0.Final.jar (30 kB) | jboss-metadata-web-11.0.0.Final.jar (135/468 kB)Progress (3): jboss-metadata-common-11.0.0.Final.jar (403/475 kB) | quarkus-resteasy-server-common-deployment-1.12.0.Final.jar (30 kB) | jboss-metadata-web-11.0.0.Final.jar (135/468 kB)Progress (3): jboss-metadata-common-11.0.0.Final.jar (403/475 kB) | quarkus-resteasy-server-common-deployment-1.12.0.Final.jar (30 kB) | jboss-metadata-web-11.0.0.Final.jar (139/468 kB)Progress (3): jboss-metadata-common-11.0.0.Final.jar (407/475 kB) | quarkus-resteasy-server-common-deployment-1.12.0.Final.jar (30 kB) | jboss-metadata-web-11.0.0.Final.jar (139/468 kB)Progress (3): jboss-metadata-common-11.0.0.Final.jar (407/475 kB) | quarkus-resteasy-server-common-deployment-1.12.0.Final.jar (30 kB) | jboss-metadata-web-11.0.0.Final.jar (143/468 kB)Progress (3): jboss-metadata-common-11.0.0.Final.jar (411/475 kB) | quarkus-resteasy-server-common-deployment-1.12.0.Final.jar (30 kB) | jboss-metadata-web-11.0.0.Final.jar (143/468 kB)Progress (3): jboss-metadata-common-11.0.0.Final.jar (411/475 kB) | quarkus-resteasy-server-common-deployment-1.12.0.Final.jar (30 kB) | jboss-metadata-web-11.0.0.Final.jar (147/468 kB)Progress (3): jboss-metadata-common-11.0.0.Final.jar (415/475 kB) | quarkus-resteasy-server-common-deployment-1.12.0.Final.jar (30 kB) | jboss-metadata-web-11.0.0.Final.jar (147/468 kB)Progress (3): jboss-metadata-common-11.0.0.Final.jar (415/475 kB) | quarkus-resteasy-server-common-deployment-1.12.0.Final.jar (30 kB) | jboss-metadata-web-11.0.0.Final.jar (152/468 kB)Progress (3): jboss-metadata-common-11.0.0.Final.jar (419/475 kB) | quarkus-resteasy-server-common-deployment-1.12.0.Final.jar (30 kB) | jboss-metadata-web-11.0.0.Final.jar (152/468 kB)Progress (3): jboss-metadata-common-11.0.0.Final.jar (419/475 kB) | quarkus-resteasy-server-common-deployment-1.12.0.Final.jar (30 kB) | jboss-metadata-web-11.0.0.Final.jar (156/468 kB)Progress (3): jboss-metadata-common-11.0.0.Final.jar (424/475 kB) | quarkus-resteasy-server-common-deployment-1.12.0.Final.jar (30 kB) | jboss-metadata-web-11.0.0.Final.jar (156/468 kB)Progress (3): jboss-metadata-common-11.0.0.Final.jar (424/475 kB) | quarkus-resteasy-server-common-deployment-1.12.0.Final.jar (30 kB) | jboss-metadata-web-11.0.0.Final.jar (160/468 kB)Progress (3): jboss-metadata-common-11.0.0.Final.jar (428/475 kB) | quarkus-resteasy-server-common-deployment-1.12.0.Final.jar (30 kB) | jboss-metadata-web-11.0.0.Final.jar (160/468 kB)Progress (3): jboss-metadata-common-11.0.0.Final.jar (428/475 kB) | quarkus-resteasy-server-common-deployment-1.12.0.Final.jar (30 kB) | jboss-metadata-web-11.0.0.Final.jar (164/468 kB)Progress (3): jboss-metadata-common-11.0.0.Final.jar (432/475 kB) | quarkus-resteasy-server-common-deployment-1.12.0.Final.jar (30 kB) | jboss-metadata-web-11.0.0.Final.jar (164/468 kB)Progress (3): jboss-metadata-common-11.0.0.Final.jar (432/475 kB) | quarkus-resteasy-server-common-deployment-1.12.0.Final.jar (30 kB) | jboss-metadata-web-11.0.0.Final.jar (168/468 kB)Progress (3): jboss-metadata-common-11.0.0.Final.jar (436/475 kB) | quarkus-resteasy-server-common-deployment-1.12.0.Final.jar (30 kB) | jboss-metadata-web-11.0.0.Final.jar (168/468 kB)Progress (3): jboss-metadata-common-11.0.0.Final.jar (436/475 kB) | quarkus-resteasy-server-common-deployment-1.12.0.Final.jar (30 kB) | jboss-metadata-web-11.0.0.Final.jar (172/468 kB)Progress (3): jboss-metadata-common-11.0.0.Final.jar (438/475 kB) | quarkus-resteasy-server-common-deployment-1.12.0.Final.jar (30 kB) | jboss-metadata-web-11.0.0.Final.jar (172/468 kB)Progress (3): jboss-metadata-common-11.0.0.Final.jar (438/475 kB) | quarkus-resteasy-server-common-deployment-1.12.0.Final.jar (30 kB) | jboss-metadata-web-11.0.0.Final.jar (176/468 kB)Progress (3): jboss-metadata-common-11.0.0.Final.jar (442/475 kB) | quarkus-resteasy-server-common-deployment-1.12.0.Final.jar (30 kB) | jboss-metadata-web-11.0.0.Final.jar (176/468 kB)Progress (3): jboss-metadata-common-11.0.0.Final.jar (442/475 kB) | quarkus-resteasy-server-common-deployment-1.12.0.Final.jar (30 kB) | jboss-metadata-web-11.0.0.Final.jar (180/468 kB)Progress (3): jboss-metadata-common-11.0.0.Final.jar (446/475 kB) | quarkus-resteasy-server-common-deployment-1.12.0.Final.jar (30 kB) | jboss-metadata-web-11.0.0.Final.jar (180/468 kB)Progress (3): jboss-metadata-common-11.0.0.Final.jar (446/475 kB) | quarkus-resteasy-server-common-deployment-1.12.0.Final.jar (30 kB) | jboss-metadata-web-11.0.0.Final.jar (184/468 kB)Progress (3): jboss-metadata-common-11.0.0.Final.jar (450/475 kB) | quarkus-resteasy-server-common-deployment-1.12.0.Final.jar (30 kB) | jboss-metadata-web-11.0.0.Final.jar (184/468 kB)Progress (3): jboss-metadata-common-11.0.0.Final.jar (450/475 kB) | quarkus-resteasy-server-common-deployment-1.12.0.Final.jar (30 kB) | jboss-metadata-web-11.0.0.Final.jar (188/468 kB)Progress (3): jboss-metadata-common-11.0.0.Final.jar (454/475 kB) | quarkus-resteasy-server-common-deployment-1.12.0.Final.jar (30 kB) | jboss-metadata-web-11.0.0.Final.jar (188/468 kB)Progress (3): jboss-metadata-common-11.0.0.Final.jar (454/475 kB) | quarkus-resteasy-server-common-deployment-1.12.0.Final.jar (30 kB) | jboss-metadata-web-11.0.0.Final.jar (193/468 kB)Progress (3): jboss-metadata-common-11.0.0.Final.jar (458/475 kB) | quarkus-resteasy-server-common-deployment-1.12.0.Final.jar (30 kB) | jboss-metadata-web-11.0.0.Final.jar (193/468 kB)Progress (3): jboss-metadata-common-11.0.0.Final.jar (463/475 kB) | quarkus-resteasy-server-common-deployment-1.12.0.Final.jar (30 kB) | jboss-metadata-web-11.0.0.Final.jar (193/468 kB)Progress (3): jboss-metadata-common-11.0.0.Final.jar (463/475 kB) | quarkus-resteasy-server-common-deployment-1.12.0.Final.jar (30 kB) | jboss-metadata-web-11.0.0.Final.jar (197/468 kB)Progress (3): jboss-metadata-common-11.0.0.Final.jar (467/475 kB) | quarkus-resteasy-server-common-deployment-1.12.0.Final.jar (30 kB) | jboss-metadata-web-11.0.0.Final.jar (197/468 kB)Progress (3): jboss-metadata-common-11.0.0.Final.jar (467/475 kB) | quarkus-resteasy-server-common-deployment-1.12.0.Final.jar (30 kB) | jboss-metadata-web-11.0.0.Final.jar (201/468 kB)Progress (3): jboss-metadata-common-11.0.0.Final.jar (471/475 kB) | quarkus-resteasy-server-common-deployment-1.12.0.Final.jar (30 kB) | jboss-metadata-web-11.0.0.Final.jar (201/468 kB)Progress (3): jboss-metadata-common-11.0.0.Final.jar (471/475 kB) | quarkus-resteasy-server-common-deployment-1.12.0.Final.jar (30 kB) | jboss-metadata-web-11.0.0.Final.jar (205/468 kB)Progress (3): jboss-metadata-common-11.0.0.Final.jar (475 kB) | quarkus-resteasy-server-common-deployment-1.12.0.Final.jar (30 kB) | jboss-metadata-web-11.0.0.Final.jar (205/468 kB)    Progress (3): jboss-metadata-common-11.0.0.Final.jar (475 kB) | quarkus-resteasy-server-common-deployment-1.12.0.Final.jar (30 kB) | jboss-metadata-web-11.0.0.Final.jar (209/468 kB)Progress (3): jboss-metadata-common-11.0.0.Final.jar (475 kB) | quarkus-resteasy-server-common-deployment-1.12.0.Final.jar (30 kB) | jboss-metadata-web-11.0.0.Final.jar (213/468 kB)Progress (3): jboss-metadata-common-11.0.0.Final.jar (475 kB) | quarkus-resteasy-server-common-deployment-1.12.0.Final.jar (30 kB) | jboss-metadata-web-11.0.0.Final.jar (217/468 kB)Progress (3): jboss-metadata-common-11.0.0.Final.jar (475 kB) | quarkus-resteasy-server-common-deployment-1.12.0.Final.jar (30 kB) | jboss-metadata-web-11.0.0.Final.jar (221/468 kB)Progress (3): jboss-metadata-common-11.0.0.Final.jar (475 kB) | quarkus-resteasy-server-common-deployment-1.12.0.Final.jar (30 kB) | jboss-metadata-web-11.0.0.Final.jar (225/468 kB)Progress (3): jboss-metadata-common-11.0.0.Final.jar (475 kB) | quarkus-resteasy-server-common-deployment-1.12.0.Final.jar (30 kB) | jboss-metadata-web-11.0.0.Final.jar (229/468 kB)Progress (3): jboss-metadata-common-11.0.0.Final.jar (475 kB) | quarkus-resteasy-server-common-deployment-1.12.0.Final.jar (30 kB) | jboss-metadata-web-11.0.0.Final.jar (233/468 kB)Progress (3): jboss-metadata-common-11.0.0.Final.jar (475 kB) | quarkus-resteasy-server-common-deployment-1.12.0.Final.jar (30 kB) | jboss-metadata-web-11.0.0.Final.jar (238/468 kB)Progress (3): jboss-metadata-common-11.0.0.Final.jar (475 kB) | quarkus-resteasy-server-common-deployment-1.12.0.Final.jar (30 kB) | jboss-metadata-web-11.0.0.Final.jar (242/468 kB)Progress (3): jboss-metadata-common-11.0.0.Final.jar (475 kB) | quarkus-resteasy-server-common-deployment-1.12.0.Final.jar (30 kB) | jboss-metadata-web-11.0.0.Final.jar (246/468 kB)Progress (3): jboss-metadata-common-11.0.0.Final.jar (475 kB) | quarkus-resteasy-server-common-deployment-1.12.0.Final.jar (30 kB) | jboss-metadata-web-11.0.0.Final.jar (250/468 kB)Progress (3): jboss-metadata-common-11.0.0.Final.jar (475 kB) | quarkus-resteasy-server-common-deployment-1.12.0.Final.jar (30 kB) | jboss-metadata-web-11.0.0.Final.jar (254/468 kB)Progress (3): jboss-metadata-common-11.0.0.Final.jar (475 kB) | quarkus-resteasy-server-common-deployment-1.12.0.Final.jar (30 kB) | jboss-metadata-web-11.0.0.Final.jar (258/468 kB)Progress (3): jboss-metadata-common-11.0.0.Final.jar (475 kB) | quarkus-resteasy-server-common-deployment-1.12.0.Final.jar (30 kB) | jboss-metadata-web-11.0.0.Final.jar (262/468 kB)Progress (3): jboss-metadata-common-11.0.0.Final.jar (475 kB) | quarkus-resteasy-server-common-deployment-1.12.0.Final.jar (30 kB) | jboss-metadata-web-11.0.0.Final.jar (266/468 kB)Progress (3): jboss-metadata-common-11.0.0.Final.jar (475 kB) | quarkus-resteasy-server-common-deployment-1.12.0.Final.jar (30 kB) | jboss-metadata-web-11.0.0.Final.jar (270/468 kB)Progress (3): jboss-metadata-common-11.0.0.Final.jar (475 kB) | quarkus-resteasy-server-common-deployment-1.12.0.Final.jar (30 kB) | jboss-metadata-web-11.0.0.Final.jar (274/468 kB)Progress (3): jboss-metadata-common-11.0.0.Final.jar (475 kB) | quarkus-resteasy-server-common-deployment-1.12.0.Final.jar (30 kB) | jboss-metadata-web-11.0.0.Final.jar (279/468 kB)Progress (3): jboss-metadata-common-11.0.0.Final.jar (475 kB) | quarkus-resteasy-server-common-deployment-1.12.0.Final.jar (30 kB) | jboss-metadata-web-11.0.0.Final.jar (283/468 kB)Progress (3): jboss-metadata-common-11.0.0.Final.jar (475 kB) | quarkus-resteasy-server-common-deployment-1.12.0.Final.jar (30 kB) | jboss-metadata-web-11.0.0.Final.jar (287/468 kB)Progress (3): jboss-metadata-common-11.0.0.Final.jar (475 kB) | quarkus-resteasy-server-common-deployment-1.12.0.Final.jar (30 kB) | jboss-metadata-web-11.0.0.Final.jar (291/468 kB)Progress (3): jboss-metadata-common-11.0.0.Final.jar (475 kB) | quarkus-resteasy-server-common-deployment-1.12.0.Final.jar (30 kB) | jboss-metadata-web-11.0.0.Final.jar (295/468 kB)Progress (3): jboss-metadata-common-11.0.0.Final.jar (475 kB) | quarkus-resteasy-server-common-deployment-1.12.0.Final.jar (30 kB) | jboss-metadata-web-11.0.0.Final.jar (299/468 kB)Progress (3): jboss-metadata-common-11.0.0.Final.jar (475 kB) | quarkus-resteasy-server-common-deployment-1.12.0.Final.jar (30 kB) | jboss-metadata-web-11.0.0.Final.jar (303/468 kB)Progress (3): jboss-metadata-common-11.0.0.Final.jar (475 kB) | quarkus-resteasy-server-common-deployment-1.12.0.Final.jar (30 kB) | jboss-metadata-web-11.0.0.Final.jar (307/468 kB)Progress (3): jboss-metadata-common-11.0.0.Final.jar (475 kB) | quarkus-resteasy-server-common-deployment-1.12.0.Final.jar (30 kB) | jboss-metadata-web-11.0.0.Final.jar (311/468 kB)Progress (3): jboss-metadata-common-11.0.0.Final.jar (475 kB) | quarkus-resteasy-server-common-deployment-1.12.0.Final.jar (30 kB) | jboss-metadata-web-11.0.0.Final.jar (315/468 kB)Progress (3): jboss-metadata-common-11.0.0.Final.jar (475 kB) | quarkus-resteasy-server-common-deployment-1.12.0.Final.jar (30 kB) | jboss-metadata-web-11.0.0.Final.jar (319/468 kB)Progress (3): jboss-metadata-common-11.0.0.Final.jar (475 kB) | quarkus-resteasy-server-common-deployment-1.12.0.Final.jar (30 kB) | jboss-metadata-web-11.0.0.Final.jar (324/468 kB)Progress (3): jboss-metadata-common-11.0.0.Final.jar (475 kB) | quarkus-resteasy-server-common-deployment-1.12.0.Final.jar (30 kB) | jboss-metadata-web-11.0.0.Final.jar (328/468 kB)Progress (3): jboss-metadata-common-11.0.0.Final.jar (475 kB) | quarkus-resteasy-server-common-deployment-1.12.0.Final.jar (30 kB) | jboss-metadata-web-11.0.0.Final.jar (332/468 kB)Progress (3): jboss-metadata-common-11.0.0.Final.jar (475 kB) | quarkus-resteasy-server-common-deployment-1.12.0.Final.jar (30 kB) | jboss-metadata-web-11.0.0.Final.jar (336/468 kB)Progress (3): jboss-metadata-common-11.0.0.Final.jar (475 kB) | quarkus-resteasy-server-common-deployment-1.12.0.Final.jar (30 kB) | jboss-metadata-web-11.0.0.Final.jar (340/468 kB)Progress (3): jboss-metadata-common-11.0.0.Final.jar (475 kB) | quarkus-resteasy-server-common-deployment-1.12.0.Final.jar (30 kB) | jboss-metadata-web-11.0.0.Final.jar (344/468 kB)Progress (3): jboss-metadata-common-11.0.0.Final.jar (475 kB) | quarkus-resteasy-server-common-deployment-1.12.0.Final.jar (30 kB) | jboss-metadata-web-11.0.0.Final.jar (348/468 kB)Progress (3): jboss-metadata-common-11.0.0.Final.jar (475 kB) | quarkus-resteasy-server-common-deployment-1.12.0.Final.jar (30 kB) | jboss-metadata-web-11.0.0.Final.jar (352/468 kB)Progress (3): jboss-metadata-common-11.0.0.Final.jar (475 kB) | quarkus-resteasy-server-common-deployment-1.12.0.Final.jar (30 kB) | jboss-metadata-web-11.0.0.Final.jar (356/468 kB)Progress (3): jboss-metadata-common-11.0.0.Final.jar (475 kB) | quarkus-resteasy-server-common-deployment-1.12.0.Final.jar (30 kB) | jboss-metadata-web-11.0.0.Final.jar (360/468 kB)Progress (3): jboss-metadata-common-11.0.0.Final.jar (475 kB) | quarkus-resteasy-server-common-deployment-1.12.0.Final.jar (30 kB) | jboss-metadata-web-11.0.0.Final.jar (365/468 kB)Progress (3): jboss-metadata-common-11.0.0.Final.jar (475 kB) | quarkus-resteasy-server-common-deployment-1.12.0.Final.jar (30 kB) | jboss-metadata-web-11.0.0.Final.jar (369/468 kB)Progress (3): jboss-metadata-common-11.0.0.Final.jar (475 kB) | quarkus-resteasy-server-common-deployment-1.12.0.Final.jar (30 kB) | jboss-metadata-web-11.0.0.Final.jar (373/468 kB)Progress (3): jboss-metadata-common-11.0.0.Final.jar (475 kB) | quarkus-resteasy-server-common-deployment-1.12.0.Final.jar (30 kB) | jboss-metadata-web-11.0.0.Final.jar (377/468 kB)Progress (3): jboss-metadata-common-11.0.0.Final.jar (475 kB) | quarkus-resteasy-server-common-deployment-1.12.0.Final.jar (30 kB) | jboss-metadata-web-11.0.0.Final.jar (381/468 kB)Progress (3): jboss-metadata-common-11.0.0.Final.jar (475 kB) | quarkus-resteasy-server-common-deployment-1.12.0.Final.jar (30 kB) | jboss-metadata-web-11.0.0.Final.jar (385/468 kB)Progress (3): jboss-metadata-common-11.0.0.Final.jar (475 kB) | quarkus-resteasy-server-common-deployment-1.12.0.Final.jar (30 kB) | jboss-metadata-web-11.0.0.Final.jar (389/468 kB)Progress (3): jboss-metadata-common-11.0.0.Final.jar (475 kB) | quarkus-resteasy-server-common-deployment-1.12.0.Final.jar (30 kB) | jboss-metadata-web-11.0.0.Final.jar (393/468 kB)Progress (3): jboss-metadata-common-11.0.0.Final.jar (475 kB) | quarkus-resteasy-server-common-deployment-1.12.0.Final.jar (30 kB) | jboss-metadata-web-11.0.0.Final.jar (397/468 kB)Progress (3): jboss-metadata-common-11.0.0.Final.jar (475 kB) | quarkus-resteasy-server-common-deployment-1.12.0.Final.jar (30 kB) | jboss-metadata-web-11.0.0.Final.jar (401/468 kB)Progress (3): jboss-metadata-common-11.0.0.Final.jar (475 kB) | quarkus-resteasy-server-common-deployment-1.12.0.Final.jar (30 kB) | jboss-metadata-web-11.0.0.Final.jar (406/468 kB)Progress (3): jboss-metadata-common-11.0.0.Final.jar (475 kB) | quarkus-resteasy-server-common-deployment-1.12.0.Final.jar (30 kB) | jboss-metadata-web-11.0.0.Final.jar (410/468 kB)Progress (3): jboss-metadata-common-11.0.0.Final.jar (475 kB) | quarkus-resteasy-server-common-deployment-1.12.0.Final.jar (30 kB) | jboss-metadata-web-11.0.0.Final.jar (414/468 kB)Progress (3): jboss-metadata-common-11.0.0.Final.jar (475 kB) | quarkus-resteasy-server-common-deployment-1.12.0.Final.jar (30 kB) | jboss-metadata-web-11.0.0.Final.jar (418/468 kB)Progress (3): jboss-metadata-common-11.0.0.Final.jar (475 kB) | quarkus-resteasy-server-common-deployment-1.12.0.Final.jar (30 kB) | jboss-metadata-web-11.0.0.Final.jar (422/468 kB)Progress (3): jboss-metadata-common-11.0.0.Final.jar (475 kB) | quarkus-resteasy-server-common-deployment-1.12.0.Final.jar (30 kB) | jboss-metadata-web-11.0.0.Final.jar (426/468 kB)Progress (3): jboss-metadata-common-11.0.0.Final.jar (475 kB) | quarkus-resteasy-server-common-deployment-1.12.0.Final.jar (30 kB) | jboss-metadata-web-11.0.0.Final.jar (430/468 kB)Progress (3): jboss-metadata-common-11.0.0.Final.jar (475 kB) | quarkus-resteasy-server-common-deployment-1.12.0.Final.jar (30 kB) | jboss-metadata-web-11.0.0.Final.jar (434/468 kB)Progress (3): jboss-metadata-common-11.0.0.Final.jar (475 kB) | quarkus-resteasy-server-common-deployment-1.12.0.Final.jar (30 kB) | jboss-metadata-web-11.0.0.Final.jar (438/468 kB)Progress (3): jboss-metadata-common-11.0.0.Final.jar (475 kB) | quarkus-resteasy-server-common-deployment-1.12.0.Final.jar (30 kB) | jboss-metadata-web-11.0.0.Final.jar (442/468 kB)Progress (3): jboss-metadata-common-11.0.0.Final.jar (475 kB) | quarkus-resteasy-server-common-deployment-1.12.0.Final.jar (30 kB) | jboss-metadata-web-11.0.0.Final.jar (446/468 kB)Progress (3): jboss-metadata-common-11.0.0.Final.jar (475 kB) | quarkus-resteasy-server-common-deployment-1.12.0.Final.jar (30 kB) | jboss-metadata-web-11.0.0.Final.jar (450/468 kB)Progress (3): jboss-metadata-common-11.0.0.Final.jar (475 kB) | quarkus-resteasy-server-common-deployment-1.12.0.Final.jar (30 kB) | jboss-metadata-web-11.0.0.Final.jar (454/468 kB)Progress (3): jboss-metadata-common-11.0.0.Final.jar (475 kB) | quarkus-resteasy-server-common-deployment-1.12.0.Final.jar (30 kB) | jboss-metadata-web-11.0.0.Final.jar (458/468 kB)Progress (3): jboss-metadata-common-11.0.0.Final.jar (475 kB) | quarkus-resteasy-server-common-deployment-1.12.0.Final.jar (30 kB) | jboss-metadata-web-11.0.0.Final.jar (463/468 kB)Progress (3): jboss-metadata-common-11.0.0.Final.jar (475 kB) | quarkus-resteasy-server-common-deployment-1.12.0.Final.jar (30 kB) | jboss-metadata-web-11.0.0.Final.jar (467/468 kB)Progress (3): jboss-metadata-common-11.0.0.Final.jar (475 kB) | quarkus-resteasy-server-common-deployment-1.12.0.Final.jar (30 kB) | jboss-metadata-web-11.0.0.Final.jar (468 kB)                                                                                                                                                                                     Downloaded from central: https://repo.maven.apache.org/maven2/org/jboss/metadata/jboss-metadata-common/11.0.0.Final/jboss-metadata-common-11.0.0.Final.jar (475 kB at 1.6 MB/s)
Downloading from central: https://repo.maven.apache.org/maven2/io/quarkus/quarkus-resteasy-deployment/1.12.0.Final/quarkus-resteasy-deployment-1.12.0.Final.jar
Downloaded from central: https://repo.maven.apache.org/maven2/org/jboss/metadata/jboss-metadata-web/11.0.0.Final/jboss-metadata-web-11.0.0.Final.jar (468 kB at 1.5 MB/s)
Downloading from central: https://repo.maven.apache.org/maven2/io/quarkus/quarkus-jsonb-spi/1.12.0.Final/quarkus-jsonb-spi-1.12.0.Final.jar
Downloaded from central: https://repo.maven.apache.org/maven2/io/quarkus/quarkus-resteasy-server-common-deployment/1.12.0.Final/quarkus-resteasy-server-common-deployment-1.12.0.Final.jar (30 kB at 85 kB/s)
Downloading from central: https://repo.maven.apache.org/maven2/io/quarkus/quarkus-jsonb-deployment/1.12.0.Final/quarkus-jsonb-deployment-1.12.0.Final.jar
Progress (1): quarkus-undertow-spi-1.12.0.Final.jar (2.7/24 kB)Progress (1): quarkus-undertow-spi-1.12.0.Final.jar (5.5/24 kB)Progress (1): quarkus-undertow-spi-1.12.0.Final.jar (8.2/24 kB)Progress (1): quarkus-undertow-spi-1.12.0.Final.jar (11/24 kB) Progress (1): quarkus-undertow-spi-1.12.0.Final.jar (14/24 kB)Progress (1): quarkus-undertow-spi-1.12.0.Final.jar (16/24 kB)Progress (1): quarkus-undertow-spi-1.12.0.Final.jar (19/24 kB)Progress (1): quarkus-undertow-spi-1.12.0.Final.jar (22/24 kB)Progress (1): quarkus-undertow-spi-1.12.0.Final.jar (24 kB)   Progress (2): quarkus-undertow-spi-1.12.0.Final.jar (24 kB) | quarkus-security-spi-1.12.0.Final.jar (4.1/4.5 kB)Progress (2): quarkus-undertow-spi-1.12.0.Final.jar (24 kB) | quarkus-security-spi-1.12.0.Final.jar (4.5 kB)    Progress (3): quarkus-undertow-spi-1.12.0.Final.jar (24 kB) | quarkus-security-spi-1.12.0.Final.jar (4.5 kB) | quarkus-resteasy-deployment-1.12.0.Final.jar (4.1/17 kB)Progress (3): quarkus-undertow-spi-1.12.0.Final.jar (24 kB) | quarkus-security-spi-1.12.0.Final.jar (4.5 kB) | quarkus-resteasy-deployment-1.12.0.Final.jar (8.2/17 kB)Progress (3): quarkus-undertow-spi-1.12.0.Final.jar (24 kB) | quarkus-security-spi-1.12.0.Final.jar (4.5 kB) | quarkus-resteasy-deployment-1.12.0.Final.jar (12/17 kB) Progress (3): quarkus-undertow-spi-1.12.0.Final.jar (24 kB) | quarkus-security-spi-1.12.0.Final.jar (4.5 kB) | quarkus-resteasy-deployment-1.12.0.Final.jar (16/17 kB)Progress (3): quarkus-undertow-spi-1.12.0.Final.jar (24 kB) | quarkus-security-spi-1.12.0.Final.jar (4.5 kB) | quarkus-resteasy-deployment-1.12.0.Final.jar (17 kB)   Progress (4): quarkus-undertow-spi-1.12.0.Final.jar (24 kB) | quarkus-security-spi-1.12.0.Final.jar (4.5 kB) | quarkus-resteasy-deployment-1.12.0.Final.jar (17 kB) | quarkus-jsonb-spi-1.12.0.Final.jar (3.9 kB)Progress (5): quarkus-undertow-spi-1.12.0.Final.jar (24 kB) | quarkus-security-spi-1.12.0.Final.jar (4.5 kB) | quarkus-resteasy-deployment-1.12.0.Final.jar (17 kB) | quarkus-jsonb-spi-1.12.0.Final.jar (3.9 kB) | quarkus-jsonb-deployment-1.12.0.Final.jar (4.1/8.6 kB)Progress (5): quarkus-undertow-spi-1.12.0.Final.jar (24 kB) | quarkus-security-spi-1.12.0.Final.jar (4.5 kB) | quarkus-resteasy-deployment-1.12.0.Final.jar (17 kB) | quarkus-jsonb-spi-1.12.0.Final.jar (3.9 kB) | quarkus-jsonb-deployment-1.12.0.Final.jar (8.2/8.6 kB)Progress (5): quarkus-undertow-spi-1.12.0.Final.jar (24 kB) | quarkus-security-spi-1.12.0.Final.jar (4.5 kB) | quarkus-resteasy-deployment-1.12.0.Final.jar (17 kB) | quarkus-jsonb-spi-1.12.0.Final.jar (3.9 kB) | quarkus-jsonb-deployment-1.12.0.Final.jar (8.6 kB)                                                                                                                                                                                                                                                                          Downloaded from central: https://repo.maven.apache.org/maven2/io/quarkus/quarkus-undertow-spi/1.12.0.Final/quarkus-undertow-spi-1.12.0.Final.jar (24 kB at 51 kB/s)
Downloading from central: https://repo.maven.apache.org/maven2/io/quarkus/quarkus-resteasy-jsonb-deployment/1.12.0.Final/quarkus-resteasy-jsonb-deployment-1.12.0.Final.jar
Downloaded from central: https://repo.maven.apache.org/maven2/io/quarkus/quarkus-security-spi/1.12.0.Final/quarkus-security-spi-1.12.0.Final.jar (4.5 kB at 9.4 kB/s)
Downloading from central: https://repo.maven.apache.org/maven2/io/quarkus/quarkus-panache-common-deployment/1.12.0.Final/quarkus-panache-common-deployment-1.12.0.Final.jar
Downloaded from central: https://repo.maven.apache.org/maven2/io/quarkus/quarkus-resteasy-deployment/1.12.0.Final/quarkus-resteasy-deployment-1.12.0.Final.jar (17 kB at 33 kB/s)
Downloading from central: https://repo.maven.apache.org/maven2/io/quarkus/quarkus-smallrye-context-propagation-deployment/1.12.0.Final/quarkus-smallrye-context-propagation-deployment-1.12.0.Final.jar
Downloaded from central: https://repo.maven.apache.org/maven2/io/quarkus/quarkus-jsonb-spi/1.12.0.Final/quarkus-jsonb-spi-1.12.0.Final.jar (3.9 kB at 7.4 kB/s)
Downloading from central: https://repo.maven.apache.org/maven2/io/quarkus/quarkus-mutiny-deployment/1.12.0.Final/quarkus-mutiny-deployment-1.12.0.Final.jar
Downloaded from central: https://repo.maven.apache.org/maven2/io/quarkus/quarkus-jsonb-deployment/1.12.0.Final/quarkus-jsonb-deployment-1.12.0.Final.jar (8.6 kB at 15 kB/s)
Downloading from central: https://repo.maven.apache.org/maven2/io/quarkus/quarkus-narayana-jta-deployment/1.12.0.Final/quarkus-narayana-jta-deployment-1.12.0.Final.jar
Progress (1): quarkus-resteasy-jsonb-deployment-1.12.0.Final.jar (4.1/4.8 kB)Progress (1): quarkus-resteasy-jsonb-deployment-1.12.0.Final.jar (4.8 kB)    Progress (2): quarkus-resteasy-jsonb-deployment-1.12.0.Final.jar (4.8 kB) | quarkus-panache-common-deployment-1.12.0.Final.jar (2.7/49 kB)Progress (2): quarkus-resteasy-jsonb-deployment-1.12.0.Final.jar (4.8 kB) | quarkus-panache-common-deployment-1.12.0.Final.jar (5.5/49 kB)Progress (2): quarkus-resteasy-jsonb-deployment-1.12.0.Final.jar (4.8 kB) | quarkus-panache-common-deployment-1.12.0.Final.jar (8.2/49 kB)Progress (2): quarkus-resteasy-jsonb-deployment-1.12.0.Final.jar (4.8 kB) | quarkus-panache-common-deployment-1.12.0.Final.jar (11/49 kB) Progress (2): quarkus-resteasy-jsonb-deployment-1.12.0.Final.jar (4.8 kB) | quarkus-panache-common-deployment-1.12.0.Final.jar (14/49 kB)Progress (2): quarkus-resteasy-jsonb-deployment-1.12.0.Final.jar (4.8 kB) | quarkus-panache-common-deployment-1.12.0.Final.jar (16/49 kB)Progress (2): quarkus-resteasy-jsonb-deployment-1.12.0.Final.jar (4.8 kB) | quarkus-panache-common-deployment-1.12.0.Final.jar (19/49 kB)Progress (2): quarkus-resteasy-jsonb-deployment-1.12.0.Final.jar (4.8 kB) | quarkus-panache-common-deployment-1.12.0.Final.jar (22/49 kB)Progress (2): quarkus-resteasy-jsonb-deployment-1.12.0.Final.jar (4.8 kB) | quarkus-panache-common-deployment-1.12.0.Final.jar (25/49 kB)Progress (2): quarkus-resteasy-jsonb-deployment-1.12.0.Final.jar (4.8 kB) | quarkus-panache-common-deployment-1.12.0.Final.jar (27/49 kB)Progress (2): quarkus-resteasy-jsonb-deployment-1.12.0.Final.jar (4.8 kB) | quarkus-panache-common-deployment-1.12.0.Final.jar (30/49 kB)Progress (2): quarkus-resteasy-jsonb-deployment-1.12.0.Final.jar (4.8 kB) | quarkus-panache-common-deployment-1.12.0.Final.jar (33/49 kB)Progress (2): quarkus-resteasy-jsonb-deployment-1.12.0.Final.jar (4.8 kB) | quarkus-panache-common-deployment-1.12.0.Final.jar (36/49 kB)Progress (2): quarkus-resteasy-jsonb-deployment-1.12.0.Final.jar (4.8 kB) | quarkus-panache-common-deployment-1.12.0.Final.jar (38/49 kB)Progress (2): quarkus-resteasy-jsonb-deployment-1.12.0.Final.jar (4.8 kB) | quarkus-panache-common-deployment-1.12.0.Final.jar (41/49 kB)Progress (2): quarkus-resteasy-jsonb-deployment-1.12.0.Final.jar (4.8 kB) | quarkus-panache-common-deployment-1.12.0.Final.jar (44/49 kB)Progress (2): quarkus-resteasy-jsonb-deployment-1.12.0.Final.jar (4.8 kB) | quarkus-panache-common-deployment-1.12.0.Final.jar (47/49 kB)Progress (2): quarkus-resteasy-jsonb-deployment-1.12.0.Final.jar (4.8 kB) | quarkus-panache-common-deployment-1.12.0.Final.jar (49 kB)   Progress (3): quarkus-resteasy-jsonb-deployment-1.12.0.Final.jar (4.8 kB) | quarkus-panache-common-deployment-1.12.0.Final.jar (49 kB) | quarkus-smallrye-context-propagation-deployment-1.12.0.Final.jar (4.1/6.7 kB)Progress (3): quarkus-resteasy-jsonb-deployment-1.12.0.Final.jar (4.8 kB) | quarkus-panache-common-deployment-1.12.0.Final.jar (49 kB) | quarkus-smallrye-context-propagation-deployment-1.12.0.Final.jar (6.7 kB)    Progress (4): quarkus-resteasy-jsonb-deployment-1.12.0.Final.jar (4.8 kB) | quarkus-panache-common-deployment-1.12.0.Final.jar (49 kB) | quarkus-smallrye-context-propagation-deployment-1.12.0.Final.jar (6.7 kB) | quarkus-mutiny-deployment-1.12.0.Final.jar (4.0 kB)Progress (5): quarkus-resteasy-jsonb-deployment-1.12.0.Final.jar (4.8 kB) | quarkus-panache-common-deployment-1.12.0.Final.jar (49 kB) | quarkus-smallrye-context-propagation-deployment-1.12.0.Final.jar (6.7 kB) | quarkus-mutiny-deployment-1.12.0.Final.jar (4.0 kB) | quarkus-narayana-jta-deployment-1.12.0.Final.jar (4.1/8.4 kB)Progress (5): quarkus-resteasy-jsonb-deployment-1.12.0.Final.jar (4.8 kB) | quarkus-panache-common-deployment-1.12.0.Final.jar (49 kB) | quarkus-smallrye-context-propagation-deployment-1.12.0.Final.jar (6.7 kB) | quarkus-mutiny-deployment-1.12.0.Final.jar (4.0 kB) | quarkus-narayana-jta-deployment-1.12.0.Final.jar (8.2/8.4 kB)Progress (5): quarkus-resteasy-jsonb-deployment-1.12.0.Final.jar (4.8 kB) | quarkus-panache-common-deployment-1.12.0.Final.jar (49 kB) | quarkus-smallrye-context-propagation-deployment-1.12.0.Final.jar (6.7 kB) | quarkus-mutiny-deployment-1.12.0.Final.jar (4.0 kB) | quarkus-narayana-jta-deployment-1.12.0.Final.jar (8.4 kB)                                                                                                                                                                                                                                                                                                                                        Downloaded from central: https://repo.maven.apache.org/maven2/io/quarkus/quarkus-panache-common-deployment/1.12.0.Final/quarkus-panache-common-deployment-1.12.0.Final.jar (49 kB at 67 kB/s)
Downloading from central: https://repo.maven.apache.org/maven2/io/quarkus/quarkus-datasource-deployment/1.12.0.Final/quarkus-datasource-deployment-1.12.0.Final.jar
Downloaded from central: https://repo.maven.apache.org/maven2/io/quarkus/quarkus-smallrye-context-propagation-deployment/1.12.0.Final/quarkus-smallrye-context-propagation-deployment-1.12.0.Final.jar (6.7 kB at 9.2 kB/s)
Downloading from central: https://repo.maven.apache.org/maven2/io/quarkus/quarkus-credentials-deployment/1.12.0.Final/quarkus-credentials-deployment-1.12.0.Final.jar
Downloaded from central: https://repo.maven.apache.org/maven2/io/quarkus/quarkus-mutiny-deployment/1.12.0.Final/quarkus-mutiny-deployment-1.12.0.Final.jar (4.0 kB at 5.4 kB/s)
Downloading from central: https://repo.maven.apache.org/maven2/io/quarkus/quarkus-agroal-deployment/1.12.0.Final/quarkus-agroal-deployment-1.12.0.Final.jar
Downloaded from central: https://repo.maven.apache.org/maven2/io/quarkus/quarkus-resteasy-jsonb-deployment/1.12.0.Final/quarkus-resteasy-jsonb-deployment-1.12.0.Final.jar (4.8 kB at 5.8 kB/s)
Downloading from central: https://repo.maven.apache.org/maven2/io/quarkus/quarkus-caffeine-deployment/1.12.0.Final/quarkus-caffeine-deployment-1.12.0.Final.jar
Downloaded from central: https://repo.maven.apache.org/maven2/io/quarkus/quarkus-narayana-jta-deployment/1.12.0.Final/quarkus-narayana-jta-deployment-1.12.0.Final.jar (8.4 kB at 10 kB/s)
Downloading from central: https://repo.maven.apache.org/maven2/io/quarkus/quarkus-hibernate-orm-deployment/1.12.0.Final/quarkus-hibernate-orm-deployment-1.12.0.Final.jar
Progress (1): quarkus-datasource-deployment-1.12.0.Final.jar (2.7/3.1 kB)Progress (1): quarkus-datasource-deployment-1.12.0.Final.jar (3.1 kB)    Progress (2): quarkus-datasource-deployment-1.12.0.Final.jar (3.1 kB) | quarkus-credentials-deployment-1.12.0.Final.jar (3.6 kB)Progress (3): quarkus-datasource-deployment-1.12.0.Final.jar (3.1 kB) | quarkus-credentials-deployment-1.12.0.Final.jar (3.6 kB) | quarkus-agroal-deployment-1.12.0.Final.jar (4.1/13 kB)Progress (3): quarkus-datasource-deployment-1.12.0.Final.jar (3.1 kB) | quarkus-credentials-deployment-1.12.0.Final.jar (3.6 kB) | quarkus-agroal-deployment-1.12.0.Final.jar (8.2/13 kB)Progress (4): quarkus-datasource-deployment-1.12.0.Final.jar (3.1 kB) | quarkus-credentials-deployment-1.12.0.Final.jar (3.6 kB) | quarkus-agroal-deployment-1.12.0.Final.jar (8.2/13 kB) | quarkus-caffeine-deployment-1.12.0.Final.jar (4.1/4.5 kB)Progress (4): quarkus-datasource-deployment-1.12.0.Final.jar (3.1 kB) | quarkus-credentials-deployment-1.12.0.Final.jar (3.6 kB) | quarkus-agroal-deployment-1.12.0.Final.jar (8.2/13 kB) | quarkus-caffeine-deployment-1.12.0.Final.jar (4.5 kB)    Progress (4): quarkus-datasource-deployment-1.12.0.Final.jar (3.1 kB) | quarkus-credentials-deployment-1.12.0.Final.jar (3.6 kB) | quarkus-agroal-deployment-1.12.0.Final.jar (12/13 kB) | quarkus-caffeine-deployment-1.12.0.Final.jar (4.5 kB) Progress (4): quarkus-datasource-deployment-1.12.0.Final.jar (3.1 kB) | quarkus-credentials-deployment-1.12.0.Final.jar (3.6 kB) | quarkus-agroal-deployment-1.12.0.Final.jar (13 kB) | quarkus-caffeine-deployment-1.12.0.Final.jar (4.5 kB)   Progress (5): quarkus-datasource-deployment-1.12.0.Final.jar (3.1 kB) | quarkus-credentials-deployment-1.12.0.Final.jar (3.6 kB) | quarkus-agroal-deployment-1.12.0.Final.jar (13 kB) | quarkus-caffeine-deployment-1.12.0.Final.jar (4.5 kB) | quarkus-hibernate-orm-deployment-1.12.0.Final.jar (4.1/88 kB)Progress (5): quarkus-datasource-deployment-1.12.0.Final.jar (3.1 kB) | quarkus-credentials-deployment-1.12.0.Final.jar (3.6 kB) | quarkus-agroal-deployment-1.12.0.Final.jar (13 kB) | quarkus-caffeine-deployment-1.12.0.Final.jar (4.5 kB) | quarkus-hibernate-orm-deployment-1.12.0.Final.jar (8.2/88 kB)Progress (5): quarkus-datasource-deployment-1.12.0.Final.jar (3.1 kB) | quarkus-credentials-deployment-1.12.0.Final.jar (3.6 kB) | quarkus-agroal-deployment-1.12.0.Final.jar (13 kB) | quarkus-caffeine-deployment-1.12.0.Final.jar (4.5 kB) | quarkus-hibernate-orm-deployment-1.12.0.Final.jar (12/88 kB) Progress (5): quarkus-datasource-deployment-1.12.0.Final.jar (3.1 kB) | quarkus-credentials-deployment-1.12.0.Final.jar (3.6 kB) | quarkus-agroal-deployment-1.12.0.Final.jar (13 kB) | quarkus-caffeine-deployment-1.12.0.Final.jar (4.5 kB) | quarkus-hibernate-orm-deployment-1.12.0.Final.jar (16/88 kB)                                                                                                                                                                                                                                                                                                            Downloaded from central: https://repo.maven.apache.org/maven2/io/quarkus/quarkus-datasource-deployment/1.12.0.Final/quarkus-datasource-deployment-1.12.0.Final.jar (3.1 kB at 3.3 kB/s)
Downloading from central: https://repo.maven.apache.org/maven2/io/quarkus/quarkus-hibernate-orm-panache-common-deployment/1.12.0.Final/quarkus-hibernate-orm-panache-common-deployment-1.12.0.Final.jar
Progress (4): quarkus-credentials-deployment-1.12.0.Final.jar (3.6 kB) | quarkus-agroal-deployment-1.12.0.Final.jar (13 kB) | quarkus-caffeine-deployment-1.12.0.Final.jar (4.5 kB) | quarkus-hibernate-orm-deployment-1.12.0.Final.jar (20/88 kB)Progress (4): quarkus-credentials-deployment-1.12.0.Final.jar (3.6 kB) | quarkus-agroal-deployment-1.12.0.Final.jar (13 kB) | quarkus-caffeine-deployment-1.12.0.Final.jar (4.5 kB) | quarkus-hibernate-orm-deployment-1.12.0.Final.jar (25/88 kB)                                                                                                                                                                                                                                                  Downloaded from central: https://repo.maven.apache.org/maven2/io/quarkus/quarkus-credentials-deployment/1.12.0.Final/quarkus-credentials-deployment-1.12.0.Final.jar (3.6 kB at 3.8 kB/s)
Downloading from central: https://repo.maven.apache.org/maven2/io/quarkus/quarkus-panache-hibernate-common-deployment/1.12.0.Final/quarkus-panache-hibernate-common-deployment-1.12.0.Final.jar
Progress (3): quarkus-agroal-deployment-1.12.0.Final.jar (13 kB) | quarkus-caffeine-deployment-1.12.0.Final.jar (4.5 kB) | quarkus-hibernate-orm-deployment-1.12.0.Final.jar (29/88 kB)Progress (3): quarkus-agroal-deployment-1.12.0.Final.jar (13 kB) | quarkus-caffeine-deployment-1.12.0.Final.jar (4.5 kB) | quarkus-hibernate-orm-deployment-1.12.0.Final.jar (33/88 kB)Progress (3): quarkus-agroal-deployment-1.12.0.Final.jar (13 kB) | quarkus-caffeine-deployment-1.12.0.Final.jar (4.5 kB) | quarkus-hibernate-orm-deployment-1.12.0.Final.jar (37/88 kB)Progress (3): quarkus-agroal-deployment-1.12.0.Final.jar (13 kB) | quarkus-caffeine-deployment-1.12.0.Final.jar (4.5 kB) | quarkus-hibernate-orm-deployment-1.12.0.Final.jar (41/88 kB)Progress (3): quarkus-agroal-deployment-1.12.0.Final.jar (13 kB) | quarkus-caffeine-deployment-1.12.0.Final.jar (4.5 kB) | quarkus-hibernate-orm-deployment-1.12.0.Final.jar (45/88 kB)Progress (3): quarkus-agroal-deployment-1.12.0.Final.jar (13 kB) | quarkus-caffeine-deployment-1.12.0.Final.jar (4.5 kB) | quarkus-hibernate-orm-deployment-1.12.0.Final.jar (49/88 kB)Progress (3): quarkus-agroal-deployment-1.12.0.Final.jar (13 kB) | quarkus-caffeine-deployment-1.12.0.Final.jar (4.5 kB) | quarkus-hibernate-orm-deployment-1.12.0.Final.jar (53/88 kB)Progress (3): quarkus-agroal-deployment-1.12.0.Final.jar (13 kB) | quarkus-caffeine-deployment-1.12.0.Final.jar (4.5 kB) | quarkus-hibernate-orm-deployment-1.12.0.Final.jar (57/88 kB)Progress (3): quarkus-agroal-deployment-1.12.0.Final.jar (13 kB) | quarkus-caffeine-deployment-1.12.0.Final.jar (4.5 kB) | quarkus-hibernate-orm-deployment-1.12.0.Final.jar (61/88 kB)Progress (3): quarkus-agroal-deployment-1.12.0.Final.jar (13 kB) | quarkus-caffeine-deployment-1.12.0.Final.jar (4.5 kB) | quarkus-hibernate-orm-deployment-1.12.0.Final.jar (66/88 kB)Progress (3): quarkus-agroal-deployment-1.12.0.Final.jar (13 kB) | quarkus-caffeine-deployment-1.12.0.Final.jar (4.5 kB) | quarkus-hibernate-orm-deployment-1.12.0.Final.jar (70/88 kB)Progress (3): quarkus-agroal-deployment-1.12.0.Final.jar (13 kB) | quarkus-caffeine-deployment-1.12.0.Final.jar (4.5 kB) | quarkus-hibernate-orm-deployment-1.12.0.Final.jar (74/88 kB)Progress (3): quarkus-agroal-deployment-1.12.0.Final.jar (13 kB) | quarkus-caffeine-deployment-1.12.0.Final.jar (4.5 kB) | quarkus-hibernate-orm-deployment-1.12.0.Final.jar (78/88 kB)Progress (3): quarkus-agroal-deployment-1.12.0.Final.jar (13 kB) | quarkus-caffeine-deployment-1.12.0.Final.jar (4.5 kB) | quarkus-hibernate-orm-deployment-1.12.0.Final.jar (82/88 kB)Progress (3): quarkus-agroal-deployment-1.12.0.Final.jar (13 kB) | quarkus-caffeine-deployment-1.12.0.Final.jar (4.5 kB) | quarkus-hibernate-orm-deployment-1.12.0.Final.jar (86/88 kB)Progress (3): quarkus-agroal-deployment-1.12.0.Final.jar (13 kB) | quarkus-caffeine-deployment-1.12.0.Final.jar (4.5 kB) | quarkus-hibernate-orm-deployment-1.12.0.Final.jar (88 kB)                                                                                                                                                                                       Downloaded from central: https://repo.maven.apache.org/maven2/io/quarkus/quarkus-caffeine-deployment/1.12.0.Final/quarkus-caffeine-deployment-1.12.0.Final.jar (4.5 kB at 4.4 kB/s)
Downloading from central: https://repo.maven.apache.org/maven2/io/quarkus/quarkus-hibernate-orm-panache-deployment/1.12.0.Final/quarkus-hibernate-orm-panache-deployment-1.12.0.Final.jar
Downloaded from central: https://repo.maven.apache.org/maven2/io/quarkus/quarkus-agroal-deployment/1.12.0.Final/quarkus-agroal-deployment-1.12.0.Final.jar (13 kB at 13 kB/s)
Downloading from central: https://repo.maven.apache.org/maven2/io/quarkus/quarkus-agroal-spi/1.12.0.Final/quarkus-agroal-spi-1.12.0.Final.jar
Progress (2): quarkus-hibernate-orm-deployment-1.12.0.Final.jar (88 kB) | quarkus-panache-hibernate-common-deployment-1.12.0.Final.jar (2.7/6.6 kB)Progress (2): quarkus-hibernate-orm-deployment-1.12.0.Final.jar (88 kB) | quarkus-panache-hibernate-common-deployment-1.12.0.Final.jar (5.5/6.6 kB)Progress (2): quarkus-hibernate-orm-deployment-1.12.0.Final.jar (88 kB) | quarkus-panache-hibernate-common-deployment-1.12.0.Final.jar (6.6 kB)                                                                                                                                                   Downloaded from central: https://repo.maven.apache.org/maven2/io/quarkus/quarkus-hibernate-orm-deployment/1.12.0.Final/quarkus-hibernate-orm-deployment-1.12.0.Final.jar (88 kB at 83 kB/s)
Downloading from central: https://repo.maven.apache.org/maven2/io/quarkus/quarkus-jdbc-postgresql-deployment/1.12.0.Final/quarkus-jdbc-postgresql-deployment-1.12.0.Final.jar
Progress (2): quarkus-panache-hibernate-common-deployment-1.12.0.Final.jar (6.6 kB) | quarkus-hibernate-orm-panache-common-deployment-1.12.0.Final.jar (4.1/7.1 kB)Progress (2): quarkus-panache-hibernate-common-deployment-1.12.0.Final.jar (6.6 kB) | quarkus-hibernate-orm-panache-common-deployment-1.12.0.Final.jar (7.1 kB)    Progress (3): quarkus-panache-hibernate-common-deployment-1.12.0.Final.jar (6.6 kB) | quarkus-hibernate-orm-panache-common-deployment-1.12.0.Final.jar (7.1 kB) | quarkus-hibernate-orm-panache-deployment-1.12.0.Final.jar (4.1/12 kB)Progress (3): quarkus-panache-hibernate-common-deployment-1.12.0.Final.jar (6.6 kB) | quarkus-hibernate-orm-panache-common-deployment-1.12.0.Final.jar (7.1 kB) | quarkus-hibernate-orm-panache-deployment-1.12.0.Final.jar (8.2/12 kB)Progress (3): quarkus-panache-hibernate-common-deployment-1.12.0.Final.jar (6.6 kB) | quarkus-hibernate-orm-panache-common-deployment-1.12.0.Final.jar (7.1 kB) | quarkus-hibernate-orm-panache-deployment-1.12.0.Final.jar (12 kB)    Progress (4): quarkus-panache-hibernate-common-deployment-1.12.0.Final.jar (6.6 kB) | quarkus-hibernate-orm-panache-common-deployment-1.12.0.Final.jar (7.1 kB) | quarkus-hibernate-orm-panache-deployment-1.12.0.Final.jar (12 kB) | quarkus-agroal-spi-1.12.0.Final.jar (4.1/5.1 kB)Progress (4): quarkus-panache-hibernate-common-deployment-1.12.0.Final.jar (6.6 kB) | quarkus-hibernate-orm-panache-common-deployment-1.12.0.Final.jar (7.1 kB) | quarkus-hibernate-orm-panache-deployment-1.12.0.Final.jar (12 kB) | quarkus-agroal-spi-1.12.0.Final.jar (5.1 kB)                                                                                                                                                                                                                                                                                      Downloaded from central: https://repo.maven.apache.org/maven2/io/quarkus/quarkus-panache-hibernate-common-deployment/1.12.0.Final/quarkus-panache-hibernate-common-deployment-1.12.0.Final.jar (6.6 kB at 5.7 kB/s)
Downloading from central: https://repo.maven.apache.org/maven2/io/quarkus/quarkus-resteasy-common-spi/1.12.0.Final/quarkus-resteasy-common-spi-1.12.0.Final.jar
Progress (4): quarkus-hibernate-orm-panache-common-deployment-1.12.0.Final.jar (7.1 kB) | quarkus-hibernate-orm-panache-deployment-1.12.0.Final.jar (12 kB) | quarkus-agroal-spi-1.12.0.Final.jar (5.1 kB) | quarkus-jdbc-postgresql-deployment-1.12.0.Final.jar (4.1/6.0 kB)Progress (4): quarkus-hibernate-orm-panache-common-deployment-1.12.0.Final.jar (7.1 kB) | quarkus-hibernate-orm-panache-deployment-1.12.0.Final.jar (12 kB) | quarkus-agroal-spi-1.12.0.Final.jar (5.1 kB) | quarkus-jdbc-postgresql-deployment-1.12.0.Final.jar (6.0 kB)                                                                                                                                                                                                                                                                             Downloaded from central: https://repo.maven.apache.org/maven2/io/quarkus/quarkus-hibernate-orm-panache-common-deployment/1.12.0.Final/quarkus-hibernate-orm-panache-common-deployment-1.12.0.Final.jar (7.1 kB at 5.9 kB/s)
Downloading from central: https://repo.maven.apache.org/maven2/io/quarkus/quarkus-resteasy-server-common-spi/1.12.0.Final/quarkus-resteasy-server-common-spi-1.12.0.Final.jar
Downloaded from central: https://repo.maven.apache.org/maven2/io/quarkus/quarkus-agroal-spi/1.12.0.Final/quarkus-agroal-spi-1.12.0.Final.jar (5.1 kB at 4.1 kB/s)
Downloading from central: https://repo.maven.apache.org/maven2/io/quarkus/quarkus-hibernate-validator-spi/1.12.0.Final/quarkus-hibernate-validator-spi-1.12.0.Final.jar
Progress (3): quarkus-hibernate-orm-panache-deployment-1.12.0.Final.jar (12 kB) | quarkus-jdbc-postgresql-deployment-1.12.0.Final.jar (6.0 kB) | quarkus-resteasy-common-spi-1.12.0.Final.jar (2.7/9.6 kB)Progress (3): quarkus-hibernate-orm-panache-deployment-1.12.0.Final.jar (12 kB) | quarkus-jdbc-postgresql-deployment-1.12.0.Final.jar (6.0 kB) | quarkus-resteasy-common-spi-1.12.0.Final.jar (5.5/9.6 kB)Progress (3): quarkus-hibernate-orm-panache-deployment-1.12.0.Final.jar (12 kB) | quarkus-jdbc-postgresql-deployment-1.12.0.Final.jar (6.0 kB) | quarkus-resteasy-common-spi-1.12.0.Final.jar (8.2/9.6 kB)Progress (3): quarkus-hibernate-orm-panache-deployment-1.12.0.Final.jar (12 kB) | quarkus-jdbc-postgresql-deployment-1.12.0.Final.jar (6.0 kB) | quarkus-resteasy-common-spi-1.12.0.Final.jar (9.6 kB)                                                                                                                                                                                                          Downloaded from central: https://repo.maven.apache.org/maven2/io/quarkus/quarkus-jdbc-postgresql-deployment/1.12.0.Final/quarkus-jdbc-postgresql-deployment-1.12.0.Final.jar (6.0 kB at 4.6 kB/s)
Downloading from central: https://repo.maven.apache.org/maven2/io/quarkus/quarkus-resteasy-reactive-spi-deployment/1.12.0.Final/quarkus-resteasy-reactive-spi-deployment-1.12.0.Final.jar
Downloaded from central: https://repo.maven.apache.org/maven2/io/quarkus/quarkus-hibernate-orm-panache-deployment/1.12.0.Final/quarkus-hibernate-orm-panache-deployment-1.12.0.Final.jar (12 kB at 9.2 kB/s)
Downloading from central: https://repo.maven.apache.org/maven2/io/quarkus/quarkus-hibernate-validator-deployment/1.12.0.Final/quarkus-hibernate-validator-deployment-1.12.0.Final.jar
Progress (2): quarkus-resteasy-common-spi-1.12.0.Final.jar (9.6 kB) | quarkus-resteasy-server-common-spi-1.12.0.Final.jar (4.1/6.3 kB)Progress (2): quarkus-resteasy-common-spi-1.12.0.Final.jar (9.6 kB) | quarkus-resteasy-server-common-spi-1.12.0.Final.jar (6.3 kB)    Progress (3): quarkus-resteasy-common-spi-1.12.0.Final.jar (9.6 kB) | quarkus-resteasy-server-common-spi-1.12.0.Final.jar (6.3 kB) | quarkus-hibernate-validator-spi-1.12.0.Final.jar (3.6 kB)                                                                                                                                                                                              Downloaded from central: https://repo.maven.apache.org/maven2/io/quarkus/quarkus-resteasy-common-spi/1.12.0.Final/quarkus-resteasy-common-spi-1.12.0.Final.jar (9.6 kB at 7.0 kB/s)
Downloading from central: https://repo.maven.apache.org/maven2/io/quarkus/quarkus-smallrye-openapi-spi/1.12.0.Final/quarkus-smallrye-openapi-spi-1.12.0.Final.jar
Progress (3): quarkus-resteasy-server-common-spi-1.12.0.Final.jar (6.3 kB) | quarkus-hibernate-validator-spi-1.12.0.Final.jar (3.6 kB) | quarkus-resteasy-reactive-spi-deployment-1.12.0.Final.jar (4.1/21 kB)Progress (3): quarkus-resteasy-server-common-spi-1.12.0.Final.jar (6.3 kB) | quarkus-hibernate-validator-spi-1.12.0.Final.jar (3.6 kB) | quarkus-resteasy-reactive-spi-deployment-1.12.0.Final.jar (8.2/21 kB)Progress (3): quarkus-resteasy-server-common-spi-1.12.0.Final.jar (6.3 kB) | quarkus-hibernate-validator-spi-1.12.0.Final.jar (3.6 kB) | quarkus-resteasy-reactive-spi-deployment-1.12.0.Final.jar (12/21 kB) Progress (3): quarkus-resteasy-server-common-spi-1.12.0.Final.jar (6.3 kB) | quarkus-hibernate-validator-spi-1.12.0.Final.jar (3.6 kB) | quarkus-resteasy-reactive-spi-deployment-1.12.0.Final.jar (16/21 kB)Progress (3): quarkus-resteasy-server-common-spi-1.12.0.Final.jar (6.3 kB) | quarkus-hibernate-validator-spi-1.12.0.Final.jar (3.6 kB) | quarkus-resteasy-reactive-spi-deployment-1.12.0.Final.jar (20/21 kB)Progress (3): quarkus-resteasy-server-common-spi-1.12.0.Final.jar (6.3 kB) | quarkus-hibernate-validator-spi-1.12.0.Final.jar (3.6 kB) | quarkus-resteasy-reactive-spi-deployment-1.12.0.Final.jar (21 kB)   Progress (4): quarkus-resteasy-server-common-spi-1.12.0.Final.jar (6.3 kB) | quarkus-hibernate-validator-spi-1.12.0.Final.jar (3.6 kB) | quarkus-resteasy-reactive-spi-deployment-1.12.0.Final.jar (21 kB) | quarkus-hibernate-validator-deployment-1.12.0.Final.jar (4.1/19 kB)Progress (4): quarkus-resteasy-server-common-spi-1.12.0.Final.jar (6.3 kB) | quarkus-hibernate-validator-spi-1.12.0.Final.jar (3.6 kB) | quarkus-resteasy-reactive-spi-deployment-1.12.0.Final.jar (21 kB) | quarkus-hibernate-validator-deployment-1.12.0.Final.jar (8.2/19 kB)Progress (4): quarkus-resteasy-server-common-spi-1.12.0.Final.jar (6.3 kB) | quarkus-hibernate-validator-spi-1.12.0.Final.jar (3.6 kB) | quarkus-resteasy-reactive-spi-deployment-1.12.0.Final.jar (21 kB) | quarkus-hibernate-validator-deployment-1.12.0.Final.jar (12/19 kB) Progress (4): quarkus-resteasy-server-common-spi-1.12.0.Final.jar (6.3 kB) | quarkus-hibernate-validator-spi-1.12.0.Final.jar (3.6 kB) | quarkus-resteasy-reactive-spi-deployment-1.12.0.Final.jar (21 kB) | quarkus-hibernate-validator-deployment-1.12.0.Final.jar (16/19 kB)Progress (4): quarkus-resteasy-server-common-spi-1.12.0.Final.jar (6.3 kB) | quarkus-hibernate-validator-spi-1.12.0.Final.jar (3.6 kB) | quarkus-resteasy-reactive-spi-deployment-1.12.0.Final.jar (21 kB) | quarkus-hibernate-validator-deployment-1.12.0.Final.jar (19 kB)                                                                                                                                                                                                                                                                               Downloaded from central: https://repo.maven.apache.org/maven2/io/quarkus/quarkus-resteasy-server-common-spi/1.12.0.Final/quarkus-resteasy-server-common-spi-1.12.0.Final.jar (6.3 kB at 4.5 kB/s)
Downloading from central: https://repo.maven.apache.org/maven2/io/quarkus/quarkus-smallrye-openapi-common-deployment/1.12.0.Final/quarkus-smallrye-openapi-common-deployment-1.12.0.Final.jar
Downloaded from central: https://repo.maven.apache.org/maven2/io/quarkus/quarkus-hibernate-validator-spi/1.12.0.Final/quarkus-hibernate-validator-spi-1.12.0.Final.jar (3.6 kB at 2.5 kB/s)
Downloading from central: https://repo.maven.apache.org/maven2/io/smallrye/smallrye-open-api-ui/2.0.22/smallrye-open-api-ui-2.0.22.jar
Progress (3): quarkus-resteasy-reactive-spi-deployment-1.12.0.Final.jar (21 kB) | quarkus-hibernate-validator-deployment-1.12.0.Final.jar (19 kB) | smallrye-open-api-ui-2.0.22.jar (0/2.3 MB)Progress (3): quarkus-resteasy-reactive-spi-deployment-1.12.0.Final.jar (21 kB) | quarkus-hibernate-validator-deployment-1.12.0.Final.jar (19 kB) | smallrye-open-api-ui-2.0.22.jar (0/2.3 MB)Progress (3): quarkus-resteasy-reactive-spi-deployment-1.12.0.Final.jar (21 kB) | quarkus-hibernate-validator-deployment-1.12.0.Final.jar (19 kB) | smallrye-open-api-ui-2.0.22.jar (0/2.3 MB)Progress (3): quarkus-resteasy-reactive-spi-deployment-1.12.0.Final.jar (21 kB) | quarkus-hibernate-validator-deployment-1.12.0.Final.jar (19 kB) | smallrye-open-api-ui-2.0.22.jar (0.1/2.3 MB)Progress (3): quarkus-resteasy-reactive-spi-deployment-1.12.0.Final.jar (21 kB) | quarkus-hibernate-validator-deployment-1.12.0.Final.jar (19 kB) | smallrye-open-api-ui-2.0.22.jar (0.1/2.3 MB)Progress (3): quarkus-resteasy-reactive-spi-deployment-1.12.0.Final.jar (21 kB) | quarkus-hibernate-validator-deployment-1.12.0.Final.jar (19 kB) | smallrye-open-api-ui-2.0.22.jar (0.1/2.3 MB)Progress (3): quarkus-resteasy-reactive-spi-deployment-1.12.0.Final.jar (21 kB) | quarkus-hibernate-validator-deployment-1.12.0.Final.jar (19 kB) | smallrye-open-api-ui-2.0.22.jar (0.1/2.3 MB)Progress (3): quarkus-resteasy-reactive-spi-deployment-1.12.0.Final.jar (21 kB) | quarkus-hibernate-validator-deployment-1.12.0.Final.jar (19 kB) | smallrye-open-api-ui-2.0.22.jar (0.1/2.3 MB)Progress (3): quarkus-resteasy-reactive-spi-deployment-1.12.0.Final.jar (21 kB) | quarkus-hibernate-validator-deployment-1.12.0.Final.jar (19 kB) | smallrye-open-api-ui-2.0.22.jar (0.1/2.3 MB)Progress (3): quarkus-resteasy-reactive-spi-deployment-1.12.0.Final.jar (21 kB) | quarkus-hibernate-validator-deployment-1.12.0.Final.jar (19 kB) | smallrye-open-api-ui-2.0.22.jar (0.2/2.3 MB)Progress (3): quarkus-resteasy-reactive-spi-deployment-1.12.0.Final.jar (21 kB) | quarkus-hibernate-validator-deployment-1.12.0.Final.jar (19 kB) | smallrye-open-api-ui-2.0.22.jar (0.2/2.3 MB)Progress (3): quarkus-resteasy-reactive-spi-deployment-1.12.0.Final.jar (21 kB) | quarkus-hibernate-validator-deployment-1.12.0.Final.jar (19 kB) | smallrye-open-api-ui-2.0.22.jar (0.2/2.3 MB)Progress (3): quarkus-resteasy-reactive-spi-deployment-1.12.0.Final.jar (21 kB) | quarkus-hibernate-validator-deployment-1.12.0.Final.jar (19 kB) | smallrye-open-api-ui-2.0.22.jar (0.2/2.3 MB)Progress (3): quarkus-resteasy-reactive-spi-deployment-1.12.0.Final.jar (21 kB) | quarkus-hibernate-validator-deployment-1.12.0.Final.jar (19 kB) | smallrye-open-api-ui-2.0.22.jar (0.2/2.3 MB)Progress (3): quarkus-resteasy-reactive-spi-deployment-1.12.0.Final.jar (21 kB) | quarkus-hibernate-validator-deployment-1.12.0.Final.jar (19 kB) | smallrye-open-api-ui-2.0.22.jar (0.2/2.3 MB)Progress (3): quarkus-resteasy-reactive-spi-deployment-1.12.0.Final.jar (21 kB) | quarkus-hibernate-validator-deployment-1.12.0.Final.jar (19 kB) | smallrye-open-api-ui-2.0.22.jar (0.3/2.3 MB)Progress (3): quarkus-resteasy-reactive-spi-deployment-1.12.0.Final.jar (21 kB) | quarkus-hibernate-validator-deployment-1.12.0.Final.jar (19 kB) | smallrye-open-api-ui-2.0.22.jar (0.3/2.3 MB)Progress (4): quarkus-resteasy-reactive-spi-deployment-1.12.0.Final.jar (21 kB) | quarkus-hibernate-validator-deployment-1.12.0.Final.jar (19 kB) | smallrye-open-api-ui-2.0.22.jar (0.3/2.3 MB) | quarkus-smallrye-openapi-spi-1.12.0.Final.jar (2.7/3.5 kB)Progress (4): quarkus-resteasy-reactive-spi-deployment-1.12.0.Final.jar (21 kB) | quarkus-hibernate-validator-deployment-1.12.0.Final.jar (19 kB) | smallrye-open-api-ui-2.0.22.jar (0.3/2.3 MB) | quarkus-smallrye-openapi-spi-1.12.0.Final.jar (3.5 kB)    Progress (4): quarkus-resteasy-reactive-spi-deployment-1.12.0.Final.jar (21 kB) | quarkus-hibernate-validator-deployment-1.12.0.Final.jar (19 kB) | smallrye-open-api-ui-2.0.22.jar (0.3/2.3 MB) | quarkus-smallrye-openapi-spi-1.12.0.Final.jar (3.5 kB)Progress (4): quarkus-resteasy-reactive-spi-deployment-1.12.0.Final.jar (21 kB) | quarkus-hibernate-validator-deployment-1.12.0.Final.jar (19 kB) | smallrye-open-api-ui-2.0.22.jar (0.3/2.3 MB) | quarkus-smallrye-openapi-spi-1.12.0.Final.jar (3.5 kB)Progress (4): quarkus-resteasy-reactive-spi-deployment-1.12.0.Final.jar (21 kB) | quarkus-hibernate-validator-deployment-1.12.0.Final.jar (19 kB) | smallrye-open-api-ui-2.0.22.jar (0.3/2.3 MB) | quarkus-smallrye-openapi-spi-1.12.0.Final.jar (3.5 kB)Progress (4): quarkus-resteasy-reactive-spi-deployment-1.12.0.Final.jar (21 kB) | quarkus-hibernate-validator-deployment-1.12.0.Final.jar (19 kB) | smallrye-open-api-ui-2.0.22.jar (0.3/2.3 MB) | quarkus-smallrye-openapi-spi-1.12.0.Final.jar (3.5 kB)Progress (4): quarkus-resteasy-reactive-spi-deployment-1.12.0.Final.jar (21 kB) | quarkus-hibernate-validator-deployment-1.12.0.Final.jar (19 kB) | smallrye-open-api-ui-2.0.22.jar (0.4/2.3 MB) | quarkus-smallrye-openapi-spi-1.12.0.Final.jar (3.5 kB)Progress (4): quarkus-resteasy-reactive-spi-deployment-1.12.0.Final.jar (21 kB) | quarkus-hibernate-validator-deployment-1.12.0.Final.jar (19 kB) | smallrye-open-api-ui-2.0.22.jar (0.4/2.3 MB) | quarkus-smallrye-openapi-spi-1.12.0.Final.jar (3.5 kB)Progress (4): quarkus-resteasy-reactive-spi-deployment-1.12.0.Final.jar (21 kB) | quarkus-hibernate-validator-deployment-1.12.0.Final.jar (19 kB) | smallrye-open-api-ui-2.0.22.jar (0.4/2.3 MB) | quarkus-smallrye-openapi-spi-1.12.0.Final.jar (3.5 kB)Progress (4): quarkus-resteasy-reactive-spi-deployment-1.12.0.Final.jar (21 kB) | quarkus-hibernate-validator-deployment-1.12.0.Final.jar (19 kB) | smallrye-open-api-ui-2.0.22.jar (0.4/2.3 MB) | quarkus-smallrye-openapi-spi-1.12.0.Final.jar (3.5 kB)Progress (4): quarkus-resteasy-reactive-spi-deployment-1.12.0.Final.jar (21 kB) | quarkus-hibernate-validator-deployment-1.12.0.Final.jar (19 kB) | smallrye-open-api-ui-2.0.22.jar (0.4/2.3 MB) | quarkus-smallrye-openapi-spi-1.12.0.Final.jar (3.5 kB)Progress (4): quarkus-resteasy-reactive-spi-deployment-1.12.0.Final.jar (21 kB) | quarkus-hibernate-validator-deployment-1.12.0.Final.jar (19 kB) | smallrye-open-api-ui-2.0.22.jar (0.4/2.3 MB) | quarkus-smallrye-openapi-spi-1.12.0.Final.jar (3.5 kB)Progress (4): quarkus-resteasy-reactive-spi-deployment-1.12.0.Final.jar (21 kB) | quarkus-hibernate-validator-deployment-1.12.0.Final.jar (19 kB) | smallrye-open-api-ui-2.0.22.jar (0.5/2.3 MB) | quarkus-smallrye-openapi-spi-1.12.0.Final.jar (3.5 kB)                                                                                                                                                                                                                                                         Downloaded from central: https://repo.maven.apache.org/maven2/io/quarkus/quarkus-resteasy-reactive-spi-deployment/1.12.0.Final/quarkus-resteasy-reactive-spi-deployment-1.12.0.Final.jar (21 kB at 14 kB/s)
Downloading from central: https://repo.maven.apache.org/maven2/io/quarkus/quarkus-swagger-ui-deployment/1.12.0.Final/quarkus-swagger-ui-deployment-1.12.0.Final.jar
Progress (3): quarkus-hibernate-validator-deployment-1.12.0.Final.jar (19 kB) | smallrye-open-api-ui-2.0.22.jar (0.5/2.3 MB) | quarkus-smallrye-openapi-spi-1.12.0.Final.jar (3.5 kB)Progress (3): quarkus-hibernate-validator-deployment-1.12.0.Final.jar (19 kB) | smallrye-open-api-ui-2.0.22.jar (0.5/2.3 MB) | quarkus-smallrye-openapi-spi-1.12.0.Final.jar (3.5 kB)Progress (3): quarkus-hibernate-validator-deployment-1.12.0.Final.jar (19 kB) | smallrye-open-api-ui-2.0.22.jar (0.5/2.3 MB) | quarkus-smallrye-openapi-spi-1.12.0.Final.jar (3.5 kB)Progress (3): quarkus-hibernate-validator-deployment-1.12.0.Final.jar (19 kB) | smallrye-open-api-ui-2.0.22.jar (0.5/2.3 MB) | quarkus-smallrye-openapi-spi-1.12.0.Final.jar (3.5 kB)Progress (3): quarkus-hibernate-validator-deployment-1.12.0.Final.jar (19 kB) | smallrye-open-api-ui-2.0.22.jar (0.5/2.3 MB) | quarkus-smallrye-openapi-spi-1.12.0.Final.jar (3.5 kB)Progress (3): quarkus-hibernate-validator-deployment-1.12.0.Final.jar (19 kB) | smallrye-open-api-ui-2.0.22.jar (0.6/2.3 MB) | quarkus-smallrye-openapi-spi-1.12.0.Final.jar (3.5 kB)Progress (3): quarkus-hibernate-validator-deployment-1.12.0.Final.jar (19 kB) | smallrye-open-api-ui-2.0.22.jar (0.6/2.3 MB) | quarkus-smallrye-openapi-spi-1.12.0.Final.jar (3.5 kB)Progress (3): quarkus-hibernate-validator-deployment-1.12.0.Final.jar (19 kB) | smallrye-open-api-ui-2.0.22.jar (0.6/2.3 MB) | quarkus-smallrye-openapi-spi-1.12.0.Final.jar (3.5 kB)Progress (3): quarkus-hibernate-validator-deployment-1.12.0.Final.jar (19 kB) | smallrye-open-api-ui-2.0.22.jar (0.6/2.3 MB) | quarkus-smallrye-openapi-spi-1.12.0.Final.jar (3.5 kB)Progress (3): quarkus-hibernate-validator-deployment-1.12.0.Final.jar (19 kB) | smallrye-open-api-ui-2.0.22.jar (0.6/2.3 MB) | quarkus-smallrye-openapi-spi-1.12.0.Final.jar (3.5 kB)Progress (3): quarkus-hibernate-validator-deployment-1.12.0.Final.jar (19 kB) | smallrye-open-api-ui-2.0.22.jar (0.6/2.3 MB) | quarkus-smallrye-openapi-spi-1.12.0.Final.jar (3.5 kB)Progress (3): quarkus-hibernate-validator-deployment-1.12.0.Final.jar (19 kB) | smallrye-open-api-ui-2.0.22.jar (0.7/2.3 MB) | quarkus-smallrye-openapi-spi-1.12.0.Final.jar (3.5 kB)Progress (3): quarkus-hibernate-validator-deployment-1.12.0.Final.jar (19 kB) | smallrye-open-api-ui-2.0.22.jar (0.7/2.3 MB) | quarkus-smallrye-openapi-spi-1.12.0.Final.jar (3.5 kB)Progress (3): quarkus-hibernate-validator-deployment-1.12.0.Final.jar (19 kB) | smallrye-open-api-ui-2.0.22.jar (0.7/2.3 MB) | quarkus-smallrye-openapi-spi-1.12.0.Final.jar (3.5 kB)Progress (3): quarkus-hibernate-validator-deployment-1.12.0.Final.jar (19 kB) | smallrye-open-api-ui-2.0.22.jar (0.7/2.3 MB) | quarkus-smallrye-openapi-spi-1.12.0.Final.jar (3.5 kB)Progress (3): quarkus-hibernate-validator-deployment-1.12.0.Final.jar (19 kB) | smallrye-open-api-ui-2.0.22.jar (0.7/2.3 MB) | quarkus-smallrye-openapi-spi-1.12.0.Final.jar (3.5 kB)Progress (3): quarkus-hibernate-validator-deployment-1.12.0.Final.jar (19 kB) | smallrye-open-api-ui-2.0.22.jar (0.7/2.3 MB) | quarkus-smallrye-openapi-spi-1.12.0.Final.jar (3.5 kB)Progress (3): quarkus-hibernate-validator-deployment-1.12.0.Final.jar (19 kB) | smallrye-open-api-ui-2.0.22.jar (0.8/2.3 MB) | quarkus-smallrye-openapi-spi-1.12.0.Final.jar (3.5 kB)Progress (3): quarkus-hibernate-validator-deployment-1.12.0.Final.jar (19 kB) | smallrye-open-api-ui-2.0.22.jar (0.8/2.3 MB) | quarkus-smallrye-openapi-spi-1.12.0.Final.jar (3.5 kB)Progress (3): quarkus-hibernate-validator-deployment-1.12.0.Final.jar (19 kB) | smallrye-open-api-ui-2.0.22.jar (0.8/2.3 MB) | quarkus-smallrye-openapi-spi-1.12.0.Final.jar (3.5 kB)Progress (3): quarkus-hibernate-validator-deployment-1.12.0.Final.jar (19 kB) | smallrye-open-api-ui-2.0.22.jar (0.8/2.3 MB) | quarkus-smallrye-openapi-spi-1.12.0.Final.jar (3.5 kB)Progress (3): quarkus-hibernate-validator-deployment-1.12.0.Final.jar (19 kB) | smallrye-open-api-ui-2.0.22.jar (0.8/2.3 MB) | quarkus-smallrye-openapi-spi-1.12.0.Final.jar (3.5 kB)Progress (3): quarkus-hibernate-validator-deployment-1.12.0.Final.jar (19 kB) | smallrye-open-api-ui-2.0.22.jar (0.8/2.3 MB) | quarkus-smallrye-openapi-spi-1.12.0.Final.jar (3.5 kB)Progress (4): quarkus-hibernate-validator-deployment-1.12.0.Final.jar (19 kB) | smallrye-open-api-ui-2.0.22.jar (0.8/2.3 MB) | quarkus-smallrye-openapi-spi-1.12.0.Final.jar (3.5 kB) | quarkus-smallrye-openapi-common-deployment-1.12.0.Final.jar (4.1/4.4 kB)Progress (4): quarkus-hibernate-validator-deployment-1.12.0.Final.jar (19 kB) | smallrye-open-api-ui-2.0.22.jar (0.8/2.3 MB) | quarkus-smallrye-openapi-spi-1.12.0.Final.jar (3.5 kB) | quarkus-smallrye-openapi-common-deployment-1.12.0.Final.jar (4.4 kB)    Progress (4): quarkus-hibernate-validator-deployment-1.12.0.Final.jar (19 kB) | smallrye-open-api-ui-2.0.22.jar (0.9/2.3 MB) | quarkus-smallrye-openapi-spi-1.12.0.Final.jar (3.5 kB) | quarkus-smallrye-openapi-common-deployment-1.12.0.Final.jar (4.4 kB)Progress (4): quarkus-hibernate-validator-deployment-1.12.0.Final.jar (19 kB) | smallrye-open-api-ui-2.0.22.jar (0.9/2.3 MB) | quarkus-smallrye-openapi-spi-1.12.0.Final.jar (3.5 kB) | quarkus-smallrye-openapi-common-deployment-1.12.0.Final.jar (4.4 kB)Progress (4): quarkus-hibernate-validator-deployment-1.12.0.Final.jar (19 kB) | smallrye-open-api-ui-2.0.22.jar (0.9/2.3 MB) | quarkus-smallrye-openapi-spi-1.12.0.Final.jar (3.5 kB) | quarkus-smallrye-openapi-common-deployment-1.12.0.Final.jar (4.4 kB)Progress (4): quarkus-hibernate-validator-deployment-1.12.0.Final.jar (19 kB) | smallrye-open-api-ui-2.0.22.jar (0.9/2.3 MB) | quarkus-smallrye-openapi-spi-1.12.0.Final.jar (3.5 kB) | quarkus-smallrye-openapi-common-deployment-1.12.0.Final.jar (4.4 kB)Progress (4): quarkus-hibernate-validator-deployment-1.12.0.Final.jar (19 kB) | smallrye-open-api-ui-2.0.22.jar (0.9/2.3 MB) | quarkus-smallrye-openapi-spi-1.12.0.Final.jar (3.5 kB) | quarkus-smallrye-openapi-common-deployment-1.12.0.Final.jar (4.4 kB)Progress (4): quarkus-hibernate-validator-deployment-1.12.0.Final.jar (19 kB) | smallrye-open-api-ui-2.0.22.jar (0.9/2.3 MB) | quarkus-smallrye-openapi-spi-1.12.0.Final.jar (3.5 kB) | quarkus-smallrye-openapi-common-deployment-1.12.0.Final.jar (4.4 kB)Progress (4): quarkus-hibernate-validator-deployment-1.12.0.Final.jar (19 kB) | smallrye-open-api-ui-2.0.22.jar (0.9/2.3 MB) | quarkus-smallrye-openapi-spi-1.12.0.Final.jar (3.5 kB) | quarkus-smallrye-openapi-common-deployment-1.12.0.Final.jar (4.4 kB)Progress (4): quarkus-hibernate-validator-deployment-1.12.0.Final.jar (19 kB) | smallrye-open-api-ui-2.0.22.jar (1.0/2.3 MB) | quarkus-smallrye-openapi-spi-1.12.0.Final.jar (3.5 kB) | quarkus-smallrye-openapi-common-deployment-1.12.0.Final.jar (4.4 kB)Progress (4): quarkus-hibernate-validator-deployment-1.12.0.Final.jar (19 kB) | smallrye-open-api-ui-2.0.22.jar (1.0/2.3 MB) | quarkus-smallrye-openapi-spi-1.12.0.Final.jar (3.5 kB) | quarkus-smallrye-openapi-common-deployment-1.12.0.Final.jar (4.4 kB)Progress (4): quarkus-hibernate-validator-deployment-1.12.0.Final.jar (19 kB) | smallrye-open-api-ui-2.0.22.jar (1.0/2.3 MB) | quarkus-smallrye-openapi-spi-1.12.0.Final.jar (3.5 kB) | quarkus-smallrye-openapi-common-deployment-1.12.0.Final.jar (4.4 kB)Progress (4): quarkus-hibernate-validator-deployment-1.12.0.Final.jar (19 kB) | smallrye-open-api-ui-2.0.22.jar (1.0/2.3 MB) | quarkus-smallrye-openapi-spi-1.12.0.Final.jar (3.5 kB) | quarkus-smallrye-openapi-common-deployment-1.12.0.Final.jar (4.4 kB)Progress (4): quarkus-hibernate-validator-deployment-1.12.0.Final.jar (19 kB) | smallrye-open-api-ui-2.0.22.jar (1.0/2.3 MB) | quarkus-smallrye-openapi-spi-1.12.0.Final.jar (3.5 kB) | quarkus-smallrye-openapi-common-deployment-1.12.0.Final.jar (4.4 kB)Progress (4): quarkus-hibernate-validator-deployment-1.12.0.Final.jar (19 kB) | smallrye-open-api-ui-2.0.22.jar (1.0/2.3 MB) | quarkus-smallrye-openapi-spi-1.12.0.Final.jar (3.5 kB) | quarkus-smallrye-openapi-common-deployment-1.12.0.Final.jar (4.4 kB)Progress (4): quarkus-hibernate-validator-deployment-1.12.0.Final.jar (19 kB) | smallrye-open-api-ui-2.0.22.jar (1.1/2.3 MB) | quarkus-smallrye-openapi-spi-1.12.0.Final.jar (3.5 kB) | quarkus-smallrye-openapi-common-deployment-1.12.0.Final.jar (4.4 kB)Progress (4): quarkus-hibernate-validator-deployment-1.12.0.Final.jar (19 kB) | smallrye-open-api-ui-2.0.22.jar (1.1/2.3 MB) | quarkus-smallrye-openapi-spi-1.12.0.Final.jar (3.5 kB) | quarkus-smallrye-openapi-common-deployment-1.12.0.Final.jar (4.4 kB)Progress (4): quarkus-hibernate-validator-deployment-1.12.0.Final.jar (19 kB) | smallrye-open-api-ui-2.0.22.jar (1.1/2.3 MB) | quarkus-smallrye-openapi-spi-1.12.0.Final.jar (3.5 kB) | quarkus-smallrye-openapi-common-deployment-1.12.0.Final.jar (4.4 kB)Progress (4): quarkus-hibernate-validator-deployment-1.12.0.Final.jar (19 kB) | smallrye-open-api-ui-2.0.22.jar (1.1/2.3 MB) | quarkus-smallrye-openapi-spi-1.12.0.Final.jar (3.5 kB) | quarkus-smallrye-openapi-common-deployment-1.12.0.Final.jar (4.4 kB)Progress (4): quarkus-hibernate-validator-deployment-1.12.0.Final.jar (19 kB) | smallrye-open-api-ui-2.0.22.jar (1.1/2.3 MB) | quarkus-smallrye-openapi-spi-1.12.0.Final.jar (3.5 kB) | quarkus-smallrye-openapi-common-deployment-1.12.0.Final.jar (4.4 kB)Progress (4): quarkus-hibernate-validator-deployment-1.12.0.Final.jar (19 kB) | smallrye-open-api-ui-2.0.22.jar (1.1/2.3 MB) | quarkus-smallrye-openapi-spi-1.12.0.Final.jar (3.5 kB) | quarkus-smallrye-openapi-common-deployment-1.12.0.Final.jar (4.4 kB)Progress (4): quarkus-hibernate-validator-deployment-1.12.0.Final.jar (19 kB) | smallrye-open-api-ui-2.0.22.jar (1.2/2.3 MB) | quarkus-smallrye-openapi-spi-1.12.0.Final.jar (3.5 kB) | quarkus-smallrye-openapi-common-deployment-1.12.0.Final.jar (4.4 kB)Progress (4): quarkus-hibernate-validator-deployment-1.12.0.Final.jar (19 kB) | smallrye-open-api-ui-2.0.22.jar (1.2/2.3 MB) | quarkus-smallrye-openapi-spi-1.12.0.Final.jar (3.5 kB) | quarkus-smallrye-openapi-common-deployment-1.12.0.Final.jar (4.4 kB)Progress (4): quarkus-hibernate-validator-deployment-1.12.0.Final.jar (19 kB) | smallrye-open-api-ui-2.0.22.jar (1.2/2.3 MB) | quarkus-smallrye-openapi-spi-1.12.0.Final.jar (3.5 kB) | quarkus-smallrye-openapi-common-deployment-1.12.0.Final.jar (4.4 kB)Progress (4): quarkus-hibernate-validator-deployment-1.12.0.Final.jar (19 kB) | smallrye-open-api-ui-2.0.22.jar (1.2/2.3 MB) | quarkus-smallrye-openapi-spi-1.12.0.Final.jar (3.5 kB) | quarkus-smallrye-openapi-common-deployment-1.12.0.Final.jar (4.4 kB)Progress (4): quarkus-hibernate-validator-deployment-1.12.0.Final.jar (19 kB) | smallrye-open-api-ui-2.0.22.jar (1.2/2.3 MB) | quarkus-smallrye-openapi-spi-1.12.0.Final.jar (3.5 kB) | quarkus-smallrye-openapi-common-deployment-1.12.0.Final.jar (4.4 kB)Progress (4): quarkus-hibernate-validator-deployment-1.12.0.Final.jar (19 kB) | smallrye-open-api-ui-2.0.22.jar (1.2/2.3 MB) | quarkus-smallrye-openapi-spi-1.12.0.Final.jar (3.5 kB) | quarkus-smallrye-openapi-common-deployment-1.12.0.Final.jar (4.4 kB)Progress (4): quarkus-hibernate-validator-deployment-1.12.0.Final.jar (19 kB) | smallrye-open-api-ui-2.0.22.jar (1.3/2.3 MB) | quarkus-smallrye-openapi-spi-1.12.0.Final.jar (3.5 kB) | quarkus-smallrye-openapi-common-deployment-1.12.0.Final.jar (4.4 kB)Progress (4): quarkus-hibernate-validator-deployment-1.12.0.Final.jar (19 kB) | smallrye-open-api-ui-2.0.22.jar (1.3/2.3 MB) | quarkus-smallrye-openapi-spi-1.12.0.Final.jar (3.5 kB) | quarkus-smallrye-openapi-common-deployment-1.12.0.Final.jar (4.4 kB)                                                                                                                                                                                                                                                            Downloaded from central: https://repo.maven.apache.org/maven2/io/quarkus/quarkus-hibernate-validator-deployment/1.12.0.Final/quarkus-hibernate-validator-deployment-1.12.0.Final.jar (19 kB at 12 kB/s)
Downloading from central: https://repo.maven.apache.org/maven2/io/smallrye/smallrye-open-api-jaxrs/2.0.22/smallrye-open-api-jaxrs-2.0.22.jar
Progress (3): smallrye-open-api-ui-2.0.22.jar (1.3/2.3 MB) | quarkus-smallrye-openapi-spi-1.12.0.Final.jar (3.5 kB) | quarkus-smallrye-openapi-common-deployment-1.12.0.Final.jar (4.4 kB)Progress (3): smallrye-open-api-ui-2.0.22.jar (1.3/2.3 MB) | quarkus-smallrye-openapi-spi-1.12.0.Final.jar (3.5 kB) | quarkus-smallrye-openapi-common-deployment-1.12.0.Final.jar (4.4 kB)Progress (3): smallrye-open-api-ui-2.0.22.jar (1.3/2.3 MB) | quarkus-smallrye-openapi-spi-1.12.0.Final.jar (3.5 kB) | quarkus-smallrye-openapi-common-deployment-1.12.0.Final.jar (4.4 kB)Progress (3): smallrye-open-api-ui-2.0.22.jar (1.3/2.3 MB) | quarkus-smallrye-openapi-spi-1.12.0.Final.jar (3.5 kB) | quarkus-smallrye-openapi-common-deployment-1.12.0.Final.jar (4.4 kB)Progress (3): smallrye-open-api-ui-2.0.22.jar (1.4/2.3 MB) | quarkus-smallrye-openapi-spi-1.12.0.Final.jar (3.5 kB) | quarkus-smallrye-openapi-common-deployment-1.12.0.Final.jar (4.4 kB)Progress (3): smallrye-open-api-ui-2.0.22.jar (1.4/2.3 MB) | quarkus-smallrye-openapi-spi-1.12.0.Final.jar (3.5 kB) | quarkus-smallrye-openapi-common-deployment-1.12.0.Final.jar (4.4 kB)Progress (3): smallrye-open-api-ui-2.0.22.jar (1.4/2.3 MB) | quarkus-smallrye-openapi-spi-1.12.0.Final.jar (3.5 kB) | quarkus-smallrye-openapi-common-deployment-1.12.0.Final.jar (4.4 kB)Progress (3): smallrye-open-api-ui-2.0.22.jar (1.4/2.3 MB) | quarkus-smallrye-openapi-spi-1.12.0.Final.jar (3.5 kB) | quarkus-smallrye-openapi-common-deployment-1.12.0.Final.jar (4.4 kB)Progress (3): smallrye-open-api-ui-2.0.22.jar (1.4/2.3 MB) | quarkus-smallrye-openapi-spi-1.12.0.Final.jar (3.5 kB) | quarkus-smallrye-openapi-common-deployment-1.12.0.Final.jar (4.4 kB)Progress (3): smallrye-open-api-ui-2.0.22.jar (1.4/2.3 MB) | quarkus-smallrye-openapi-spi-1.12.0.Final.jar (3.5 kB) | quarkus-smallrye-openapi-common-deployment-1.12.0.Final.jar (4.4 kB)Progress (3): smallrye-open-api-ui-2.0.22.jar (1.5/2.3 MB) | quarkus-smallrye-openapi-spi-1.12.0.Final.jar (3.5 kB) | quarkus-smallrye-openapi-common-deployment-1.12.0.Final.jar (4.4 kB)Progress (3): smallrye-open-api-ui-2.0.22.jar (1.5/2.3 MB) | quarkus-smallrye-openapi-spi-1.12.0.Final.jar (3.5 kB) | quarkus-smallrye-openapi-common-deployment-1.12.0.Final.jar (4.4 kB)Progress (3): smallrye-open-api-ui-2.0.22.jar (1.5/2.3 MB) | quarkus-smallrye-openapi-spi-1.12.0.Final.jar (3.5 kB) | quarkus-smallrye-openapi-common-deployment-1.12.0.Final.jar (4.4 kB)Progress (3): smallrye-open-api-ui-2.0.22.jar (1.5/2.3 MB) | quarkus-smallrye-openapi-spi-1.12.0.Final.jar (3.5 kB) | quarkus-smallrye-openapi-common-deployment-1.12.0.Final.jar (4.4 kB)Progress (3): smallrye-open-api-ui-2.0.22.jar (1.5/2.3 MB) | quarkus-smallrye-openapi-spi-1.12.0.Final.jar (3.5 kB) | quarkus-smallrye-openapi-common-deployment-1.12.0.Final.jar (4.4 kB)Progress (3): smallrye-open-api-ui-2.0.22.jar (1.5/2.3 MB) | quarkus-smallrye-openapi-spi-1.12.0.Final.jar (3.5 kB) | quarkus-smallrye-openapi-common-deployment-1.12.0.Final.jar (4.4 kB)Progress (3): smallrye-open-api-ui-2.0.22.jar (1.6/2.3 MB) | quarkus-smallrye-openapi-spi-1.12.0.Final.jar (3.5 kB) | quarkus-smallrye-openapi-common-deployment-1.12.0.Final.jar (4.4 kB)Progress (3): smallrye-open-api-ui-2.0.22.jar (1.6/2.3 MB) | quarkus-smallrye-openapi-spi-1.12.0.Final.jar (3.5 kB) | quarkus-smallrye-openapi-common-deployment-1.12.0.Final.jar (4.4 kB)Progress (3): smallrye-open-api-ui-2.0.22.jar (1.6/2.3 MB) | quarkus-smallrye-openapi-spi-1.12.0.Final.jar (3.5 kB) | quarkus-smallrye-openapi-common-deployment-1.12.0.Final.jar (4.4 kB)Progress (3): smallrye-open-api-ui-2.0.22.jar (1.6/2.3 MB) | quarkus-smallrye-openapi-spi-1.12.0.Final.jar (3.5 kB) | quarkus-smallrye-openapi-common-deployment-1.12.0.Final.jar (4.4 kB)Progress (3): smallrye-open-api-ui-2.0.22.jar (1.6/2.3 MB) | quarkus-smallrye-openapi-spi-1.12.0.Final.jar (3.5 kB) | quarkus-smallrye-openapi-common-deployment-1.12.0.Final.jar (4.4 kB)Progress (3): smallrye-open-api-ui-2.0.22.jar (1.6/2.3 MB) | quarkus-smallrye-openapi-spi-1.12.0.Final.jar (3.5 kB) | quarkus-smallrye-openapi-common-deployment-1.12.0.Final.jar (4.4 kB)Progress (3): smallrye-open-api-ui-2.0.22.jar (1.6/2.3 MB) | quarkus-smallrye-openapi-spi-1.12.0.Final.jar (3.5 kB) | quarkus-smallrye-openapi-common-deployment-1.12.0.Final.jar (4.4 kB)Progress (3): smallrye-open-api-ui-2.0.22.jar (1.7/2.3 MB) | quarkus-smallrye-openapi-spi-1.12.0.Final.jar (3.5 kB) | quarkus-smallrye-openapi-common-deployment-1.12.0.Final.jar (4.4 kB)Progress (3): smallrye-open-api-ui-2.0.22.jar (1.7/2.3 MB) | quarkus-smallrye-openapi-spi-1.12.0.Final.jar (3.5 kB) | quarkus-smallrye-openapi-common-deployment-1.12.0.Final.jar (4.4 kB)Progress (3): smallrye-open-api-ui-2.0.22.jar (1.7/2.3 MB) | quarkus-smallrye-openapi-spi-1.12.0.Final.jar (3.5 kB) | quarkus-smallrye-openapi-common-deployment-1.12.0.Final.jar (4.4 kB)Progress (3): smallrye-open-api-ui-2.0.22.jar (1.7/2.3 MB) | quarkus-smallrye-openapi-spi-1.12.0.Final.jar (3.5 kB) | quarkus-smallrye-openapi-common-deployment-1.12.0.Final.jar (4.4 kB)Progress (3): smallrye-open-api-ui-2.0.22.jar (1.7/2.3 MB) | quarkus-smallrye-openapi-spi-1.12.0.Final.jar (3.5 kB) | quarkus-smallrye-openapi-common-deployment-1.12.0.Final.jar (4.4 kB)Progress (4): smallrye-open-api-ui-2.0.22.jar (1.7/2.3 MB) | quarkus-smallrye-openapi-spi-1.12.0.Final.jar (3.5 kB) | quarkus-smallrye-openapi-common-deployment-1.12.0.Final.jar (4.4 kB) | smallrye-open-api-jaxrs-2.0.22.jar (4.1/28 kB)Progress (4): smallrye-open-api-ui-2.0.22.jar (1.7/2.3 MB) | quarkus-smallrye-openapi-spi-1.12.0.Final.jar (3.5 kB) | quarkus-smallrye-openapi-common-deployment-1.12.0.Final.jar (4.4 kB) | smallrye-open-api-jaxrs-2.0.22.jar (8.2/28 kB)Progress (4): smallrye-open-api-ui-2.0.22.jar (1.7/2.3 MB) | quarkus-smallrye-openapi-spi-1.12.0.Final.jar (3.5 kB) | quarkus-smallrye-openapi-common-deployment-1.12.0.Final.jar (4.4 kB) | smallrye-open-api-jaxrs-2.0.22.jar (12/28 kB) Progress (4): smallrye-open-api-ui-2.0.22.jar (1.7/2.3 MB) | quarkus-smallrye-openapi-spi-1.12.0.Final.jar (3.5 kB) | quarkus-smallrye-openapi-common-deployment-1.12.0.Final.jar (4.4 kB) | smallrye-open-api-jaxrs-2.0.22.jar (16/28 kB)Progress (4): smallrye-open-api-ui-2.0.22.jar (1.7/2.3 MB) | quarkus-smallrye-openapi-spi-1.12.0.Final.jar (3.5 kB) | quarkus-smallrye-openapi-common-deployment-1.12.0.Final.jar (4.4 kB) | smallrye-open-api-jaxrs-2.0.22.jar (20/28 kB)Progress (4): smallrye-open-api-ui-2.0.22.jar (1.7/2.3 MB) | quarkus-smallrye-openapi-spi-1.12.0.Final.jar (3.5 kB) | quarkus-smallrye-openapi-common-deployment-1.12.0.Final.jar (4.4 kB) | smallrye-open-api-jaxrs-2.0.22.jar (25/28 kB)Progress (4): smallrye-open-api-ui-2.0.22.jar (1.7/2.3 MB) | quarkus-smallrye-openapi-spi-1.12.0.Final.jar (3.5 kB) | quarkus-smallrye-openapi-common-deployment-1.12.0.Final.jar (4.4 kB) | smallrye-open-api-jaxrs-2.0.22.jar (28 kB)   Progress (4): smallrye-open-api-ui-2.0.22.jar (1.7/2.3 MB) | quarkus-smallrye-openapi-spi-1.12.0.Final.jar (3.5 kB) | quarkus-smallrye-openapi-common-deployment-1.12.0.Final.jar (4.4 kB) | smallrye-open-api-jaxrs-2.0.22.jar (28 kB)Progress (4): smallrye-open-api-ui-2.0.22.jar (1.8/2.3 MB) | quarkus-smallrye-openapi-spi-1.12.0.Final.jar (3.5 kB) | quarkus-smallrye-openapi-common-deployment-1.12.0.Final.jar (4.4 kB) | smallrye-open-api-jaxrs-2.0.22.jar (28 kB)Progress (4): smallrye-open-api-ui-2.0.22.jar (1.8/2.3 MB) | quarkus-smallrye-openapi-spi-1.12.0.Final.jar (3.5 kB) | quarkus-smallrye-openapi-common-deployment-1.12.0.Final.jar (4.4 kB) | smallrye-open-api-jaxrs-2.0.22.jar (28 kB)Progress (4): smallrye-open-api-ui-2.0.22.jar (1.8/2.3 MB) | quarkus-smallrye-openapi-spi-1.12.0.Final.jar (3.5 kB) | quarkus-smallrye-openapi-common-deployment-1.12.0.Final.jar (4.4 kB) | smallrye-open-api-jaxrs-2.0.22.jar (28 kB)Progress (4): smallrye-open-api-ui-2.0.22.jar (1.8/2.3 MB) | quarkus-smallrye-openapi-spi-1.12.0.Final.jar (3.5 kB) | quarkus-smallrye-openapi-common-deployment-1.12.0.Final.jar (4.4 kB) | smallrye-open-api-jaxrs-2.0.22.jar (28 kB)Progress (4): smallrye-open-api-ui-2.0.22.jar (1.8/2.3 MB) | quarkus-smallrye-openapi-spi-1.12.0.Final.jar (3.5 kB) | quarkus-smallrye-openapi-common-deployment-1.12.0.Final.jar (4.4 kB) | smallrye-open-api-jaxrs-2.0.22.jar (28 kB)Progress (4): smallrye-open-api-ui-2.0.22.jar (1.8/2.3 MB) | quarkus-smallrye-openapi-spi-1.12.0.Final.jar (3.5 kB) | quarkus-smallrye-openapi-common-deployment-1.12.0.Final.jar (4.4 kB) | smallrye-open-api-jaxrs-2.0.22.jar (28 kB)                                                                                                                                                                                                                                       Downloaded from central: https://repo.maven.apache.org/maven2/io/quarkus/quarkus-smallrye-openapi-spi/1.12.0.Final/quarkus-smallrye-openapi-spi-1.12.0.Final.jar (3.5 kB at 2.2 kB/s)
Downloading from central: https://repo.maven.apache.org/maven2/io/smallrye/smallrye-open-api-spring/2.0.22/smallrye-open-api-spring-2.0.22.jar
Progress (3): smallrye-open-api-ui-2.0.22.jar (1.9/2.3 MB) | quarkus-smallrye-openapi-common-deployment-1.12.0.Final.jar (4.4 kB) | smallrye-open-api-jaxrs-2.0.22.jar (28 kB)Progress (3): smallrye-open-api-ui-2.0.22.jar (1.9/2.3 MB) | quarkus-smallrye-openapi-common-deployment-1.12.0.Final.jar (4.4 kB) | smallrye-open-api-jaxrs-2.0.22.jar (28 kB)Progress (3): smallrye-open-api-ui-2.0.22.jar (1.9/2.3 MB) | quarkus-smallrye-openapi-common-deployment-1.12.0.Final.jar (4.4 kB) | smallrye-open-api-jaxrs-2.0.22.jar (28 kB)Progress (3): smallrye-open-api-ui-2.0.22.jar (1.9/2.3 MB) | quarkus-smallrye-openapi-common-deployment-1.12.0.Final.jar (4.4 kB) | smallrye-open-api-jaxrs-2.0.22.jar (28 kB)Progress (3): smallrye-open-api-ui-2.0.22.jar (1.9/2.3 MB) | quarkus-smallrye-openapi-common-deployment-1.12.0.Final.jar (4.4 kB) | smallrye-open-api-jaxrs-2.0.22.jar (28 kB)Progress (3): smallrye-open-api-ui-2.0.22.jar (1.9/2.3 MB) | quarkus-smallrye-openapi-common-deployment-1.12.0.Final.jar (4.4 kB) | smallrye-open-api-jaxrs-2.0.22.jar (28 kB)Progress (3): smallrye-open-api-ui-2.0.22.jar (2.0/2.3 MB) | quarkus-smallrye-openapi-common-deployment-1.12.0.Final.jar (4.4 kB) | smallrye-open-api-jaxrs-2.0.22.jar (28 kB)Progress (3): smallrye-open-api-ui-2.0.22.jar (2.0/2.3 MB) | quarkus-smallrye-openapi-common-deployment-1.12.0.Final.jar (4.4 kB) | smallrye-open-api-jaxrs-2.0.22.jar (28 kB)Progress (3): smallrye-open-api-ui-2.0.22.jar (2.0/2.3 MB) | quarkus-smallrye-openapi-common-deployment-1.12.0.Final.jar (4.4 kB) | smallrye-open-api-jaxrs-2.0.22.jar (28 kB)Progress (3): smallrye-open-api-ui-2.0.22.jar (2.0/2.3 MB) | quarkus-smallrye-openapi-common-deployment-1.12.0.Final.jar (4.4 kB) | smallrye-open-api-jaxrs-2.0.22.jar (28 kB)Progress (3): smallrye-open-api-ui-2.0.22.jar (2.0/2.3 MB) | quarkus-smallrye-openapi-common-deployment-1.12.0.Final.jar (4.4 kB) | smallrye-open-api-jaxrs-2.0.22.jar (28 kB)Progress (3): smallrye-open-api-ui-2.0.22.jar (2.0/2.3 MB) | quarkus-smallrye-openapi-common-deployment-1.12.0.Final.jar (4.4 kB) | smallrye-open-api-jaxrs-2.0.22.jar (28 kB)Progress (3): smallrye-open-api-ui-2.0.22.jar (2.1/2.3 MB) | quarkus-smallrye-openapi-common-deployment-1.12.0.Final.jar (4.4 kB) | smallrye-open-api-jaxrs-2.0.22.jar (28 kB)Progress (3): smallrye-open-api-ui-2.0.22.jar (2.1/2.3 MB) | quarkus-smallrye-openapi-common-deployment-1.12.0.Final.jar (4.4 kB) | smallrye-open-api-jaxrs-2.0.22.jar (28 kB)Progress (3): smallrye-open-api-ui-2.0.22.jar (2.1/2.3 MB) | quarkus-smallrye-openapi-common-deployment-1.12.0.Final.jar (4.4 kB) | smallrye-open-api-jaxrs-2.0.22.jar (28 kB)Progress (3): smallrye-open-api-ui-2.0.22.jar (2.1/2.3 MB) | quarkus-smallrye-openapi-common-deployment-1.12.0.Final.jar (4.4 kB) | smallrye-open-api-jaxrs-2.0.22.jar (28 kB)Progress (3): smallrye-open-api-ui-2.0.22.jar (2.1/2.3 MB) | quarkus-smallrye-openapi-common-deployment-1.12.0.Final.jar (4.4 kB) | smallrye-open-api-jaxrs-2.0.22.jar (28 kB)Progress (3): smallrye-open-api-ui-2.0.22.jar (2.1/2.3 MB) | quarkus-smallrye-openapi-common-deployment-1.12.0.Final.jar (4.4 kB) | smallrye-open-api-jaxrs-2.0.22.jar (28 kB)Progress (3): smallrye-open-api-ui-2.0.22.jar (2.2/2.3 MB) | quarkus-smallrye-openapi-common-deployment-1.12.0.Final.jar (4.4 kB) | smallrye-open-api-jaxrs-2.0.22.jar (28 kB)Progress (3): smallrye-open-api-ui-2.0.22.jar (2.2/2.3 MB) | quarkus-smallrye-openapi-common-deployment-1.12.0.Final.jar (4.4 kB) | smallrye-open-api-jaxrs-2.0.22.jar (28 kB)Progress (4): smallrye-open-api-ui-2.0.22.jar (2.2/2.3 MB) | quarkus-smallrye-openapi-common-deployment-1.12.0.Final.jar (4.4 kB) | smallrye-open-api-jaxrs-2.0.22.jar (28 kB) | quarkus-swagger-ui-deployment-1.12.0.Final.jar (4.1/18 kB)Progress (4): smallrye-open-api-ui-2.0.22.jar (2.2/2.3 MB) | quarkus-smallrye-openapi-common-deployment-1.12.0.Final.jar (4.4 kB) | smallrye-open-api-jaxrs-2.0.22.jar (28 kB) | quarkus-swagger-ui-deployment-1.12.0.Final.jar (8.2/18 kB)Progress (4): smallrye-open-api-ui-2.0.22.jar (2.2/2.3 MB) | quarkus-smallrye-openapi-common-deployment-1.12.0.Final.jar (4.4 kB) | smallrye-open-api-jaxrs-2.0.22.jar (28 kB) | quarkus-swagger-ui-deployment-1.12.0.Final.jar (12/18 kB) Progress (4): smallrye-open-api-ui-2.0.22.jar (2.2/2.3 MB) | quarkus-smallrye-openapi-common-deployment-1.12.0.Final.jar (4.4 kB) | smallrye-open-api-jaxrs-2.0.22.jar (28 kB) | quarkus-swagger-ui-deployment-1.12.0.Final.jar (12/18 kB)Progress (4): smallrye-open-api-ui-2.0.22.jar (2.2/2.3 MB) | quarkus-smallrye-openapi-common-deployment-1.12.0.Final.jar (4.4 kB) | smallrye-open-api-jaxrs-2.0.22.jar (28 kB) | quarkus-swagger-ui-deployment-1.12.0.Final.jar (16/18 kB)Progress (4): smallrye-open-api-ui-2.0.22.jar (2.2/2.3 MB) | quarkus-smallrye-openapi-common-deployment-1.12.0.Final.jar (4.4 kB) | smallrye-open-api-jaxrs-2.0.22.jar (28 kB) | quarkus-swagger-ui-deployment-1.12.0.Final.jar (18 kB)   Progress (4): smallrye-open-api-ui-2.0.22.jar (2.2/2.3 MB) | quarkus-smallrye-openapi-common-deployment-1.12.0.Final.jar (4.4 kB) | smallrye-open-api-jaxrs-2.0.22.jar (28 kB) | quarkus-swagger-ui-deployment-1.12.0.Final.jar (18 kB)Progress (4): smallrye-open-api-ui-2.0.22.jar (2.2/2.3 MB) | quarkus-smallrye-openapi-common-deployment-1.12.0.Final.jar (4.4 kB) | smallrye-open-api-jaxrs-2.0.22.jar (28 kB) | quarkus-swagger-ui-deployment-1.12.0.Final.jar (18 kB)Progress (4): smallrye-open-api-ui-2.0.22.jar (2.2/2.3 MB) | quarkus-smallrye-openapi-common-deployment-1.12.0.Final.jar (4.4 kB) | smallrye-open-api-jaxrs-2.0.22.jar (28 kB) | quarkus-swagger-ui-deployment-1.12.0.Final.jar (18 kB)Progress (5): smallrye-open-api-ui-2.0.22.jar (2.2/2.3 MB) | quarkus-smallrye-openapi-common-deployment-1.12.0.Final.jar (4.4 kB) | smallrye-open-api-jaxrs-2.0.22.jar (28 kB) | quarkus-swagger-ui-deployment-1.12.0.Final.jar (18 kB) | smallrye-open-api-spring-2.0.22.jar (2.7/20 kB)                                                                                                                                                                                                                                                                                         Downloaded from central: https://repo.maven.apache.org/maven2/io/smallrye/smallrye-open-api-jaxrs/2.0.22/smallrye-open-api-jaxrs-2.0.22.jar (28 kB at 17 kB/s)
Downloading from central: https://repo.maven.apache.org/maven2/io/smallrye/smallrye-open-api-vertx/2.0.22/smallrye-open-api-vertx-2.0.22.jar
Progress (4): smallrye-open-api-ui-2.0.22.jar (2.2/2.3 MB) | quarkus-smallrye-openapi-common-deployment-1.12.0.Final.jar (4.4 kB) | quarkus-swagger-ui-deployment-1.12.0.Final.jar (18 kB) | smallrye-open-api-spring-2.0.22.jar (5.5/20 kB)Progress (4): smallrye-open-api-ui-2.0.22.jar (2.2/2.3 MB) | quarkus-smallrye-openapi-common-deployment-1.12.0.Final.jar (4.4 kB) | quarkus-swagger-ui-deployment-1.12.0.Final.jar (18 kB) | smallrye-open-api-spring-2.0.22.jar (8.2/20 kB)Progress (4): smallrye-open-api-ui-2.0.22.jar (2.3/2.3 MB) | quarkus-smallrye-openapi-common-deployment-1.12.0.Final.jar (4.4 kB) | quarkus-swagger-ui-deployment-1.12.0.Final.jar (18 kB) | smallrye-open-api-spring-2.0.22.jar (8.2/20 kB)Progress (4): smallrye-open-api-ui-2.0.22.jar (2.3/2.3 MB) | quarkus-smallrye-openapi-common-deployment-1.12.0.Final.jar (4.4 kB) | quarkus-swagger-ui-deployment-1.12.0.Final.jar (18 kB) | smallrye-open-api-spring-2.0.22.jar (11/20 kB) Progress (4): smallrye-open-api-ui-2.0.22.jar (2.3/2.3 MB) | quarkus-smallrye-openapi-common-deployment-1.12.0.Final.jar (4.4 kB) | quarkus-swagger-ui-deployment-1.12.0.Final.jar (18 kB) | smallrye-open-api-spring-2.0.22.jar (14/20 kB)Progress (4): smallrye-open-api-ui-2.0.22.jar (2.3 MB) | quarkus-smallrye-openapi-common-deployment-1.12.0.Final.jar (4.4 kB) | quarkus-swagger-ui-deployment-1.12.0.Final.jar (18 kB) | smallrye-open-api-spring-2.0.22.jar (14/20 kB)    Progress (4): smallrye-open-api-ui-2.0.22.jar (2.3 MB) | quarkus-smallrye-openapi-common-deployment-1.12.0.Final.jar (4.4 kB) | quarkus-swagger-ui-deployment-1.12.0.Final.jar (18 kB) | smallrye-open-api-spring-2.0.22.jar (16/20 kB)Progress (4): smallrye-open-api-ui-2.0.22.jar (2.3 MB) | quarkus-smallrye-openapi-common-deployment-1.12.0.Final.jar (4.4 kB) | quarkus-swagger-ui-deployment-1.12.0.Final.jar (18 kB) | smallrye-open-api-spring-2.0.22.jar (19/20 kB)Progress (4): smallrye-open-api-ui-2.0.22.jar (2.3 MB) | quarkus-smallrye-openapi-common-deployment-1.12.0.Final.jar (4.4 kB) | quarkus-swagger-ui-deployment-1.12.0.Final.jar (18 kB) | smallrye-open-api-spring-2.0.22.jar (20 kB)   Progress (5): smallrye-open-api-ui-2.0.22.jar (2.3 MB) | quarkus-smallrye-openapi-common-deployment-1.12.0.Final.jar (4.4 kB) | quarkus-swagger-ui-deployment-1.12.0.Final.jar (18 kB) | smallrye-open-api-spring-2.0.22.jar (20 kB) | smallrye-open-api-vertx-2.0.22.jar (4.1/20 kB)Progress (5): smallrye-open-api-ui-2.0.22.jar (2.3 MB) | quarkus-smallrye-openapi-common-deployment-1.12.0.Final.jar (4.4 kB) | quarkus-swagger-ui-deployment-1.12.0.Final.jar (18 kB) | smallrye-open-api-spring-2.0.22.jar (20 kB) | smallrye-open-api-vertx-2.0.22.jar (8.2/20 kB)Progress (5): smallrye-open-api-ui-2.0.22.jar (2.3 MB) | quarkus-smallrye-openapi-common-deployment-1.12.0.Final.jar (4.4 kB) | quarkus-swagger-ui-deployment-1.12.0.Final.jar (18 kB) | smallrye-open-api-spring-2.0.22.jar (20 kB) | smallrye-open-api-vertx-2.0.22.jar (12/20 kB)                                                                                                                                                                                                                                                                                     Downloaded from central: https://repo.maven.apache.org/maven2/io/smallrye/smallrye-open-api-ui/2.0.22/smallrye-open-api-ui-2.0.22.jar (2.3 MB at 1.3 MB/s)
Downloading from central: https://repo.maven.apache.org/maven2/io/quarkus/quarkus-smallrye-openapi-deployment/1.12.0.Final/quarkus-smallrye-openapi-deployment-1.12.0.Final.jar
Progress (4): quarkus-smallrye-openapi-common-deployment-1.12.0.Final.jar (4.4 kB) | quarkus-swagger-ui-deployment-1.12.0.Final.jar (18 kB) | smallrye-open-api-spring-2.0.22.jar (20 kB) | smallrye-open-api-vertx-2.0.22.jar (16/20 kB)Progress (4): quarkus-smallrye-openapi-common-deployment-1.12.0.Final.jar (4.4 kB) | quarkus-swagger-ui-deployment-1.12.0.Final.jar (18 kB) | smallrye-open-api-spring-2.0.22.jar (20 kB) | smallrye-open-api-vertx-2.0.22.jar (20 kB)                                                                                                                                                                                                                                         Downloaded from central: https://repo.maven.apache.org/maven2/io/smallrye/smallrye-open-api-spring/2.0.22/smallrye-open-api-spring-2.0.22.jar (20 kB at 12 kB/s)
Downloading from central: https://repo.maven.apache.org/maven2/io/quarkus/quarkus-smallrye-health-spi/1.12.0.Final/quarkus-smallrye-health-spi-1.12.0.Final.jar
Downloaded from central: https://repo.maven.apache.org/maven2/io/smallrye/smallrye-open-api-vertx/2.0.22/smallrye-open-api-vertx-2.0.22.jar (20 kB at 12 kB/s)
Downloading from central: https://repo.maven.apache.org/maven2/io/smallrye/smallrye-health-ui/2.2.5/smallrye-health-ui-2.2.5.jar
Progress (3): quarkus-smallrye-openapi-common-deployment-1.12.0.Final.jar (4.4 kB) | quarkus-swagger-ui-deployment-1.12.0.Final.jar (18 kB) | smallrye-health-ui-2.2.5.jar (4.1/85 kB)Progress (3): quarkus-smallrye-openapi-common-deployment-1.12.0.Final.jar (4.4 kB) | quarkus-swagger-ui-deployment-1.12.0.Final.jar (18 kB) | smallrye-health-ui-2.2.5.jar (8.2/85 kB)Progress (3): quarkus-smallrye-openapi-common-deployment-1.12.0.Final.jar (4.4 kB) | quarkus-swagger-ui-deployment-1.12.0.Final.jar (18 kB) | smallrye-health-ui-2.2.5.jar (12/85 kB) Progress (3): quarkus-smallrye-openapi-common-deployment-1.12.0.Final.jar (4.4 kB) | quarkus-swagger-ui-deployment-1.12.0.Final.jar (18 kB) | smallrye-health-ui-2.2.5.jar (16/85 kB)Progress (3): quarkus-smallrye-openapi-common-deployment-1.12.0.Final.jar (4.4 kB) | quarkus-swagger-ui-deployment-1.12.0.Final.jar (18 kB) | smallrye-health-ui-2.2.5.jar (20/85 kB)Progress (3): quarkus-smallrye-openapi-common-deployment-1.12.0.Final.jar (4.4 kB) | quarkus-swagger-ui-deployment-1.12.0.Final.jar (18 kB) | smallrye-health-ui-2.2.5.jar (25/85 kB)Progress (3): quarkus-smallrye-openapi-common-deployment-1.12.0.Final.jar (4.4 kB) | quarkus-swagger-ui-deployment-1.12.0.Final.jar (18 kB) | smallrye-health-ui-2.2.5.jar (29/85 kB)Progress (3): quarkus-smallrye-openapi-common-deployment-1.12.0.Final.jar (4.4 kB) | quarkus-swagger-ui-deployment-1.12.0.Final.jar (18 kB) | smallrye-health-ui-2.2.5.jar (33/85 kB)Progress (3): quarkus-smallrye-openapi-common-deployment-1.12.0.Final.jar (4.4 kB) | quarkus-swagger-ui-deployment-1.12.0.Final.jar (18 kB) | smallrye-health-ui-2.2.5.jar (37/85 kB)Progress (3): quarkus-smallrye-openapi-common-deployment-1.12.0.Final.jar (4.4 kB) | quarkus-swagger-ui-deployment-1.12.0.Final.jar (18 kB) | smallrye-health-ui-2.2.5.jar (41/85 kB)Progress (3): quarkus-smallrye-openapi-common-deployment-1.12.0.Final.jar (4.4 kB) | quarkus-swagger-ui-deployment-1.12.0.Final.jar (18 kB) | smallrye-health-ui-2.2.5.jar (45/85 kB)Progress (3): quarkus-smallrye-openapi-common-deployment-1.12.0.Final.jar (4.4 kB) | quarkus-swagger-ui-deployment-1.12.0.Final.jar (18 kB) | smallrye-health-ui-2.2.5.jar (49/85 kB)Progress (3): quarkus-smallrye-openapi-common-deployment-1.12.0.Final.jar (4.4 kB) | quarkus-swagger-ui-deployment-1.12.0.Final.jar (18 kB) | smallrye-health-ui-2.2.5.jar (53/85 kB)Progress (3): quarkus-smallrye-openapi-common-deployment-1.12.0.Final.jar (4.4 kB) | quarkus-swagger-ui-deployment-1.12.0.Final.jar (18 kB) | smallrye-health-ui-2.2.5.jar (57/85 kB)Progress (3): quarkus-smallrye-openapi-common-deployment-1.12.0.Final.jar (4.4 kB) | quarkus-swagger-ui-deployment-1.12.0.Final.jar (18 kB) | smallrye-health-ui-2.2.5.jar (61/85 kB)Progress (3): quarkus-smallrye-openapi-common-deployment-1.12.0.Final.jar (4.4 kB) | quarkus-swagger-ui-deployment-1.12.0.Final.jar (18 kB) | smallrye-health-ui-2.2.5.jar (66/85 kB)Progress (3): quarkus-smallrye-openapi-common-deployment-1.12.0.Final.jar (4.4 kB) | quarkus-swagger-ui-deployment-1.12.0.Final.jar (18 kB) | smallrye-health-ui-2.2.5.jar (70/85 kB)Progress (3): quarkus-smallrye-openapi-common-deployment-1.12.0.Final.jar (4.4 kB) | quarkus-swagger-ui-deployment-1.12.0.Final.jar (18 kB) | smallrye-health-ui-2.2.5.jar (74/85 kB)Progress (3): quarkus-smallrye-openapi-common-deployment-1.12.0.Final.jar (4.4 kB) | quarkus-swagger-ui-deployment-1.12.0.Final.jar (18 kB) | smallrye-health-ui-2.2.5.jar (78/85 kB)Progress (3): quarkus-smallrye-openapi-common-deployment-1.12.0.Final.jar (4.4 kB) | quarkus-swagger-ui-deployment-1.12.0.Final.jar (18 kB) | smallrye-health-ui-2.2.5.jar (82/85 kB)Progress (3): quarkus-smallrye-openapi-common-deployment-1.12.0.Final.jar (4.4 kB) | quarkus-swagger-ui-deployment-1.12.0.Final.jar (18 kB) | smallrye-health-ui-2.2.5.jar (85 kB)                                                                                                                                                                                     Downloaded from central: https://repo.maven.apache.org/maven2/io/smallrye/smallrye-health-ui/2.2.5/smallrye-health-ui-2.2.5.jar (85 kB at 49 kB/s)
Downloading from central: https://repo.maven.apache.org/maven2/io/quarkus/quarkus-smallrye-health-deployment/1.12.0.Final/quarkus-smallrye-health-deployment-1.12.0.Final.jar
Downloaded from central: https://repo.maven.apache.org/maven2/io/quarkus/quarkus-smallrye-openapi-common-deployment/1.12.0.Final/quarkus-smallrye-openapi-common-deployment-1.12.0.Final.jar (4.4 kB at 2.5 kB/s)
Downloading from central: https://repo.maven.apache.org/maven2/io/quarkus/quarkus-smallrye-metrics-spi/1.12.0.Final/quarkus-smallrye-metrics-spi-1.12.0.Final.jar
Downloaded from central: https://repo.maven.apache.org/maven2/io/quarkus/quarkus-swagger-ui-deployment/1.12.0.Final/quarkus-swagger-ui-deployment-1.12.0.Final.jar (18 kB at 10 kB/s)
Downloading from central: https://repo.maven.apache.org/maven2/io/quarkus/quarkus-smallrye-metrics-deployment/1.12.0.Final/quarkus-smallrye-metrics-deployment-1.12.0.Final.jar
Progress (1): quarkus-smallrye-health-spi-1.12.0.Final.jar (2.7/3.6 kB)Progress (1): quarkus-smallrye-health-spi-1.12.0.Final.jar (3.6 kB)    Progress (2): quarkus-smallrye-health-spi-1.12.0.Final.jar (3.6 kB) | quarkus-smallrye-health-deployment-1.12.0.Final.jar (4.1/25 kB)Progress (2): quarkus-smallrye-health-spi-1.12.0.Final.jar (3.6 kB) | quarkus-smallrye-health-deployment-1.12.0.Final.jar (8.2/25 kB)Progress (2): quarkus-smallrye-health-spi-1.12.0.Final.jar (3.6 kB) | quarkus-smallrye-health-deployment-1.12.0.Final.jar (12/25 kB) Progress (2): quarkus-smallrye-health-spi-1.12.0.Final.jar (3.6 kB) | quarkus-smallrye-health-deployment-1.12.0.Final.jar (16/25 kB)Progress (2): quarkus-smallrye-health-spi-1.12.0.Final.jar (3.6 kB) | quarkus-smallrye-health-deployment-1.12.0.Final.jar (20/25 kB)Progress (2): quarkus-smallrye-health-spi-1.12.0.Final.jar (3.6 kB) | quarkus-smallrye-health-deployment-1.12.0.Final.jar (25/25 kB)Progress (2): quarkus-smallrye-health-spi-1.12.0.Final.jar (3.6 kB) | quarkus-smallrye-health-deployment-1.12.0.Final.jar (25 kB)   Progress (3): quarkus-smallrye-health-spi-1.12.0.Final.jar (3.6 kB) | quarkus-smallrye-health-deployment-1.12.0.Final.jar (25 kB) | quarkus-smallrye-metrics-spi-1.12.0.Final.jar (4.1/6.2 kB)Progress (3): quarkus-smallrye-health-spi-1.12.0.Final.jar (3.6 kB) | quarkus-smallrye-health-deployment-1.12.0.Final.jar (25 kB) | quarkus-smallrye-metrics-spi-1.12.0.Final.jar (6.2 kB)    Progress (4): quarkus-smallrye-health-spi-1.12.0.Final.jar (3.6 kB) | quarkus-smallrye-health-deployment-1.12.0.Final.jar (25 kB) | quarkus-smallrye-metrics-spi-1.12.0.Final.jar (6.2 kB) | quarkus-smallrye-openapi-deployment-1.12.0.Final.jar (4.1/21 kB)Progress (4): quarkus-smallrye-health-spi-1.12.0.Final.jar (3.6 kB) | quarkus-smallrye-health-deployment-1.12.0.Final.jar (25 kB) | quarkus-smallrye-metrics-spi-1.12.0.Final.jar (6.2 kB) | quarkus-smallrye-openapi-deployment-1.12.0.Final.jar (8.2/21 kB)Progress (4): quarkus-smallrye-health-spi-1.12.0.Final.jar (3.6 kB) | quarkus-smallrye-health-deployment-1.12.0.Final.jar (25 kB) | quarkus-smallrye-metrics-spi-1.12.0.Final.jar (6.2 kB) | quarkus-smallrye-openapi-deployment-1.12.0.Final.jar (12/21 kB) Progress (4): quarkus-smallrye-health-spi-1.12.0.Final.jar (3.6 kB) | quarkus-smallrye-health-deployment-1.12.0.Final.jar (25 kB) | quarkus-smallrye-metrics-spi-1.12.0.Final.jar (6.2 kB) | quarkus-smallrye-openapi-deployment-1.12.0.Final.jar (16/21 kB)Progress (4): quarkus-smallrye-health-spi-1.12.0.Final.jar (3.6 kB) | quarkus-smallrye-health-deployment-1.12.0.Final.jar (25 kB) | quarkus-smallrye-metrics-spi-1.12.0.Final.jar (6.2 kB) | quarkus-smallrye-openapi-deployment-1.12.0.Final.jar (20/21 kB)Progress (4): quarkus-smallrye-health-spi-1.12.0.Final.jar (3.6 kB) | quarkus-smallrye-health-deployment-1.12.0.Final.jar (25 kB) | quarkus-smallrye-metrics-spi-1.12.0.Final.jar (6.2 kB) | quarkus-smallrye-openapi-deployment-1.12.0.Final.jar (21 kB)   Progress (5): quarkus-smallrye-health-spi-1.12.0.Final.jar (3.6 kB) | quarkus-smallrye-health-deployment-1.12.0.Final.jar (25 kB) | quarkus-smallrye-metrics-spi-1.12.0.Final.jar (6.2 kB) | quarkus-smallrye-openapi-deployment-1.12.0.Final.jar (21 kB) | quarkus-smallrye-metrics-deployment-1.12.0.Final.jar (4.1/34 kB)Progress (5): quarkus-smallrye-health-spi-1.12.0.Final.jar (3.6 kB) | quarkus-smallrye-health-deployment-1.12.0.Final.jar (25 kB) | quarkus-smallrye-metrics-spi-1.12.0.Final.jar (6.2 kB) | quarkus-smallrye-openapi-deployment-1.12.0.Final.jar (21 kB) | quarkus-smallrye-metrics-deployment-1.12.0.Final.jar (8.2/34 kB)Progress (5): quarkus-smallrye-health-spi-1.12.0.Final.jar (3.6 kB) | quarkus-smallrye-health-deployment-1.12.0.Final.jar (25 kB) | quarkus-smallrye-metrics-spi-1.12.0.Final.jar (6.2 kB) | quarkus-smallrye-openapi-deployment-1.12.0.Final.jar (21 kB) | quarkus-smallrye-metrics-deployment-1.12.0.Final.jar (12/34 kB) Progress (5): quarkus-smallrye-health-spi-1.12.0.Final.jar (3.6 kB) | quarkus-smallrye-health-deployment-1.12.0.Final.jar (25 kB) | quarkus-smallrye-metrics-spi-1.12.0.Final.jar (6.2 kB) | quarkus-smallrye-openapi-deployment-1.12.0.Final.jar (21 kB) | quarkus-smallrye-metrics-deployment-1.12.0.Final.jar (16/34 kB)Progress (5): quarkus-smallrye-health-spi-1.12.0.Final.jar (3.6 kB) | quarkus-smallrye-health-deployment-1.12.0.Final.jar (25 kB) | quarkus-smallrye-metrics-spi-1.12.0.Final.jar (6.2 kB) | quarkus-smallrye-openapi-deployment-1.12.0.Final.jar (21 kB) | quarkus-smallrye-metrics-deployment-1.12.0.Final.jar (20/34 kB)Progress (5): quarkus-smallrye-health-spi-1.12.0.Final.jar (3.6 kB) | quarkus-smallrye-health-deployment-1.12.0.Final.jar (25 kB) | quarkus-smallrye-metrics-spi-1.12.0.Final.jar (6.2 kB) | quarkus-smallrye-openapi-deployment-1.12.0.Final.jar (21 kB) | quarkus-smallrye-metrics-deployment-1.12.0.Final.jar (25/34 kB)Progress (5): quarkus-smallrye-health-spi-1.12.0.Final.jar (3.6 kB) | quarkus-smallrye-health-deployment-1.12.0.Final.jar (25 kB) | quarkus-smallrye-metrics-spi-1.12.0.Final.jar (6.2 kB) | quarkus-smallrye-openapi-deployment-1.12.0.Final.jar (21 kB) | quarkus-smallrye-metrics-deployment-1.12.0.Final.jar (29/34 kB)Progress (5): quarkus-smallrye-health-spi-1.12.0.Final.jar (3.6 kB) | quarkus-smallrye-health-deployment-1.12.0.Final.jar (25 kB) | quarkus-smallrye-metrics-spi-1.12.0.Final.jar (6.2 kB) | quarkus-smallrye-openapi-deployment-1.12.0.Final.jar (21 kB) | quarkus-smallrye-metrics-deployment-1.12.0.Final.jar (33/34 kB)Progress (5): quarkus-smallrye-health-spi-1.12.0.Final.jar (3.6 kB) | quarkus-smallrye-health-deployment-1.12.0.Final.jar (25 kB) | quarkus-smallrye-metrics-spi-1.12.0.Final.jar (6.2 kB) | quarkus-smallrye-openapi-deployment-1.12.0.Final.jar (21 kB) | quarkus-smallrye-metrics-deployment-1.12.0.Final.jar (34 kB)                                                                                                                                                                                                                                                                                                                           Downloaded from central: https://repo.maven.apache.org/maven2/io/quarkus/quarkus-smallrye-health-spi/1.12.0.Final/quarkus-smallrye-health-spi-1.12.0.Final.jar (3.6 kB at 1.9 kB/s)
Downloaded from central: https://repo.maven.apache.org/maven2/io/quarkus/quarkus-smallrye-metrics-spi/1.12.0.Final/quarkus-smallrye-metrics-spi-1.12.0.Final.jar (6.2 kB at 3.2 kB/s)
Downloaded from central: https://repo.maven.apache.org/maven2/io/quarkus/quarkus-smallrye-openapi-deployment/1.12.0.Final/quarkus-smallrye-openapi-deployment-1.12.0.Final.jar (21 kB at 10 kB/s)
Downloaded from central: https://repo.maven.apache.org/maven2/io/quarkus/quarkus-smallrye-health-deployment/1.12.0.Final/quarkus-smallrye-health-deployment-1.12.0.Final.jar (25 kB at 13 kB/s)
Downloaded from central: https://repo.maven.apache.org/maven2/io/quarkus/quarkus-smallrye-metrics-deployment/1.12.0.Final/quarkus-smallrye-metrics-deployment-1.12.0.Final.jar (34 kB at 17 kB/s)
Downloading from central: https://repo.maven.apache.org/maven2/io/quarkus/quarkus-bom-quarkus-platform-properties/1.12.0.Final/quarkus-bom-quarkus-platform-properties-1.12.0.Final.properties
Progress (1): quarkus-bom-quarkus-platform-properties-1.12.0.Final.properties (92 B)                                                                                    Downloaded from central: https://repo.maven.apache.org/maven2/io/quarkus/quarkus-bom-quarkus-platform-properties/1.12.0.Final/quarkus-bom-quarkus-platform-properties-1.12.0.Final.properties (92 B at 425 B/s)
]]></system-out>
  </testcase>
  <testcase name="shouldAddAnItem" classname="io.quarkus.workshop.superheroes.villain.VillainResourceTest" time="0">
    <skipped message="Boot failed" type="org.opentest4j.TestAbortedException">org.opentest4j.TestAbortedException: Boot failed
</skipped>
  </testcase>
  <testcase name="testUpdatingAnItem" classname="io.quarkus.workshop.superheroes.villain.VillainResourceTest" time="0">
    <skipped message="Boot failed" type="org.opentest4j.TestAbortedException">org.opentest4j.TestAbortedException: Boot failed
</skipped>
  </testcase>
  <testcase name="shouldRemoveAnItem" classname="io.quarkus.workshop.superheroes.villain.VillainResourceTest" time="0">
    <skipped message="Boot failed" type="org.opentest4j.TestAbortedException">org.opentest4j.TestAbortedException: Boot failed
</skipped>
  </testcase>
  <testcase name="shouldGetRandomVillain" classname="io.quarkus.workshop.superheroes.villain.VillainResourceTest" time="0">
    <skipped message="Boot failed" type="org.opentest4j.TestAbortedException">org.opentest4j.TestAbortedException: Boot failed
</skipped>
  </testcase>
  <testcase name="shouldPingSwaggerUI" classname="io.quarkus.workshop.superheroes.villain.VillainResourceTest" time="0">
    <skipped message="Boot failed" type="org.opentest4j.TestAbortedException">org.opentest4j.TestAbortedException: Boot failed
</skipped>
  </testcase>
  <testcase name="shouldPingMetrics" classname="io.quarkus.workshop.superheroes.villain.VillainResourceTest" time="0">
    <skipped message="Boot failed" type="org.opentest4j.TestAbortedException">org.opentest4j.TestAbortedException: Boot failed
</skipped>
  </testcase>
  <testcase name="shouldPingReadiness" classname="io.quarkus.workshop.superheroes.villain.VillainResourceTest" time="0">
    <skipped message="Boot failed" type="org.opentest4j.TestAbortedException">org.opentest4j.TestAbortedException: Boot failed
</skipped>
  </testcase>
  <testcase name="shouldNotAddInvalidItem" classname="io.quarkus.workshop.superheroes.villain.VillainResourceTest" time="0">
    <skipped message="Boot failed" type="org.opentest4j.TestAbortedException">org.opentest4j.TestAbortedException: Boot failed
</skipped>
  </testcase>
  <testcase name="shouldPingLiveness" classname="io.quarkus.workshop.superheroes.villain.VillainResourceTest" time="0">
    <skipped message="Boot failed" type="org.opentest4j.TestAbortedException">org.opentest4j.TestAbortedException: Boot failed
</skipped>
  </testcase>
  <testcase name="shouldNotGetUnknownVillain" classname="io.quarkus.workshop.superheroes.villain.VillainResourceTest" time="0">
    <skipped message="Boot failed" type="org.opentest4j.TestAbortedException">org.opentest4j.TestAbortedException: Boot failed
</skipped>
  </testcase>
  <testcase name="testHelloEndpoint" classname="io.quarkus.workshop.superheroes.villain.VillainResourceTest" time="0">
    <skipped message="Boot failed" type="org.opentest4j.TestAbortedException">org.opentest4j.TestAbortedException: Boot failed
</skipped>
  </testcase>
  <testcase name="shouldPingOpenAPI" classname="io.quarkus.workshop.superheroes.villain.VillainResourceTest" time="0">
    <skipped message="Boot failed" type="org.opentest4j.TestAbortedException">org.opentest4j.TestAbortedException: Boot failed
</skipped>
  </testcase>
</testsuite>